[1.984s] DEBUG:colcon:Command line arguments: ['/usr/bin/colcon', 'build', '--packages-select', 'ads_example_package']
[1.985s] DEBUG:colcon:Parsed command line arguments: Namespace(log_base=None, log_level=None, verb_name='build', build_base='build', install_base='install', merge_install=False, symlink_install=False, test_result_base=None, continue_on_error=False, executor='parallel', parallel_workers=3, event_handlers=None, ignore_user_meta=False, metas=['./colcon.meta'], base_paths=['.'], packages_ignore=None, packages_ignore_regex=None, paths=None, packages_up_to=None, packages_up_to_regex=None, packages_above=None, packages_above_and_dependencies=None, packages_above_depth=None, packages_select_by_dep=None, packages_skip_by_dep=None, packages_skip_up_to=None, packages_select_build_failed=False, packages_skip_build_finished=False, packages_select_test_failures=False, packages_skip_test_passed=False, packages_select=['ads_example_package'], packages_skip=None, packages_select_regex=None, packages_skip_regex=None, packages_start=None, packages_end=None, allow_overriding=[], cmake_args=None, cmake_target=None, cmake_target_skip_unavailable=False, cmake_clean_cache=False, cmake_clean_first=False, cmake_force_configure=False, ament_cmake_args=None, catkin_cmake_args=None, catkin_skip_building_tests=False, verb_parser=<colcon_defaults.argument_parser.defaults.DefaultArgumentsDecorator object at 0x7f85a02c9ae0>, verb_extension=<colcon_core.verb.build.BuildVerb object at 0x7f85a02c9570>, main=<bound method BuildVerb.main of <colcon_core.verb.build.BuildVerb object at 0x7f85a02c9570>>)
[2.091s] Level 1:colcon.colcon_core.package_discovery:discover_packages(colcon_meta) check parameters
[2.091s] Level 1:colcon.colcon_core.package_discovery:discover_packages(recursive) check parameters
[2.092s] Level 1:colcon.colcon_core.package_discovery:discover_packages(ignore) check parameters
[2.092s] Level 1:colcon.colcon_core.package_discovery:discover_packages(path) check parameters
[2.092s] Level 1:colcon.colcon_core.package_discovery:discover_packages(colcon_meta) discover
[2.092s] Level 1:colcon.colcon_core.package_discovery:discover_packages(recursive) discover
[2.092s] INFO:colcon.colcon_core.package_discovery:Crawling recursively for packages in '/home/nils/Desktop/oblig3_ws'
[2.093s] Level 1:colcon.colcon_core.package_identification:_identify(.) by extensions ['ignore', 'ignore_ament_install']
[2.093s] Level 1:colcon.colcon_core.package_identification:_identify(.) by extension 'ignore'
[2.093s] Level 1:colcon.colcon_core.package_identification:_identify(.) by extension 'ignore_ament_install'
[2.094s] Level 1:colcon.colcon_core.package_identification:_identify(.) by extensions ['colcon_pkg']
[2.094s] Level 1:colcon.colcon_core.package_identification:_identify(.) by extension 'colcon_pkg'
[2.094s] Level 1:colcon.colcon_core.package_identification:_identify(.) by extensions ['colcon_meta']
[2.094s] Level 1:colcon.colcon_core.package_identification:_identify(.) by extension 'colcon_meta'
[2.095s] Level 1:colcon.colcon_core.package_identification:_identify(.) by extensions ['ros']
[2.095s] Level 1:colcon.colcon_core.package_identification:_identify(.) by extension 'ros'
[2.151s] Level 1:colcon.colcon_core.package_identification:_identify(.) by extensions ['cmake', 'python']
[2.151s] Level 1:colcon.colcon_core.package_identification:_identify(.) by extension 'cmake'
[2.151s] Level 1:colcon.colcon_core.package_identification:_identify(.) by extension 'python'
[2.151s] Level 1:colcon.colcon_core.package_identification:_identify(.) by extensions ['python_setup_py']
[2.151s] Level 1:colcon.colcon_core.package_identification:_identify(.) by extension 'python_setup_py'
[2.152s] Level 1:colcon.colcon_core.package_identification:_identify(build) by extensions ['ignore', 'ignore_ament_install']
[2.152s] Level 1:colcon.colcon_core.package_identification:_identify(build) by extension 'ignore'
[2.153s] Level 1:colcon.colcon_core.package_identification:_identify(build) ignored
[2.153s] Level 1:colcon.colcon_core.package_identification:_identify(install) by extensions ['ignore', 'ignore_ament_install']
[2.153s] Level 1:colcon.colcon_core.package_identification:_identify(install) by extension 'ignore'
[2.154s] Level 1:colcon.colcon_core.package_identification:_identify(install) ignored
[2.154s] Level 1:colcon.colcon_core.package_identification:_identify(log) by extensions ['ignore', 'ignore_ament_install']
[2.154s] Level 1:colcon.colcon_core.package_identification:_identify(log) by extension 'ignore'
[2.154s] Level 1:colcon.colcon_core.package_identification:_identify(log) ignored
[2.155s] Level 1:colcon.colcon_core.package_identification:_identify(src) by extensions ['ignore', 'ignore_ament_install']
[2.155s] Level 1:colcon.colcon_core.package_identification:_identify(src) by extension 'ignore'
[2.155s] Level 1:colcon.colcon_core.package_identification:_identify(src) by extension 'ignore_ament_install'
[2.155s] Level 1:colcon.colcon_core.package_identification:_identify(src) by extensions ['colcon_pkg']
[2.156s] Level 1:colcon.colcon_core.package_identification:_identify(src) by extension 'colcon_pkg'
[2.156s] Level 1:colcon.colcon_core.package_identification:_identify(src) by extensions ['colcon_meta']
[2.156s] Level 1:colcon.colcon_core.package_identification:_identify(src) by extension 'colcon_meta'
[2.156s] Level 1:colcon.colcon_core.package_identification:_identify(src) by extensions ['ros']
[2.156s] Level 1:colcon.colcon_core.package_identification:_identify(src) by extension 'ros'
[2.157s] Level 1:colcon.colcon_core.package_identification:_identify(src) by extensions ['cmake', 'python']
[2.157s] Level 1:colcon.colcon_core.package_identification:_identify(src) by extension 'cmake'
[2.157s] Level 1:colcon.colcon_core.package_identification:_identify(src) by extension 'python'
[2.157s] Level 1:colcon.colcon_core.package_identification:_identify(src) by extensions ['python_setup_py']
[2.157s] Level 1:colcon.colcon_core.package_identification:_identify(src) by extension 'python_setup_py'
[2.158s] Level 1:colcon.colcon_core.package_identification:_identify(src/crane_controller) by extensions ['ignore', 'ignore_ament_install']
[2.158s] Level 1:colcon.colcon_core.package_identification:_identify(src/crane_controller) by extension 'ignore'
[2.158s] Level 1:colcon.colcon_core.package_identification:_identify(src/crane_controller) by extension 'ignore_ament_install'
[2.158s] Level 1:colcon.colcon_core.package_identification:_identify(src/crane_controller) by extensions ['colcon_pkg']
[2.159s] Level 1:colcon.colcon_core.package_identification:_identify(src/crane_controller) by extension 'colcon_pkg'
[2.159s] Level 1:colcon.colcon_core.package_identification:_identify(src/crane_controller) by extensions ['colcon_meta']
[2.159s] Level 1:colcon.colcon_core.package_identification:_identify(src/crane_controller) by extension 'colcon_meta'
[2.159s] Level 1:colcon.colcon_core.package_identification:_identify(src/crane_controller) by extensions ['ros']
[2.159s] Level 1:colcon.colcon_core.package_identification:_identify(src/crane_controller) by extension 'ros'
[2.177s] DEBUG:colcon.colcon_core.package_identification:Package 'src/crane_controller' with type 'ros.ament_cmake' and name 'crane_controller'
[2.177s] Level 1:colcon.colcon_core.package_identification:_identify(src/crane_interfaces) by extensions ['ignore', 'ignore_ament_install']
[2.178s] Level 1:colcon.colcon_core.package_identification:_identify(src/crane_interfaces) by extension 'ignore'
[2.178s] Level 1:colcon.colcon_core.package_identification:_identify(src/crane_interfaces) by extension 'ignore_ament_install'
[2.178s] Level 1:colcon.colcon_core.package_identification:_identify(src/crane_interfaces) by extensions ['colcon_pkg']
[2.178s] Level 1:colcon.colcon_core.package_identification:_identify(src/crane_interfaces) by extension 'colcon_pkg'
[2.178s] Level 1:colcon.colcon_core.package_identification:_identify(src/crane_interfaces) by extensions ['colcon_meta']
[2.179s] Level 1:colcon.colcon_core.package_identification:_identify(src/crane_interfaces) by extension 'colcon_meta'
[2.179s] Level 1:colcon.colcon_core.package_identification:_identify(src/crane_interfaces) by extensions ['ros']
[2.179s] Level 1:colcon.colcon_core.package_identification:_identify(src/crane_interfaces) by extension 'ros'
[2.181s] DEBUG:colcon.colcon_core.package_identification:Package 'src/crane_interfaces' with type 'ros.ament_cmake' and name 'crane_interfaces'
[2.182s] Level 1:colcon.colcon_core.package_identification:_identify(src/crane_simulator) by extensions ['ignore', 'ignore_ament_install']
[2.182s] Level 1:colcon.colcon_core.package_identification:_identify(src/crane_simulator) by extension 'ignore'
[2.183s] Level 1:colcon.colcon_core.package_identification:_identify(src/crane_simulator) by extension 'ignore_ament_install'
[2.183s] Level 1:colcon.colcon_core.package_identification:_identify(src/crane_simulator) by extensions ['colcon_pkg']
[2.183s] Level 1:colcon.colcon_core.package_identification:_identify(src/crane_simulator) by extension 'colcon_pkg'
[2.183s] Level 1:colcon.colcon_core.package_identification:_identify(src/crane_simulator) by extensions ['colcon_meta']
[2.183s] Level 1:colcon.colcon_core.package_identification:_identify(src/crane_simulator) by extension 'colcon_meta'
[2.183s] Level 1:colcon.colcon_core.package_identification:_identify(src/crane_simulator) by extensions ['ros']
[2.183s] Level 1:colcon.colcon_core.package_identification:_identify(src/crane_simulator) by extension 'ros'
[2.186s] DEBUG:colcon.colcon_core.package_identification:Package 'src/crane_simulator' with type 'ros.ament_python' and name 'crane_simulator'
[2.187s] Level 1:colcon.colcon_core.package_identification:_identify(src/crane_visualization) by extensions ['ignore', 'ignore_ament_install']
[2.187s] Level 1:colcon.colcon_core.package_identification:_identify(src/crane_visualization) by extension 'ignore'
[2.187s] Level 1:colcon.colcon_core.package_identification:_identify(src/crane_visualization) by extension 'ignore_ament_install'
[2.188s] Level 1:colcon.colcon_core.package_identification:_identify(src/crane_visualization) by extensions ['colcon_pkg']
[2.188s] Level 1:colcon.colcon_core.package_identification:_identify(src/crane_visualization) by extension 'colcon_pkg'
[2.188s] Level 1:colcon.colcon_core.package_identification:_identify(src/crane_visualization) by extensions ['colcon_meta']
[2.188s] Level 1:colcon.colcon_core.package_identification:_identify(src/crane_visualization) by extension 'colcon_meta'
[2.189s] Level 1:colcon.colcon_core.package_identification:_identify(src/crane_visualization) by extensions ['ros']
[2.189s] Level 1:colcon.colcon_core.package_identification:_identify(src/crane_visualization) by extension 'ros'
[2.191s] DEBUG:colcon.colcon_core.package_identification:Package 'src/crane_visualization' with type 'ros.ament_cmake' and name 'crane_visualization'
[2.192s] Level 1:colcon.colcon_core.package_identification:_identify(src/joint_state_publisher) by extensions ['ignore', 'ignore_ament_install']
[2.192s] Level 1:colcon.colcon_core.package_identification:_identify(src/joint_state_publisher) by extension 'ignore'
[2.192s] Level 1:colcon.colcon_core.package_identification:_identify(src/joint_state_publisher) by extension 'ignore_ament_install'
[2.193s] Level 1:colcon.colcon_core.package_identification:_identify(src/joint_state_publisher) by extensions ['colcon_pkg']
[2.193s] Level 1:colcon.colcon_core.package_identification:_identify(src/joint_state_publisher) by extension 'colcon_pkg'
[2.193s] Level 1:colcon.colcon_core.package_identification:_identify(src/joint_state_publisher) by extensions ['colcon_meta']
[2.193s] Level 1:colcon.colcon_core.package_identification:_identify(src/joint_state_publisher) by extension 'colcon_meta'
[2.193s] Level 1:colcon.colcon_core.package_identification:_identify(src/joint_state_publisher) by extensions ['ros']
[2.193s] Level 1:colcon.colcon_core.package_identification:_identify(src/joint_state_publisher) by extension 'ros'
[2.196s] DEBUG:colcon.colcon_core.package_identification:Package 'src/joint_state_publisher' with type 'ros.ament_python' and name 'joint_state_publisher'
[2.197s] Level 1:colcon.colcon_core.package_identification:_identify(src/joint_state_publisher_gui) by extensions ['ignore', 'ignore_ament_install']
[2.197s] Level 1:colcon.colcon_core.package_identification:_identify(src/joint_state_publisher_gui) by extension 'ignore'
[2.198s] Level 1:colcon.colcon_core.package_identification:_identify(src/joint_state_publisher_gui) by extension 'ignore_ament_install'
[2.198s] Level 1:colcon.colcon_core.package_identification:_identify(src/joint_state_publisher_gui) by extensions ['colcon_pkg']
[2.198s] Level 1:colcon.colcon_core.package_identification:_identify(src/joint_state_publisher_gui) by extension 'colcon_pkg'
[2.198s] Level 1:colcon.colcon_core.package_identification:_identify(src/joint_state_publisher_gui) by extensions ['colcon_meta']
[2.198s] Level 1:colcon.colcon_core.package_identification:_identify(src/joint_state_publisher_gui) by extension 'colcon_meta'
[2.198s] Level 1:colcon.colcon_core.package_identification:_identify(src/joint_state_publisher_gui) by extensions ['ros']
[2.199s] Level 1:colcon.colcon_core.package_identification:_identify(src/joint_state_publisher_gui) by extension 'ros'
[2.203s] DEBUG:colcon.colcon_core.package_identification:Package 'src/joint_state_publisher_gui' with type 'ros.ament_python' and name 'joint_state_publisher_gui'
[2.203s] Level 1:colcon.colcon_core.package_identification:_identify(src/ros2-examples-ads) by extensions ['ignore', 'ignore_ament_install']
[2.204s] Level 1:colcon.colcon_core.package_identification:_identify(src/ros2-examples-ads) by extension 'ignore'
[2.205s] Level 1:colcon.colcon_core.package_identification:_identify(src/ros2-examples-ads) by extension 'ignore_ament_install'
[2.206s] Level 1:colcon.colcon_core.package_identification:_identify(src/ros2-examples-ads) by extensions ['colcon_pkg']
[2.206s] Level 1:colcon.colcon_core.package_identification:_identify(src/ros2-examples-ads) by extension 'colcon_pkg'
[2.206s] Level 1:colcon.colcon_core.package_identification:_identify(src/ros2-examples-ads) by extensions ['colcon_meta']
[2.206s] Level 1:colcon.colcon_core.package_identification:_identify(src/ros2-examples-ads) by extension 'colcon_meta'
[2.207s] Level 1:colcon.colcon_core.package_identification:_identify(src/ros2-examples-ads) by extensions ['ros']
[2.207s] Level 1:colcon.colcon_core.package_identification:_identify(src/ros2-examples-ads) by extension 'ros'
[2.208s] Level 1:colcon.colcon_core.package_identification:_identify(src/ros2-examples-ads) by extensions ['cmake', 'python']
[2.208s] Level 1:colcon.colcon_core.package_identification:_identify(src/ros2-examples-ads) by extension 'cmake'
[2.208s] Level 1:colcon.colcon_core.package_identification:_identify(src/ros2-examples-ads) by extension 'python'
[2.209s] Level 1:colcon.colcon_core.package_identification:_identify(src/ros2-examples-ads) by extensions ['python_setup_py']
[2.209s] Level 1:colcon.colcon_core.package_identification:_identify(src/ros2-examples-ads) by extension 'python_setup_py'
[2.210s] Level 1:colcon.colcon_core.package_identification:_identify(src/ros2-examples-ads/ADS) by extensions ['ignore', 'ignore_ament_install']
[2.211s] Level 1:colcon.colcon_core.package_identification:_identify(src/ros2-examples-ads/ADS) by extension 'ignore'
[2.211s] Level 1:colcon.colcon_core.package_identification:_identify(src/ros2-examples-ads/ADS) by extension 'ignore_ament_install'
[2.211s] Level 1:colcon.colcon_core.package_identification:_identify(src/ros2-examples-ads/ADS) by extensions ['colcon_pkg']
[2.212s] Level 1:colcon.colcon_core.package_identification:_identify(src/ros2-examples-ads/ADS) by extension 'colcon_pkg'
[2.212s] Level 1:colcon.colcon_core.package_identification:_identify(src/ros2-examples-ads/ADS) by extensions ['colcon_meta']
[2.212s] Level 1:colcon.colcon_core.package_identification:_identify(src/ros2-examples-ads/ADS) by extension 'colcon_meta'
[2.212s] Level 1:colcon.colcon_core.package_identification:_identify(src/ros2-examples-ads/ADS) by extensions ['ros']
[2.213s] Level 1:colcon.colcon_core.package_identification:_identify(src/ros2-examples-ads/ADS) by extension 'ros'
[2.213s] Level 1:colcon.colcon_core.package_identification:_identify(src/ros2-examples-ads/ADS) by extensions ['cmake', 'python']
[2.214s] Level 1:colcon.colcon_core.package_identification:_identify(src/ros2-examples-ads/ADS) by extension 'cmake'
[2.239s] Level 1:colcon.colcon_core.package_identification:_identify(src/ros2-examples-ads/ADS) by extension 'python'
[2.239s] DEBUG:colcon.colcon_core.package_identification:Package 'src/ros2-examples-ads/ADS' with type 'cmake' and name 'ads'
[2.240s] Level 1:colcon.colcon_core.package_identification:_identify(src/ros2-examples-ads/ads_example_cmake_no_ros2) by extensions ['ignore', 'ignore_ament_install']
[2.241s] Level 1:colcon.colcon_core.package_identification:_identify(src/ros2-examples-ads/ads_example_cmake_no_ros2) by extension 'ignore'
[2.241s] Level 1:colcon.colcon_core.package_identification:_identify(src/ros2-examples-ads/ads_example_cmake_no_ros2) by extension 'ignore_ament_install'
[2.242s] Level 1:colcon.colcon_core.package_identification:_identify(src/ros2-examples-ads/ads_example_cmake_no_ros2) by extensions ['colcon_pkg']
[2.242s] Level 1:colcon.colcon_core.package_identification:_identify(src/ros2-examples-ads/ads_example_cmake_no_ros2) by extension 'colcon_pkg'
[2.242s] Level 1:colcon.colcon_core.package_identification:_identify(src/ros2-examples-ads/ads_example_cmake_no_ros2) by extensions ['colcon_meta']
[2.242s] Level 1:colcon.colcon_core.package_identification:_identify(src/ros2-examples-ads/ads_example_cmake_no_ros2) by extension 'colcon_meta'
[2.243s] Level 1:colcon.colcon_core.package_identification:_identify(src/ros2-examples-ads/ads_example_cmake_no_ros2) by extensions ['ros']
[2.243s] Level 1:colcon.colcon_core.package_identification:_identify(src/ros2-examples-ads/ads_example_cmake_no_ros2) by extension 'ros'
[2.243s] Level 1:colcon.colcon_core.package_identification:_identify(src/ros2-examples-ads/ads_example_cmake_no_ros2) by extensions ['cmake', 'python']
[2.244s] Level 1:colcon.colcon_core.package_identification:_identify(src/ros2-examples-ads/ads_example_cmake_no_ros2) by extension 'cmake'
[2.245s] Level 1:colcon.colcon_core.package_identification:_identify(src/ros2-examples-ads/ads_example_cmake_no_ros2) by extension 'python'
[2.246s] DEBUG:colcon.colcon_core.package_identification:Package 'src/ros2-examples-ads/ads_example_cmake_no_ros2' with type 'cmake' and name 'ads_example'
[2.246s] Level 1:colcon.colcon_core.package_identification:_identify(src/ros2-examples-ads/ads_example_package) by extensions ['ignore', 'ignore_ament_install']
[2.247s] Level 1:colcon.colcon_core.package_identification:_identify(src/ros2-examples-ads/ads_example_package) by extension 'ignore'
[2.247s] Level 1:colcon.colcon_core.package_identification:_identify(src/ros2-examples-ads/ads_example_package) by extension 'ignore_ament_install'
[2.247s] Level 1:colcon.colcon_core.package_identification:_identify(src/ros2-examples-ads/ads_example_package) by extensions ['colcon_pkg']
[2.248s] Level 1:colcon.colcon_core.package_identification:_identify(src/ros2-examples-ads/ads_example_package) by extension 'colcon_pkg'
[2.248s] Level 1:colcon.colcon_core.package_identification:_identify(src/ros2-examples-ads/ads_example_package) by extensions ['colcon_meta']
[2.248s] Level 1:colcon.colcon_core.package_identification:_identify(src/ros2-examples-ads/ads_example_package) by extension 'colcon_meta'
[2.249s] Level 1:colcon.colcon_core.package_identification:_identify(src/ros2-examples-ads/ads_example_package) by extensions ['ros']
[2.249s] Level 1:colcon.colcon_core.package_identification:_identify(src/ros2-examples-ads/ads_example_package) by extension 'ros'
[2.253s] DEBUG:colcon.colcon_core.package_identification:Package 'src/ros2-examples-ads/ads_example_package' with type 'ros.ament_cmake' and name 'ads_example_package'
[2.253s] Level 1:colcon.colcon_core.package_identification:_identify(src/xacro-20230425T150624Z-001) by extensions ['ignore', 'ignore_ament_install']
[2.254s] Level 1:colcon.colcon_core.package_identification:_identify(src/xacro-20230425T150624Z-001) by extension 'ignore'
[2.254s] Level 1:colcon.colcon_core.package_identification:_identify(src/xacro-20230425T150624Z-001) by extension 'ignore_ament_install'
[2.254s] Level 1:colcon.colcon_core.package_identification:_identify(src/xacro-20230425T150624Z-001) by extensions ['colcon_pkg']
[2.255s] Level 1:colcon.colcon_core.package_identification:_identify(src/xacro-20230425T150624Z-001) by extension 'colcon_pkg'
[2.255s] Level 1:colcon.colcon_core.package_identification:_identify(src/xacro-20230425T150624Z-001) by extensions ['colcon_meta']
[2.255s] Level 1:colcon.colcon_core.package_identification:_identify(src/xacro-20230425T150624Z-001) by extension 'colcon_meta'
[2.255s] Level 1:colcon.colcon_core.package_identification:_identify(src/xacro-20230425T150624Z-001) by extensions ['ros']
[2.255s] Level 1:colcon.colcon_core.package_identification:_identify(src/xacro-20230425T150624Z-001) by extension 'ros'
[2.256s] Level 1:colcon.colcon_core.package_identification:_identify(src/xacro-20230425T150624Z-001) by extensions ['cmake', 'python']
[2.256s] Level 1:colcon.colcon_core.package_identification:_identify(src/xacro-20230425T150624Z-001) by extension 'cmake'
[2.256s] Level 1:colcon.colcon_core.package_identification:_identify(src/xacro-20230425T150624Z-001) by extension 'python'
[2.256s] Level 1:colcon.colcon_core.package_identification:_identify(src/xacro-20230425T150624Z-001) by extensions ['python_setup_py']
[2.256s] Level 1:colcon.colcon_core.package_identification:_identify(src/xacro-20230425T150624Z-001) by extension 'python_setup_py'
[2.257s] Level 1:colcon.colcon_core.package_identification:_identify(src/xacro-20230425T150624Z-001/xacro) by extensions ['ignore', 'ignore_ament_install']
[2.257s] Level 1:colcon.colcon_core.package_identification:_identify(src/xacro-20230425T150624Z-001/xacro) by extension 'ignore'
[2.257s] Level 1:colcon.colcon_core.package_identification:_identify(src/xacro-20230425T150624Z-001/xacro) by extension 'ignore_ament_install'
[2.257s] Level 1:colcon.colcon_core.package_identification:_identify(src/xacro-20230425T150624Z-001/xacro) by extensions ['colcon_pkg']
[2.258s] Level 1:colcon.colcon_core.package_identification:_identify(src/xacro-20230425T150624Z-001/xacro) by extension 'colcon_pkg'
[2.259s] Level 1:colcon.colcon_core.package_identification:_identify(src/xacro-20230425T150624Z-001/xacro) by extensions ['colcon_meta']
[2.260s] Level 1:colcon.colcon_core.package_identification:_identify(src/xacro-20230425T150624Z-001/xacro) by extension 'colcon_meta'
[2.260s] Level 1:colcon.colcon_core.package_identification:_identify(src/xacro-20230425T150624Z-001/xacro) by extensions ['ros']
[2.260s] Level 1:colcon.colcon_core.package_identification:_identify(src/xacro-20230425T150624Z-001/xacro) by extension 'ros'
[2.264s] DEBUG:colcon.colcon_core.package_identification:Package 'src/xacro-20230425T150624Z-001/xacro' with type 'ros.ament_cmake' and name 'xacro'
[2.264s] Level 1:colcon.colcon_core.package_discovery:discover_packages(recursive) using defaults
[2.264s] Level 1:colcon.colcon_core.package_discovery:discover_packages(ignore) discover
[2.265s] Level 1:colcon.colcon_core.package_discovery:discover_packages(ignore) using defaults
[2.265s] Level 1:colcon.colcon_core.package_discovery:discover_packages(path) discover
[2.265s] Level 1:colcon.colcon_core.package_discovery:discover_packages(path) using defaults
[2.357s] INFO:colcon.colcon_metadata.metadata.colcon_pkg:Updating descriptor of package 'src/xacro-20230425T150624Z-001/xacro' from colcon.pkg: {'hooks': ['share/xacro/environment/completion.bash']}
[2.366s] INFO:colcon.colcon_core.package_selection:Skipping not selected package 'ads' in 'src/ros2-examples-ads/ADS'
[2.366s] INFO:colcon.colcon_core.package_selection:Skipping not selected package 'ads_example' in 'src/ros2-examples-ads/ads_example_cmake_no_ros2'
[2.367s] INFO:colcon.colcon_core.package_selection:Skipping not selected package 'crane_interfaces' in 'src/crane_interfaces'
[2.367s] INFO:colcon.colcon_core.package_selection:Skipping not selected package 'joint_state_publisher' in 'src/joint_state_publisher'
[2.367s] INFO:colcon.colcon_core.package_selection:Skipping not selected package 'xacro' in 'src/xacro-20230425T150624Z-001/xacro'
[2.367s] INFO:colcon.colcon_core.package_selection:Skipping not selected package 'crane_controller' in 'src/crane_controller'
[2.367s] INFO:colcon.colcon_core.package_selection:Skipping not selected package 'crane_simulator' in 'src/crane_simulator'
[2.367s] INFO:colcon.colcon_core.package_selection:Skipping not selected package 'joint_state_publisher_gui' in 'src/joint_state_publisher_gui'
[2.367s] INFO:colcon.colcon_core.package_selection:Skipping not selected package 'crane_visualization' in 'src/crane_visualization'
[2.370s] Level 1:colcon.colcon_core.package_discovery:discover_packages(prefix_path) check parameters
[2.370s] Level 1:colcon.colcon_core.package_discovery:discover_packages(prefix_path) discover
[2.384s] DEBUG:colcon.colcon_installed_package_information.package_discovery:Found 10 installed packages in /home/nils/Desktop/oblig3_ws/install
[2.395s] DEBUG:colcon.colcon_installed_package_information.package_discovery:Found 270 installed packages in /opt/ros/humble
[2.408s] Level 1:colcon.colcon_core.package_discovery:discover_packages(prefix_path) using defaults
[2.684s] Level 5:colcon.colcon_core.verb:set package 'ads_example_package' build argument 'cmake_args' from command line to 'None'
[2.685s] Level 5:colcon.colcon_core.verb:set package 'ads_example_package' build argument 'cmake_target' from command line to 'None'
[2.685s] Level 5:colcon.colcon_core.verb:set package 'ads_example_package' build argument 'cmake_target_skip_unavailable' from command line to 'False'
[2.685s] Level 5:colcon.colcon_core.verb:set package 'ads_example_package' build argument 'cmake_clean_cache' from command line to 'False'
[2.685s] Level 5:colcon.colcon_core.verb:set package 'ads_example_package' build argument 'cmake_clean_first' from command line to 'False'
[2.685s] Level 5:colcon.colcon_core.verb:set package 'ads_example_package' build argument 'cmake_force_configure' from command line to 'False'
[2.685s] Level 5:colcon.colcon_core.verb:set package 'ads_example_package' build argument 'ament_cmake_args' from command line to 'None'
[2.685s] Level 5:colcon.colcon_core.verb:set package 'ads_example_package' build argument 'catkin_cmake_args' from command line to 'None'
[2.685s] Level 5:colcon.colcon_core.verb:set package 'ads_example_package' build argument 'catkin_skip_building_tests' from command line to 'False'
[2.686s] DEBUG:colcon.colcon_core.verb:Building package 'ads_example_package' with the following arguments: {'ament_cmake_args': None, 'build_base': '/home/nils/Desktop/oblig3_ws/build/ads_example_package', 'catkin_cmake_args': None, 'catkin_skip_building_tests': False, 'cmake_args': None, 'cmake_clean_cache': False, 'cmake_clean_first': False, 'cmake_force_configure': False, 'cmake_target': None, 'cmake_target_skip_unavailable': False, 'install_base': '/home/nils/Desktop/oblig3_ws/install/ads_example_package', 'merge_install': False, 'path': '/home/nils/Desktop/oblig3_ws/src/ros2-examples-ads/ads_example_package', 'symlink_install': False, 'test_result_base': None}
[2.688s] INFO:colcon.colcon_core.executor:Executing jobs using 'parallel' executor
[2.703s] DEBUG:colcon.colcon_parallel_executor.executor.parallel:run_until_complete
[2.704s] INFO:colcon.colcon_ros.task.ament_cmake.build:Building ROS package in '/home/nils/Desktop/oblig3_ws/src/ros2-examples-ads/ads_example_package' with build type 'ament_cmake'
[2.705s] INFO:colcon.colcon_cmake.task.cmake.build:Building CMake package in '/home/nils/Desktop/oblig3_ws/src/ros2-examples-ads/ads_example_package'
[2.724s] INFO:colcon.colcon_core.plugin_system:Skipping extension 'colcon_core.shell.bat': Not used on non-Windows systems
[2.724s] INFO:colcon.colcon_core.shell:Skip shell extension 'powershell' for command environment: Not usable outside of PowerShell
[2.725s] DEBUG:colcon.colcon_core.shell:Skip shell extension 'dsv' for command environment
[2.779s] DEBUG:colcon.colcon_core.event_handler.log_command:Invoking command in '/home/nils/Desktop/oblig3_ws/build/ads_example_package': CMAKE_PREFIX_PATH=/home/nils/Desktop/oblig3_ws/install/crane_interfaces:/home/nils/Desktop/oblig3_ws/install/xacro:/home/nils/Desktop/oblig3_ws/install/crane_visualization:/home/nils/Desktop/oblig3_ws/install/crane_controller:/home/nils/Desktop/oblig3_ws/install/ads_example_package:/opt/ros/humble:/home/nils/Desktop/oblig3_ws/install/joint_state_publisher_gui:/home/nils/Desktop/oblig3_ws/install/joint_state_publisher:/home/nils/Desktop/oblig3_ws/install/crane_simulator LD_LIBRARY_PATH=/home/nils/Desktop/oblig3_ws/install/crane_interfaces/lib:/opt/ros/humble/opt/rviz_ogre_vendor/lib:/opt/ros/humble/lib/x86_64-linux-gnu:/opt/ros/humble/lib /usr/bin/cmake --build /home/nils/Desktop/oblig3_ws/build/ads_example_package -- -j3 -l3
[18.764s] DEBUG:colcon.colcon_core.event_handler.log_command:Invoked command in '/home/nils/Desktop/oblig3_ws/build/ads_example_package' returned '0': CMAKE_PREFIX_PATH=/home/nils/Desktop/oblig3_ws/install/crane_interfaces:/home/nils/Desktop/oblig3_ws/install/xacro:/home/nils/Desktop/oblig3_ws/install/crane_visualization:/home/nils/Desktop/oblig3_ws/install/crane_controller:/home/nils/Desktop/oblig3_ws/install/ads_example_package:/opt/ros/humble:/home/nils/Desktop/oblig3_ws/install/joint_state_publisher_gui:/home/nils/Desktop/oblig3_ws/install/joint_state_publisher:/home/nils/Desktop/oblig3_ws/install/crane_simulator LD_LIBRARY_PATH=/home/nils/Desktop/oblig3_ws/install/crane_interfaces/lib:/opt/ros/humble/opt/rviz_ogre_vendor/lib:/opt/ros/humble/lib/x86_64-linux-gnu:/opt/ros/humble/lib /usr/bin/cmake --build /home/nils/Desktop/oblig3_ws/build/ads_example_package -- -j3 -l3
[18.857s] DEBUG:colcon.colcon_core.event_handler.log_command:Invoking command in '/home/nils/Desktop/oblig3_ws/build/ads_example_package': CMAKE_PREFIX_PATH=/home/nils/Desktop/oblig3_ws/install/crane_interfaces:/home/nils/Desktop/oblig3_ws/install/xacro:/home/nils/Desktop/oblig3_ws/install/crane_visualization:/home/nils/Desktop/oblig3_ws/install/crane_controller:/home/nils/Desktop/oblig3_ws/install/ads_example_package:/opt/ros/humble:/home/nils/Desktop/oblig3_ws/install/joint_state_publisher_gui:/home/nils/Desktop/oblig3_ws/install/joint_state_publisher:/home/nils/Desktop/oblig3_ws/install/crane_simulator LD_LIBRARY_PATH=/home/nils/Desktop/oblig3_ws/install/crane_interfaces/lib:/opt/ros/humble/opt/rviz_ogre_vendor/lib:/opt/ros/humble/lib/x86_64-linux-gnu:/opt/ros/humble/lib /usr/bin/cmake --install /home/nils/Desktop/oblig3_ws/build/ads_example_package
[18.889s] Level 1:colcon.colcon_core.environment:create_environment_scripts_only(ads_example_package)
[18.895s] DEBUG:colcon.colcon_core.event_handler.log_command:Invoked command in '/home/nils/Desktop/oblig3_ws/build/ads_example_package' returned '0': CMAKE_PREFIX_PATH=/home/nils/Desktop/oblig3_ws/install/crane_interfaces:/home/nils/Desktop/oblig3_ws/install/xacro:/home/nils/Desktop/oblig3_ws/install/crane_visualization:/home/nils/Desktop/oblig3_ws/install/crane_controller:/home/nils/Desktop/oblig3_ws/install/ads_example_package:/opt/ros/humble:/home/nils/Desktop/oblig3_ws/install/joint_state_publisher_gui:/home/nils/Desktop/oblig3_ws/install/joint_state_publisher:/home/nils/Desktop/oblig3_ws/install/crane_simulator LD_LIBRARY_PATH=/home/nils/Desktop/oblig3_ws/install/crane_interfaces/lib:/opt/ros/humble/opt/rviz_ogre_vendor/lib:/opt/ros/humble/lib/x86_64-linux-gnu:/opt/ros/humble/lib /usr/bin/cmake --install /home/nils/Desktop/oblig3_ws/build/ads_example_package
[18.908s] Level 1:colcon.colcon_core.environment:checking '/home/nils/Desktop/oblig3_ws/install/ads_example_package' for CMake module files
[18.910s] Level 1:colcon.colcon_core.environment:checking '/home/nils/Desktop/oblig3_ws/install/ads_example_package' for CMake config files
[18.910s] Level 1:colcon.colcon_core.shell:create_environment_hook('ads_example_package', 'cmake_prefix_path')
[18.914s] INFO:colcon.colcon_core.shell:Creating environment hook '/home/nils/Desktop/oblig3_ws/install/ads_example_package/share/ads_example_package/hook/cmake_prefix_path.ps1'
[18.915s] INFO:colcon.colcon_core.shell:Creating environment descriptor '/home/nils/Desktop/oblig3_ws/install/ads_example_package/share/ads_example_package/hook/cmake_prefix_path.dsv'
[18.917s] INFO:colcon.colcon_core.shell:Creating environment hook '/home/nils/Desktop/oblig3_ws/install/ads_example_package/share/ads_example_package/hook/cmake_prefix_path.sh'
[18.919s] Level 1:colcon.colcon_core.environment:checking '/home/nils/Desktop/oblig3_ws/install/ads_example_package/lib'
[18.919s] Level 1:colcon.colcon_core.environment:checking '/home/nils/Desktop/oblig3_ws/install/ads_example_package/bin'
[18.920s] Level 1:colcon.colcon_core.environment:checking '/home/nils/Desktop/oblig3_ws/install/ads_example_package/lib/pkgconfig/ads_example_package.pc'
[18.920s] Level 1:colcon.colcon_core.environment:checking '/home/nils/Desktop/oblig3_ws/install/ads_example_package/lib/python3.10/site-packages'
[18.921s] Level 1:colcon.colcon_core.environment:checking '/home/nils/Desktop/oblig3_ws/install/ads_example_package/bin'
[18.925s] INFO:colcon.colcon_core.shell:Creating package script '/home/nils/Desktop/oblig3_ws/install/ads_example_package/share/ads_example_package/package.ps1'
[18.928s] INFO:colcon.colcon_core.shell:Creating package descriptor '/home/nils/Desktop/oblig3_ws/install/ads_example_package/share/ads_example_package/package.dsv'
[18.930s] INFO:colcon.colcon_core.shell:Creating package script '/home/nils/Desktop/oblig3_ws/install/ads_example_package/share/ads_example_package/package.sh'
[18.933s] INFO:colcon.colcon_core.shell:Creating package script '/home/nils/Desktop/oblig3_ws/install/ads_example_package/share/ads_example_package/package.bash'
[18.935s] INFO:colcon.colcon_core.shell:Creating package script '/home/nils/Desktop/oblig3_ws/install/ads_example_package/share/ads_example_package/package.zsh'
[18.938s] Level 1:colcon.colcon_core.environment:create_file_with_runtime_dependencies(/home/nils/Desktop/oblig3_ws/install/ads_example_package/share/colcon-core/packages/ads_example_package)
[19.034s] Level 1:colcon.colcon_core.environment:create_environment_scripts_only(ads_example_package)
[19.044s] Level 1:colcon.colcon_core.environment:checking '/home/nils/Desktop/oblig3_ws/install/ads_example_package' for CMake module files
[19.046s] Level 1:colcon.colcon_core.environment:checking '/home/nils/Desktop/oblig3_ws/install/ads_example_package' for CMake config files
[19.047s] Level 1:colcon.colcon_core.shell:create_environment_hook('ads_example_package', 'cmake_prefix_path')
[19.052s] INFO:colcon.colcon_core.shell:Creating environment hook '/home/nils/Desktop/oblig3_ws/install/ads_example_package/share/ads_example_package/hook/cmake_prefix_path.ps1'
[19.054s] INFO:colcon.colcon_core.shell:Creating environment descriptor '/home/nils/Desktop/oblig3_ws/install/ads_example_package/share/ads_example_package/hook/cmake_prefix_path.dsv'
[19.055s] INFO:colcon.colcon_core.shell:Creating environment hook '/home/nils/Desktop/oblig3_ws/install/ads_example_package/share/ads_example_package/hook/cmake_prefix_path.sh'
[19.056s] Level 1:colcon.colcon_core.environment:checking '/home/nils/Desktop/oblig3_ws/install/ads_example_package/lib'
[19.057s] Level 1:colcon.colcon_core.environment:checking '/home/nils/Desktop/oblig3_ws/install/ads_example_package/bin'
[19.057s] Level 1:colcon.colcon_core.environment:checking '/home/nils/Desktop/oblig3_ws/install/ads_example_package/lib/pkgconfig/ads_example_package.pc'
[19.058s] Level 1:colcon.colcon_core.environment:checking '/home/nils/Desktop/oblig3_ws/install/ads_example_package/lib/python3.10/site-packages'
[19.058s] Level 1:colcon.colcon_core.environment:checking '/home/nils/Desktop/oblig3_ws/install/ads_example_package/bin'
[19.066s] INFO:colcon.colcon_core.shell:Creating package script '/home/nils/Desktop/oblig3_ws/install/ads_example_package/share/ads_example_package/package.ps1'
[19.068s] INFO:colcon.colcon_core.shell:Creating package descriptor '/home/nils/Desktop/oblig3_ws/install/ads_example_package/share/ads_example_package/package.dsv'
[19.069s] INFO:colcon.colcon_core.shell:Creating package script '/home/nils/Desktop/oblig3_ws/install/ads_example_package/share/ads_example_package/package.sh'
[19.071s] INFO:colcon.colcon_core.shell:Creating package script '/home/nils/Desktop/oblig3_ws/install/ads_example_package/share/ads_example_package/package.bash'
[19.072s] INFO:colcon.colcon_core.shell:Creating package script '/home/nils/Desktop/oblig3_ws/install/ads_example_package/share/ads_example_package/package.zsh'
[19.075s] Level 1:colcon.colcon_core.environment:create_file_with_runtime_dependencies(/home/nils/Desktop/oblig3_ws/install/ads_example_package/share/colcon-core/packages/ads_example_package)
[19.077s] DEBUG:colcon.colcon_parallel_executor.executor.parallel:closing loop
[19.078s] DEBUG:colcon.colcon_parallel_executor.executor.parallel:loop closed
[19.078s] DEBUG:colcon.colcon_parallel_executor.executor.parallel:run_until_complete finished with '0'
[19.078s] DEBUG:colcon.colcon_core.event_reactor:joining thread
[19.107s] INFO:colcon.colcon_core.plugin_system:Skipping extension 'colcon_notification.desktop_notification.terminal_notifier': Not used on non-Darwin systems
[19.107s] INFO:colcon.colcon_core.plugin_system:Skipping extension 'colcon_notification.desktop_notification.win32': Not used on non-Windows systems
[19.107s] INFO:colcon.colcon_notification.desktop_notification:Sending desktop notification using 'notify2'
[19.166s] DEBUG:colcon.colcon_core.event_reactor:joined thread
[19.172s] INFO:colcon.colcon_core.shell:Creating prefix script '/home/nils/Desktop/oblig3_ws/install/local_setup.ps1'
[19.183s] INFO:colcon.colcon_core.shell:Creating prefix util module '/home/nils/Desktop/oblig3_ws/install/_local_setup_util_ps1.py'
[19.187s] INFO:colcon.colcon_core.shell:Creating prefix chain script '/home/nils/Desktop/oblig3_ws/install/setup.ps1'
[19.202s] INFO:colcon.colcon_core.shell:Creating prefix script '/home/nils/Desktop/oblig3_ws/install/local_setup.sh'
[19.204s] INFO:colcon.colcon_core.shell:Creating prefix util module '/home/nils/Desktop/oblig3_ws/install/_local_setup_util_sh.py'
[19.205s] INFO:colcon.colcon_core.shell:Creating prefix chain script '/home/nils/Desktop/oblig3_ws/install/setup.sh'
[19.217s] INFO:colcon.colcon_core.shell:Creating prefix script '/home/nils/Desktop/oblig3_ws/install/local_setup.bash'
[19.219s] INFO:colcon.colcon_core.shell:Creating prefix chain script '/home/nils/Desktop/oblig3_ws/install/setup.bash'
[19.226s] INFO:colcon.colcon_core.shell:Creating prefix script '/home/nils/Desktop/oblig3_ws/install/local_setup.zsh'
[19.229s] INFO:colcon.colcon_core.shell:Creating prefix chain script '/home/nils/Desktop/oblig3_ws/install/setup.zsh'
