[0.908s] DEBUG:colcon:Command line arguments: ['/usr/bin/colcon', 'build', '--packages-select', 'ads_example_package']
[0.908s] DEBUG:colcon:Parsed command line arguments: Namespace(log_base=None, log_level=None, verb_name='build', build_base='build', install_base='install', merge_install=False, symlink_install=False, test_result_base=None, continue_on_error=False, executor='parallel', parallel_workers=3, event_handlers=None, ignore_user_meta=False, metas=['./colcon.meta'], base_paths=['.'], packages_ignore=None, packages_ignore_regex=None, paths=None, packages_up_to=None, packages_up_to_regex=None, packages_above=None, packages_above_and_dependencies=None, packages_above_depth=None, packages_select_by_dep=None, packages_skip_by_dep=None, packages_skip_up_to=None, packages_select_build_failed=False, packages_skip_build_finished=False, packages_select_test_failures=False, packages_skip_test_passed=False, packages_select=['ads_example_package'], packages_skip=None, packages_select_regex=None, packages_skip_regex=None, packages_start=None, packages_end=None, allow_overriding=[], cmake_args=None, cmake_target=None, cmake_target_skip_unavailable=False, cmake_clean_cache=False, cmake_clean_first=False, cmake_force_configure=False, ament_cmake_args=None, catkin_cmake_args=None, catkin_skip_building_tests=False, verb_parser=<colcon_defaults.argument_parser.defaults.DefaultArgumentsDecorator object at 0x7ff3439a5930>, verb_extension=<colcon_core.verb.build.BuildVerb object at 0x7ff3439a53c0>, main=<bound method BuildVerb.main of <colcon_core.verb.build.BuildVerb object at 0x7ff3439a53c0>>)
[0.961s] Level 1:colcon.colcon_core.package_discovery:discover_packages(colcon_meta) check parameters
[0.961s] Level 1:colcon.colcon_core.package_discovery:discover_packages(recursive) check parameters
[0.961s] Level 1:colcon.colcon_core.package_discovery:discover_packages(ignore) check parameters
[0.961s] Level 1:colcon.colcon_core.package_discovery:discover_packages(path) check parameters
[0.961s] Level 1:colcon.colcon_core.package_discovery:discover_packages(colcon_meta) discover
[0.961s] Level 1:colcon.colcon_core.package_discovery:discover_packages(recursive) discover
[0.961s] INFO:colcon.colcon_core.package_discovery:Crawling recursively for packages in '/home/nils/Desktop/oblig3_ws'
[0.962s] Level 1:colcon.colcon_core.package_identification:_identify(.) by extensions ['ignore', 'ignore_ament_install']
[0.962s] Level 1:colcon.colcon_core.package_identification:_identify(.) by extension 'ignore'
[0.962s] Level 1:colcon.colcon_core.package_identification:_identify(.) by extension 'ignore_ament_install'
[0.962s] Level 1:colcon.colcon_core.package_identification:_identify(.) by extensions ['colcon_pkg']
[0.962s] Level 1:colcon.colcon_core.package_identification:_identify(.) by extension 'colcon_pkg'
[0.962s] Level 1:colcon.colcon_core.package_identification:_identify(.) by extensions ['colcon_meta']
[0.962s] Level 1:colcon.colcon_core.package_identification:_identify(.) by extension 'colcon_meta'
[0.962s] Level 1:colcon.colcon_core.package_identification:_identify(.) by extensions ['ros']
[0.962s] Level 1:colcon.colcon_core.package_identification:_identify(.) by extension 'ros'
[0.987s] Level 1:colcon.colcon_core.package_identification:_identify(.) by extensions ['cmake', 'python']
[0.987s] Level 1:colcon.colcon_core.package_identification:_identify(.) by extension 'cmake'
[0.987s] Level 1:colcon.colcon_core.package_identification:_identify(.) by extension 'python'
[0.987s] Level 1:colcon.colcon_core.package_identification:_identify(.) by extensions ['python_setup_py']
[0.987s] Level 1:colcon.colcon_core.package_identification:_identify(.) by extension 'python_setup_py'
[0.988s] Level 1:colcon.colcon_core.package_identification:_identify(build) by extensions ['ignore', 'ignore_ament_install']
[0.988s] Level 1:colcon.colcon_core.package_identification:_identify(build) by extension 'ignore'
[0.988s] Level 1:colcon.colcon_core.package_identification:_identify(build) ignored
[0.988s] Level 1:colcon.colcon_core.package_identification:_identify(install) by extensions ['ignore', 'ignore_ament_install']
[0.989s] Level 1:colcon.colcon_core.package_identification:_identify(install) by extension 'ignore'
[0.989s] Level 1:colcon.colcon_core.package_identification:_identify(install) ignored
[0.989s] Level 1:colcon.colcon_core.package_identification:_identify(log) by extensions ['ignore', 'ignore_ament_install']
[0.989s] Level 1:colcon.colcon_core.package_identification:_identify(log) by extension 'ignore'
[0.989s] Level 1:colcon.colcon_core.package_identification:_identify(log) ignored
[0.989s] Level 1:colcon.colcon_core.package_identification:_identify(src) by extensions ['ignore', 'ignore_ament_install']
[0.989s] Level 1:colcon.colcon_core.package_identification:_identify(src) by extension 'ignore'
[0.989s] Level 1:colcon.colcon_core.package_identification:_identify(src) by extension 'ignore_ament_install'
[0.990s] Level 1:colcon.colcon_core.package_identification:_identify(src) by extensions ['colcon_pkg']
[0.990s] Level 1:colcon.colcon_core.package_identification:_identify(src) by extension 'colcon_pkg'
[0.990s] Level 1:colcon.colcon_core.package_identification:_identify(src) by extensions ['colcon_meta']
[0.990s] Level 1:colcon.colcon_core.package_identification:_identify(src) by extension 'colcon_meta'
[0.990s] Level 1:colcon.colcon_core.package_identification:_identify(src) by extensions ['ros']
[0.990s] Level 1:colcon.colcon_core.package_identification:_identify(src) by extension 'ros'
[0.991s] Level 1:colcon.colcon_core.package_identification:_identify(src) by extensions ['cmake', 'python']
[0.991s] Level 1:colcon.colcon_core.package_identification:_identify(src) by extension 'cmake'
[0.991s] Level 1:colcon.colcon_core.package_identification:_identify(src) by extension 'python'
[0.991s] Level 1:colcon.colcon_core.package_identification:_identify(src) by extensions ['python_setup_py']
[0.991s] Level 1:colcon.colcon_core.package_identification:_identify(src) by extension 'python_setup_py'
[0.991s] Level 1:colcon.colcon_core.package_identification:_identify(src/crane_controller) by extensions ['ignore', 'ignore_ament_install']
[0.992s] Level 1:colcon.colcon_core.package_identification:_identify(src/crane_controller) by extension 'ignore'
[0.992s] Level 1:colcon.colcon_core.package_identification:_identify(src/crane_controller) by extension 'ignore_ament_install'
[0.992s] Level 1:colcon.colcon_core.package_identification:_identify(src/crane_controller) by extensions ['colcon_pkg']
[0.992s] Level 1:colcon.colcon_core.package_identification:_identify(src/crane_controller) by extension 'colcon_pkg'
[0.992s] Level 1:colcon.colcon_core.package_identification:_identify(src/crane_controller) by extensions ['colcon_meta']
[0.992s] Level 1:colcon.colcon_core.package_identification:_identify(src/crane_controller) by extension 'colcon_meta'
[0.992s] Level 1:colcon.colcon_core.package_identification:_identify(src/crane_controller) by extensions ['ros']
[0.993s] Level 1:colcon.colcon_core.package_identification:_identify(src/crane_controller) by extension 'ros'
[0.998s] DEBUG:colcon.colcon_core.package_identification:Package 'src/crane_controller' with type 'ros.ament_cmake' and name 'crane_controller'
[0.998s] Level 1:colcon.colcon_core.package_identification:_identify(src/crane_interfaces) by extensions ['ignore', 'ignore_ament_install']
[0.998s] Level 1:colcon.colcon_core.package_identification:_identify(src/crane_interfaces) by extension 'ignore'
[0.998s] Level 1:colcon.colcon_core.package_identification:_identify(src/crane_interfaces) by extension 'ignore_ament_install'
[0.999s] Level 1:colcon.colcon_core.package_identification:_identify(src/crane_interfaces) by extensions ['colcon_pkg']
[0.999s] Level 1:colcon.colcon_core.package_identification:_identify(src/crane_interfaces) by extension 'colcon_pkg'
[0.999s] Level 1:colcon.colcon_core.package_identification:_identify(src/crane_interfaces) by extensions ['colcon_meta']
[0.999s] Level 1:colcon.colcon_core.package_identification:_identify(src/crane_interfaces) by extension 'colcon_meta'
[0.999s] Level 1:colcon.colcon_core.package_identification:_identify(src/crane_interfaces) by extensions ['ros']
[0.999s] Level 1:colcon.colcon_core.package_identification:_identify(src/crane_interfaces) by extension 'ros'
[1.000s] DEBUG:colcon.colcon_core.package_identification:Package 'src/crane_interfaces' with type 'ros.ament_cmake' and name 'crane_interfaces'
[1.001s] Level 1:colcon.colcon_core.package_identification:_identify(src/crane_simulator) by extensions ['ignore', 'ignore_ament_install']
[1.001s] Level 1:colcon.colcon_core.package_identification:_identify(src/crane_simulator) by extension 'ignore'
[1.001s] Level 1:colcon.colcon_core.package_identification:_identify(src/crane_simulator) by extension 'ignore_ament_install'
[1.001s] Level 1:colcon.colcon_core.package_identification:_identify(src/crane_simulator) by extensions ['colcon_pkg']
[1.001s] Level 1:colcon.colcon_core.package_identification:_identify(src/crane_simulator) by extension 'colcon_pkg'
[1.001s] Level 1:colcon.colcon_core.package_identification:_identify(src/crane_simulator) by extensions ['colcon_meta']
[1.001s] Level 1:colcon.colcon_core.package_identification:_identify(src/crane_simulator) by extension 'colcon_meta'
[1.001s] Level 1:colcon.colcon_core.package_identification:_identify(src/crane_simulator) by extensions ['ros']
[1.002s] Level 1:colcon.colcon_core.package_identification:_identify(src/crane_simulator) by extension 'ros'
[1.003s] DEBUG:colcon.colcon_core.package_identification:Package 'src/crane_simulator' with type 'ros.ament_python' and name 'crane_simulator'
[1.003s] Level 1:colcon.colcon_core.package_identification:_identify(src/crane_visualization) by extensions ['ignore', 'ignore_ament_install']
[1.003s] Level 1:colcon.colcon_core.package_identification:_identify(src/crane_visualization) by extension 'ignore'
[1.004s] Level 1:colcon.colcon_core.package_identification:_identify(src/crane_visualization) by extension 'ignore_ament_install'
[1.004s] Level 1:colcon.colcon_core.package_identification:_identify(src/crane_visualization) by extensions ['colcon_pkg']
[1.004s] Level 1:colcon.colcon_core.package_identification:_identify(src/crane_visualization) by extension 'colcon_pkg'
[1.004s] Level 1:colcon.colcon_core.package_identification:_identify(src/crane_visualization) by extensions ['colcon_meta']
[1.004s] Level 1:colcon.colcon_core.package_identification:_identify(src/crane_visualization) by extension 'colcon_meta'
[1.004s] Level 1:colcon.colcon_core.package_identification:_identify(src/crane_visualization) by extensions ['ros']
[1.004s] Level 1:colcon.colcon_core.package_identification:_identify(src/crane_visualization) by extension 'ros'
[1.005s] DEBUG:colcon.colcon_core.package_identification:Package 'src/crane_visualization' with type 'ros.ament_cmake' and name 'crane_visualization'
[1.006s] Level 1:colcon.colcon_core.package_identification:_identify(src/joint_state_publisher) by extensions ['ignore', 'ignore_ament_install']
[1.006s] Level 1:colcon.colcon_core.package_identification:_identify(src/joint_state_publisher) by extension 'ignore'
[1.006s] Level 1:colcon.colcon_core.package_identification:_identify(src/joint_state_publisher) by extension 'ignore_ament_install'
[1.006s] Level 1:colcon.colcon_core.package_identification:_identify(src/joint_state_publisher) by extensions ['colcon_pkg']
[1.006s] Level 1:colcon.colcon_core.package_identification:_identify(src/joint_state_publisher) by extension 'colcon_pkg'
[1.006s] Level 1:colcon.colcon_core.package_identification:_identify(src/joint_state_publisher) by extensions ['colcon_meta']
[1.006s] Level 1:colcon.colcon_core.package_identification:_identify(src/joint_state_publisher) by extension 'colcon_meta'
[1.006s] Level 1:colcon.colcon_core.package_identification:_identify(src/joint_state_publisher) by extensions ['ros']
[1.006s] Level 1:colcon.colcon_core.package_identification:_identify(src/joint_state_publisher) by extension 'ros'
[1.008s] DEBUG:colcon.colcon_core.package_identification:Package 'src/joint_state_publisher' with type 'ros.ament_python' and name 'joint_state_publisher'
[1.008s] Level 1:colcon.colcon_core.package_identification:_identify(src/joint_state_publisher_gui) by extensions ['ignore', 'ignore_ament_install']
[1.008s] Level 1:colcon.colcon_core.package_identification:_identify(src/joint_state_publisher_gui) by extension 'ignore'
[1.009s] Level 1:colcon.colcon_core.package_identification:_identify(src/joint_state_publisher_gui) by extension 'ignore_ament_install'
[1.009s] Level 1:colcon.colcon_core.package_identification:_identify(src/joint_state_publisher_gui) by extensions ['colcon_pkg']
[1.009s] Level 1:colcon.colcon_core.package_identification:_identify(src/joint_state_publisher_gui) by extension 'colcon_pkg'
[1.009s] Level 1:colcon.colcon_core.package_identification:_identify(src/joint_state_publisher_gui) by extensions ['colcon_meta']
[1.009s] Level 1:colcon.colcon_core.package_identification:_identify(src/joint_state_publisher_gui) by extension 'colcon_meta'
[1.009s] Level 1:colcon.colcon_core.package_identification:_identify(src/joint_state_publisher_gui) by extensions ['ros']
[1.009s] Level 1:colcon.colcon_core.package_identification:_identify(src/joint_state_publisher_gui) by extension 'ros'
[1.010s] DEBUG:colcon.colcon_core.package_identification:Package 'src/joint_state_publisher_gui' with type 'ros.ament_python' and name 'joint_state_publisher_gui'
[1.011s] Level 1:colcon.colcon_core.package_identification:_identify(src/ros2-examples-ads) by extensions ['ignore', 'ignore_ament_install']
[1.011s] Level 1:colcon.colcon_core.package_identification:_identify(src/ros2-examples-ads) by extension 'ignore'
[1.011s] Level 1:colcon.colcon_core.package_identification:_identify(src/ros2-examples-ads) by extension 'ignore_ament_install'
[1.011s] Level 1:colcon.colcon_core.package_identification:_identify(src/ros2-examples-ads) by extensions ['colcon_pkg']
[1.012s] Level 1:colcon.colcon_core.package_identification:_identify(src/ros2-examples-ads) by extension 'colcon_pkg'
[1.012s] Level 1:colcon.colcon_core.package_identification:_identify(src/ros2-examples-ads) by extensions ['colcon_meta']
[1.012s] Level 1:colcon.colcon_core.package_identification:_identify(src/ros2-examples-ads) by extension 'colcon_meta'
[1.012s] Level 1:colcon.colcon_core.package_identification:_identify(src/ros2-examples-ads) by extensions ['ros']
[1.012s] Level 1:colcon.colcon_core.package_identification:_identify(src/ros2-examples-ads) by extension 'ros'
[1.012s] Level 1:colcon.colcon_core.package_identification:_identify(src/ros2-examples-ads) by extensions ['cmake', 'python']
[1.012s] Level 1:colcon.colcon_core.package_identification:_identify(src/ros2-examples-ads) by extension 'cmake'
[1.012s] Level 1:colcon.colcon_core.package_identification:_identify(src/ros2-examples-ads) by extension 'python'
[1.012s] Level 1:colcon.colcon_core.package_identification:_identify(src/ros2-examples-ads) by extensions ['python_setup_py']
[1.012s] Level 1:colcon.colcon_core.package_identification:_identify(src/ros2-examples-ads) by extension 'python_setup_py'
[1.013s] Level 1:colcon.colcon_core.package_identification:_identify(src/ros2-examples-ads/ADS) by extensions ['ignore', 'ignore_ament_install']
[1.013s] Level 1:colcon.colcon_core.package_identification:_identify(src/ros2-examples-ads/ADS) by extension 'ignore'
[1.013s] Level 1:colcon.colcon_core.package_identification:_identify(src/ros2-examples-ads/ADS) by extension 'ignore_ament_install'
[1.013s] Level 1:colcon.colcon_core.package_identification:_identify(src/ros2-examples-ads/ADS) by extensions ['colcon_pkg']
[1.014s] Level 1:colcon.colcon_core.package_identification:_identify(src/ros2-examples-ads/ADS) by extension 'colcon_pkg'
[1.014s] Level 1:colcon.colcon_core.package_identification:_identify(src/ros2-examples-ads/ADS) by extensions ['colcon_meta']
[1.014s] Level 1:colcon.colcon_core.package_identification:_identify(src/ros2-examples-ads/ADS) by extension 'colcon_meta'
[1.014s] Level 1:colcon.colcon_core.package_identification:_identify(src/ros2-examples-ads/ADS) by extensions ['ros']
[1.014s] Level 1:colcon.colcon_core.package_identification:_identify(src/ros2-examples-ads/ADS) by extension 'ros'
[1.014s] Level 1:colcon.colcon_core.package_identification:_identify(src/ros2-examples-ads/ADS) by extensions ['cmake', 'python']
[1.014s] Level 1:colcon.colcon_core.package_identification:_identify(src/ros2-examples-ads/ADS) by extension 'cmake'
[1.021s] Level 1:colcon.colcon_core.package_identification:_identify(src/ros2-examples-ads/ADS) by extension 'python'
[1.022s] DEBUG:colcon.colcon_core.package_identification:Package 'src/ros2-examples-ads/ADS' with type 'cmake' and name 'ads'
[1.022s] Level 1:colcon.colcon_core.package_identification:_identify(src/ros2-examples-ads/ads_example_cmake_no_ros2) by extensions ['ignore', 'ignore_ament_install']
[1.022s] Level 1:colcon.colcon_core.package_identification:_identify(src/ros2-examples-ads/ads_example_cmake_no_ros2) by extension 'ignore'
[1.022s] Level 1:colcon.colcon_core.package_identification:_identify(src/ros2-examples-ads/ads_example_cmake_no_ros2) by extension 'ignore_ament_install'
[1.022s] Level 1:colcon.colcon_core.package_identification:_identify(src/ros2-examples-ads/ads_example_cmake_no_ros2) by extensions ['colcon_pkg']
[1.022s] Level 1:colcon.colcon_core.package_identification:_identify(src/ros2-examples-ads/ads_example_cmake_no_ros2) by extension 'colcon_pkg'
[1.022s] Level 1:colcon.colcon_core.package_identification:_identify(src/ros2-examples-ads/ads_example_cmake_no_ros2) by extensions ['colcon_meta']
[1.022s] Level 1:colcon.colcon_core.package_identification:_identify(src/ros2-examples-ads/ads_example_cmake_no_ros2) by extension 'colcon_meta'
[1.023s] Level 1:colcon.colcon_core.package_identification:_identify(src/ros2-examples-ads/ads_example_cmake_no_ros2) by extensions ['ros']
[1.023s] Level 1:colcon.colcon_core.package_identification:_identify(src/ros2-examples-ads/ads_example_cmake_no_ros2) by extension 'ros'
[1.023s] Level 1:colcon.colcon_core.package_identification:_identify(src/ros2-examples-ads/ads_example_cmake_no_ros2) by extensions ['cmake', 'python']
[1.023s] Level 1:colcon.colcon_core.package_identification:_identify(src/ros2-examples-ads/ads_example_cmake_no_ros2) by extension 'cmake'
[1.024s] Level 1:colcon.colcon_core.package_identification:_identify(src/ros2-examples-ads/ads_example_cmake_no_ros2) by extension 'python'
[1.024s] DEBUG:colcon.colcon_core.package_identification:Package 'src/ros2-examples-ads/ads_example_cmake_no_ros2' with type 'cmake' and name 'ads_example'
[1.024s] Level 1:colcon.colcon_core.package_identification:_identify(src/ros2-examples-ads/ads_example_package) by extensions ['ignore', 'ignore_ament_install']
[1.024s] Level 1:colcon.colcon_core.package_identification:_identify(src/ros2-examples-ads/ads_example_package) by extension 'ignore'
[1.024s] Level 1:colcon.colcon_core.package_identification:_identify(src/ros2-examples-ads/ads_example_package) by extension 'ignore_ament_install'
[1.024s] Level 1:colcon.colcon_core.package_identification:_identify(src/ros2-examples-ads/ads_example_package) by extensions ['colcon_pkg']
[1.024s] Level 1:colcon.colcon_core.package_identification:_identify(src/ros2-examples-ads/ads_example_package) by extension 'colcon_pkg'
[1.025s] Level 1:colcon.colcon_core.package_identification:_identify(src/ros2-examples-ads/ads_example_package) by extensions ['colcon_meta']
[1.025s] Level 1:colcon.colcon_core.package_identification:_identify(src/ros2-examples-ads/ads_example_package) by extension 'colcon_meta'
[1.025s] Level 1:colcon.colcon_core.package_identification:_identify(src/ros2-examples-ads/ads_example_package) by extensions ['ros']
[1.025s] Level 1:colcon.colcon_core.package_identification:_identify(src/ros2-examples-ads/ads_example_package) by extension 'ros'
[1.027s] DEBUG:colcon.colcon_core.package_identification:Package 'src/ros2-examples-ads/ads_example_package' with type 'ros.ament_cmake' and name 'ads_example_package'
[1.027s] Level 1:colcon.colcon_core.package_identification:_identify(src/xacro-20230425T150624Z-001) by extensions ['ignore', 'ignore_ament_install']
[1.027s] Level 1:colcon.colcon_core.package_identification:_identify(src/xacro-20230425T150624Z-001) by extension 'ignore'
[1.027s] Level 1:colcon.colcon_core.package_identification:_identify(src/xacro-20230425T150624Z-001) by extension 'ignore_ament_install'
[1.027s] Level 1:colcon.colcon_core.package_identification:_identify(src/xacro-20230425T150624Z-001) by extensions ['colcon_pkg']
[1.027s] Level 1:colcon.colcon_core.package_identification:_identify(src/xacro-20230425T150624Z-001) by extension 'colcon_pkg'
[1.028s] Level 1:colcon.colcon_core.package_identification:_identify(src/xacro-20230425T150624Z-001) by extensions ['colcon_meta']
[1.028s] Level 1:colcon.colcon_core.package_identification:_identify(src/xacro-20230425T150624Z-001) by extension 'colcon_meta'
[1.028s] Level 1:colcon.colcon_core.package_identification:_identify(src/xacro-20230425T150624Z-001) by extensions ['ros']
[1.028s] Level 1:colcon.colcon_core.package_identification:_identify(src/xacro-20230425T150624Z-001) by extension 'ros'
[1.028s] Level 1:colcon.colcon_core.package_identification:_identify(src/xacro-20230425T150624Z-001) by extensions ['cmake', 'python']
[1.028s] Level 1:colcon.colcon_core.package_identification:_identify(src/xacro-20230425T150624Z-001) by extension 'cmake'
[1.028s] Level 1:colcon.colcon_core.package_identification:_identify(src/xacro-20230425T150624Z-001) by extension 'python'
[1.028s] Level 1:colcon.colcon_core.package_identification:_identify(src/xacro-20230425T150624Z-001) by extensions ['python_setup_py']
[1.028s] Level 1:colcon.colcon_core.package_identification:_identify(src/xacro-20230425T150624Z-001) by extension 'python_setup_py'
[1.029s] Level 1:colcon.colcon_core.package_identification:_identify(src/xacro-20230425T150624Z-001/xacro) by extensions ['ignore', 'ignore_ament_install']
[1.029s] Level 1:colcon.colcon_core.package_identification:_identify(src/xacro-20230425T150624Z-001/xacro) by extension 'ignore'
[1.029s] Level 1:colcon.colcon_core.package_identification:_identify(src/xacro-20230425T150624Z-001/xacro) by extension 'ignore_ament_install'
[1.029s] Level 1:colcon.colcon_core.package_identification:_identify(src/xacro-20230425T150624Z-001/xacro) by extensions ['colcon_pkg']
[1.029s] Level 1:colcon.colcon_core.package_identification:_identify(src/xacro-20230425T150624Z-001/xacro) by extension 'colcon_pkg'
[1.030s] Level 1:colcon.colcon_core.package_identification:_identify(src/xacro-20230425T150624Z-001/xacro) by extensions ['colcon_meta']
[1.030s] Level 1:colcon.colcon_core.package_identification:_identify(src/xacro-20230425T150624Z-001/xacro) by extension 'colcon_meta'
[1.030s] Level 1:colcon.colcon_core.package_identification:_identify(src/xacro-20230425T150624Z-001/xacro) by extensions ['ros']
[1.030s] Level 1:colcon.colcon_core.package_identification:_identify(src/xacro-20230425T150624Z-001/xacro) by extension 'ros'
[1.032s] DEBUG:colcon.colcon_core.package_identification:Package 'src/xacro-20230425T150624Z-001/xacro' with type 'ros.ament_cmake' and name 'xacro'
[1.032s] Level 1:colcon.colcon_core.package_discovery:discover_packages(recursive) using defaults
[1.032s] Level 1:colcon.colcon_core.package_discovery:discover_packages(ignore) discover
[1.032s] Level 1:colcon.colcon_core.package_discovery:discover_packages(ignore) using defaults
[1.033s] Level 1:colcon.colcon_core.package_discovery:discover_packages(path) discover
[1.033s] Level 1:colcon.colcon_core.package_discovery:discover_packages(path) using defaults
[1.086s] INFO:colcon.colcon_metadata.metadata.colcon_pkg:Updating descriptor of package 'src/xacro-20230425T150624Z-001/xacro' from colcon.pkg: {'hooks': ['share/xacro/environment/completion.bash']}
[1.091s] INFO:colcon.colcon_core.package_selection:Skipping not selected package 'ads' in 'src/ros2-examples-ads/ADS'
[1.091s] INFO:colcon.colcon_core.package_selection:Skipping not selected package 'ads_example' in 'src/ros2-examples-ads/ads_example_cmake_no_ros2'
[1.091s] INFO:colcon.colcon_core.package_selection:Skipping not selected package 'crane_interfaces' in 'src/crane_interfaces'
[1.091s] INFO:colcon.colcon_core.package_selection:Skipping not selected package 'joint_state_publisher' in 'src/joint_state_publisher'
[1.092s] INFO:colcon.colcon_core.package_selection:Skipping not selected package 'xacro' in 'src/xacro-20230425T150624Z-001/xacro'
[1.092s] INFO:colcon.colcon_core.package_selection:Skipping not selected package 'crane_controller' in 'src/crane_controller'
[1.092s] INFO:colcon.colcon_core.package_selection:Skipping not selected package 'crane_simulator' in 'src/crane_simulator'
[1.092s] INFO:colcon.colcon_core.package_selection:Skipping not selected package 'joint_state_publisher_gui' in 'src/joint_state_publisher_gui'
[1.092s] INFO:colcon.colcon_core.package_selection:Skipping not selected package 'crane_visualization' in 'src/crane_visualization'
[1.094s] Level 1:colcon.colcon_core.package_discovery:discover_packages(prefix_path) check parameters
[1.094s] Level 1:colcon.colcon_core.package_discovery:discover_packages(prefix_path) discover
[1.104s] DEBUG:colcon.colcon_installed_package_information.package_discovery:Found 10 installed packages in /home/nils/Desktop/oblig3_ws/install
[1.111s] DEBUG:colcon.colcon_installed_package_information.package_discovery:Found 270 installed packages in /opt/ros/humble
[1.117s] Level 1:colcon.colcon_core.package_discovery:discover_packages(prefix_path) using defaults
[1.288s] Level 5:colcon.colcon_core.verb:set package 'ads_example_package' build argument 'cmake_args' from command line to 'None'
[1.289s] Level 5:colcon.colcon_core.verb:set package 'ads_example_package' build argument 'cmake_target' from command line to 'None'
[1.289s] Level 5:colcon.colcon_core.verb:set package 'ads_example_package' build argument 'cmake_target_skip_unavailable' from command line to 'False'
[1.289s] Level 5:colcon.colcon_core.verb:set package 'ads_example_package' build argument 'cmake_clean_cache' from command line to 'False'
[1.289s] Level 5:colcon.colcon_core.verb:set package 'ads_example_package' build argument 'cmake_clean_first' from command line to 'False'
[1.289s] Level 5:colcon.colcon_core.verb:set package 'ads_example_package' build argument 'cmake_force_configure' from command line to 'False'
[1.289s] Level 5:colcon.colcon_core.verb:set package 'ads_example_package' build argument 'ament_cmake_args' from command line to 'None'
[1.289s] Level 5:colcon.colcon_core.verb:set package 'ads_example_package' build argument 'catkin_cmake_args' from command line to 'None'
[1.289s] Level 5:colcon.colcon_core.verb:set package 'ads_example_package' build argument 'catkin_skip_building_tests' from command line to 'False'
[1.289s] DEBUG:colcon.colcon_core.verb:Building package 'ads_example_package' with the following arguments: {'ament_cmake_args': None, 'build_base': '/home/nils/Desktop/oblig3_ws/build/ads_example_package', 'catkin_cmake_args': None, 'catkin_skip_building_tests': False, 'cmake_args': None, 'cmake_clean_cache': False, 'cmake_clean_first': False, 'cmake_force_configure': False, 'cmake_target': None, 'cmake_target_skip_unavailable': False, 'install_base': '/home/nils/Desktop/oblig3_ws/install/ads_example_package', 'merge_install': False, 'path': '/home/nils/Desktop/oblig3_ws/src/ros2-examples-ads/ads_example_package', 'symlink_install': False, 'test_result_base': None}
[1.291s] INFO:colcon.colcon_core.executor:Executing jobs using 'parallel' executor
[1.301s] DEBUG:colcon.colcon_parallel_executor.executor.parallel:run_until_complete
[1.301s] INFO:colcon.colcon_ros.task.ament_cmake.build:Building ROS package in '/home/nils/Desktop/oblig3_ws/src/ros2-examples-ads/ads_example_package' with build type 'ament_cmake'
[1.302s] INFO:colcon.colcon_cmake.task.cmake.build:Building CMake package in '/home/nils/Desktop/oblig3_ws/src/ros2-examples-ads/ads_example_package'
[1.315s] INFO:colcon.colcon_core.plugin_system:Skipping extension 'colcon_core.shell.bat': Not used on non-Windows systems
[1.316s] INFO:colcon.colcon_core.shell:Skip shell extension 'powershell' for command environment: Not usable outside of PowerShell
[1.316s] DEBUG:colcon.colcon_core.shell:Skip shell extension 'dsv' for command environment
[1.352s] DEBUG:colcon.colcon_core.event_handler.log_command:Invoking command in '/home/nils/Desktop/oblig3_ws/build/ads_example_package': CMAKE_PREFIX_PATH=/home/nils/Desktop/oblig3_ws/install/crane_interfaces:/home/nils/Desktop/oblig3_ws/install/xacro:/home/nils/Desktop/oblig3_ws/install/crane_visualization:/home/nils/Desktop/oblig3_ws/install/crane_controller:/home/nils/Desktop/oblig3_ws/install/ads_example_package:/opt/ros/humble:/home/nils/Desktop/oblig3_ws/install/joint_state_publisher_gui:/home/nils/Desktop/oblig3_ws/install/joint_state_publisher:/home/nils/Desktop/oblig3_ws/install/crane_simulator LD_LIBRARY_PATH=/home/nils/Desktop/oblig3_ws/install/crane_interfaces/lib:/opt/ros/humble/opt/rviz_ogre_vendor/lib:/opt/ros/humble/lib/x86_64-linux-gnu:/opt/ros/humble/lib /usr/bin/cmake --build /home/nils/Desktop/oblig3_ws/build/ads_example_package -- -j3 -l3
[11.650s] DEBUG:colcon.colcon_core.event_handler.log_command:Invoked command in '/home/nils/Desktop/oblig3_ws/build/ads_example_package' returned '0': CMAKE_PREFIX_PATH=/home/nils/Desktop/oblig3_ws/install/crane_interfaces:/home/nils/Desktop/oblig3_ws/install/xacro:/home/nils/Desktop/oblig3_ws/install/crane_visualization:/home/nils/Desktop/oblig3_ws/install/crane_controller:/home/nils/Desktop/oblig3_ws/install/ads_example_package:/opt/ros/humble:/home/nils/Desktop/oblig3_ws/install/joint_state_publisher_gui:/home/nils/Desktop/oblig3_ws/install/joint_state_publisher:/home/nils/Desktop/oblig3_ws/install/crane_simulator LD_LIBRARY_PATH=/home/nils/Desktop/oblig3_ws/install/crane_interfaces/lib:/opt/ros/humble/opt/rviz_ogre_vendor/lib:/opt/ros/humble/lib/x86_64-linux-gnu:/opt/ros/humble/lib /usr/bin/cmake --build /home/nils/Desktop/oblig3_ws/build/ads_example_package -- -j3 -l3
[11.731s] DEBUG:colcon.colcon_core.event_handler.log_command:Invoking command in '/home/nils/Desktop/oblig3_ws/build/ads_example_package': CMAKE_PREFIX_PATH=/home/nils/Desktop/oblig3_ws/install/crane_interfaces:/home/nils/Desktop/oblig3_ws/install/xacro:/home/nils/Desktop/oblig3_ws/install/crane_visualization:/home/nils/Desktop/oblig3_ws/install/crane_controller:/home/nils/Desktop/oblig3_ws/install/ads_example_package:/opt/ros/humble:/home/nils/Desktop/oblig3_ws/install/joint_state_publisher_gui:/home/nils/Desktop/oblig3_ws/install/joint_state_publisher:/home/nils/Desktop/oblig3_ws/install/crane_simulator LD_LIBRARY_PATH=/home/nils/Desktop/oblig3_ws/install/crane_interfaces/lib:/opt/ros/humble/opt/rviz_ogre_vendor/lib:/opt/ros/humble/lib/x86_64-linux-gnu:/opt/ros/humble/lib /usr/bin/cmake --install /home/nils/Desktop/oblig3_ws/build/ads_example_package
[11.751s] Level 1:colcon.colcon_core.environment:create_environment_scripts_only(ads_example_package)
[11.757s] DEBUG:colcon.colcon_core.event_handler.log_command:Invoked command in '/home/nils/Desktop/oblig3_ws/build/ads_example_package' returned '0': CMAKE_PREFIX_PATH=/home/nils/Desktop/oblig3_ws/install/crane_interfaces:/home/nils/Desktop/oblig3_ws/install/xacro:/home/nils/Desktop/oblig3_ws/install/crane_visualization:/home/nils/Desktop/oblig3_ws/install/crane_controller:/home/nils/Desktop/oblig3_ws/install/ads_example_package:/opt/ros/humble:/home/nils/Desktop/oblig3_ws/install/joint_state_publisher_gui:/home/nils/Desktop/oblig3_ws/install/joint_state_publisher:/home/nils/Desktop/oblig3_ws/install/crane_simulator LD_LIBRARY_PATH=/home/nils/Desktop/oblig3_ws/install/crane_interfaces/lib:/opt/ros/humble/opt/rviz_ogre_vendor/lib:/opt/ros/humble/lib/x86_64-linux-gnu:/opt/ros/humble/lib /usr/bin/cmake --install /home/nils/Desktop/oblig3_ws/build/ads_example_package
[11.763s] Level 1:colcon.colcon_core.environment:checking '/home/nils/Desktop/oblig3_ws/install/ads_example_package' for CMake module files
[11.764s] Level 1:colcon.colcon_core.environment:checking '/home/nils/Desktop/oblig3_ws/install/ads_example_package' for CMake config files
[11.764s] Level 1:colcon.colcon_core.shell:create_environment_hook('ads_example_package', 'cmake_prefix_path')
[11.767s] INFO:colcon.colcon_core.shell:Creating environment hook '/home/nils/Desktop/oblig3_ws/install/ads_example_package/share/ads_example_package/hook/cmake_prefix_path.ps1'
[11.769s] INFO:colcon.colcon_core.shell:Creating environment descriptor '/home/nils/Desktop/oblig3_ws/install/ads_example_package/share/ads_example_package/hook/cmake_prefix_path.dsv'
[11.770s] INFO:colcon.colcon_core.shell:Creating environment hook '/home/nils/Desktop/oblig3_ws/install/ads_example_package/share/ads_example_package/hook/cmake_prefix_path.sh'
[11.771s] Level 1:colcon.colcon_core.environment:checking '/home/nils/Desktop/oblig3_ws/install/ads_example_package/lib'
[11.772s] Level 1:colcon.colcon_core.environment:checking '/home/nils/Desktop/oblig3_ws/install/ads_example_package/bin'
[11.772s] Level 1:colcon.colcon_core.environment:checking '/home/nils/Desktop/oblig3_ws/install/ads_example_package/lib/pkgconfig/ads_example_package.pc'
[11.773s] Level 1:colcon.colcon_core.environment:checking '/home/nils/Desktop/oblig3_ws/install/ads_example_package/lib/python3.10/site-packages'
[11.773s] Level 1:colcon.colcon_core.environment:checking '/home/nils/Desktop/oblig3_ws/install/ads_example_package/bin'
[11.776s] INFO:colcon.colcon_core.shell:Creating package script '/home/nils/Desktop/oblig3_ws/install/ads_example_package/share/ads_example_package/package.ps1'
[11.778s] INFO:colcon.colcon_core.shell:Creating package descriptor '/home/nils/Desktop/oblig3_ws/install/ads_example_package/share/ads_example_package/package.dsv'
[11.779s] INFO:colcon.colcon_core.shell:Creating package script '/home/nils/Desktop/oblig3_ws/install/ads_example_package/share/ads_example_package/package.sh'
[11.781s] INFO:colcon.colcon_core.shell:Creating package script '/home/nils/Desktop/oblig3_ws/install/ads_example_package/share/ads_example_package/package.bash'
[11.782s] INFO:colcon.colcon_core.shell:Creating package script '/home/nils/Desktop/oblig3_ws/install/ads_example_package/share/ads_example_package/package.zsh'
[11.784s] Level 1:colcon.colcon_core.environment:create_file_with_runtime_dependencies(/home/nils/Desktop/oblig3_ws/install/ads_example_package/share/colcon-core/packages/ads_example_package)
[11.844s] Level 1:colcon.colcon_core.environment:create_environment_scripts_only(ads_example_package)
[11.849s] Level 1:colcon.colcon_core.environment:checking '/home/nils/Desktop/oblig3_ws/install/ads_example_package' for CMake module files
[11.850s] Level 1:colcon.colcon_core.environment:checking '/home/nils/Desktop/oblig3_ws/install/ads_example_package' for CMake config files
[11.850s] Level 1:colcon.colcon_core.shell:create_environment_hook('ads_example_package', 'cmake_prefix_path')
[11.853s] INFO:colcon.colcon_core.shell:Creating environment hook '/home/nils/Desktop/oblig3_ws/install/ads_example_package/share/ads_example_package/hook/cmake_prefix_path.ps1'
[11.854s] INFO:colcon.colcon_core.shell:Creating environment descriptor '/home/nils/Desktop/oblig3_ws/install/ads_example_package/share/ads_example_package/hook/cmake_prefix_path.dsv'
[11.855s] INFO:colcon.colcon_core.shell:Creating environment hook '/home/nils/Desktop/oblig3_ws/install/ads_example_package/share/ads_example_package/hook/cmake_prefix_path.sh'
[11.856s] Level 1:colcon.colcon_core.environment:checking '/home/nils/Desktop/oblig3_ws/install/ads_example_package/lib'
[11.857s] Level 1:colcon.colcon_core.environment:checking '/home/nils/Desktop/oblig3_ws/install/ads_example_package/bin'
[11.857s] Level 1:colcon.colcon_core.environment:checking '/home/nils/Desktop/oblig3_ws/install/ads_example_package/lib/pkgconfig/ads_example_package.pc'
[11.857s] Level 1:colcon.colcon_core.environment:checking '/home/nils/Desktop/oblig3_ws/install/ads_example_package/lib/python3.10/site-packages'
[11.858s] Level 1:colcon.colcon_core.environment:checking '/home/nils/Desktop/oblig3_ws/install/ads_example_package/bin'
[11.861s] INFO:colcon.colcon_core.shell:Creating package script '/home/nils/Desktop/oblig3_ws/install/ads_example_package/share/ads_example_package/package.ps1'
[11.862s] INFO:colcon.colcon_core.shell:Creating package descriptor '/home/nils/Desktop/oblig3_ws/install/ads_example_package/share/ads_example_package/package.dsv'
[11.863s] INFO:colcon.colcon_core.shell:Creating package script '/home/nils/Desktop/oblig3_ws/install/ads_example_package/share/ads_example_package/package.sh'
[11.865s] INFO:colcon.colcon_core.shell:Creating package script '/home/nils/Desktop/oblig3_ws/install/ads_example_package/share/ads_example_package/package.bash'
[11.865s] INFO:colcon.colcon_core.shell:Creating package script '/home/nils/Desktop/oblig3_ws/install/ads_example_package/share/ads_example_package/package.zsh'
[11.877s] Level 1:colcon.colcon_core.environment:create_file_with_runtime_dependencies(/home/nils/Desktop/oblig3_ws/install/ads_example_package/share/colcon-core/packages/ads_example_package)
[11.877s] DEBUG:colcon.colcon_parallel_executor.executor.parallel:closing loop
[11.878s] DEBUG:colcon.colcon_parallel_executor.executor.parallel:loop closed
[11.878s] DEBUG:colcon.colcon_parallel_executor.executor.parallel:run_until_complete finished with '0'
[11.878s] DEBUG:colcon.colcon_core.event_reactor:joining thread
[11.889s] INFO:colcon.colcon_core.plugin_system:Skipping extension 'colcon_notification.desktop_notification.terminal_notifier': Not used on non-Darwin systems
[11.889s] INFO:colcon.colcon_core.plugin_system:Skipping extension 'colcon_notification.desktop_notification.win32': Not used on non-Windows systems
[11.889s] INFO:colcon.colcon_notification.desktop_notification:Sending desktop notification using 'notify2'
[11.919s] DEBUG:colcon.colcon_core.event_reactor:joined thread
[11.923s] INFO:colcon.colcon_core.shell:Creating prefix script '/home/nils/Desktop/oblig3_ws/install/local_setup.ps1'
[11.930s] INFO:colcon.colcon_core.shell:Creating prefix util module '/home/nils/Desktop/oblig3_ws/install/_local_setup_util_ps1.py'
[11.934s] INFO:colcon.colcon_core.shell:Creating prefix chain script '/home/nils/Desktop/oblig3_ws/install/setup.ps1'
[11.938s] INFO:colcon.colcon_core.shell:Creating prefix script '/home/nils/Desktop/oblig3_ws/install/local_setup.sh'
[11.939s] INFO:colcon.colcon_core.shell:Creating prefix util module '/home/nils/Desktop/oblig3_ws/install/_local_setup_util_sh.py'
[11.940s] INFO:colcon.colcon_core.shell:Creating prefix chain script '/home/nils/Desktop/oblig3_ws/install/setup.sh'
[11.944s] INFO:colcon.colcon_core.shell:Creating prefix script '/home/nils/Desktop/oblig3_ws/install/local_setup.bash'
[11.945s] INFO:colcon.colcon_core.shell:Creating prefix chain script '/home/nils/Desktop/oblig3_ws/install/setup.bash'
[11.949s] INFO:colcon.colcon_core.shell:Creating prefix script '/home/nils/Desktop/oblig3_ws/install/local_setup.zsh'
[11.950s] INFO:colcon.colcon_core.shell:Creating prefix chain script '/home/nils/Desktop/oblig3_ws/install/setup.zsh'
