[0.077s] Invoking command in '/home/nils/Desktop/oblig3_ws/build/ads_example_package': CMAKE_PREFIX_PATH=/home/nils/Desktop/oblig3_ws/install/crane_interfaces:/home/nils/Desktop/oblig3_ws/install/xacro:/home/nils/Desktop/oblig3_ws/install/crane_visualization:/home/nils/Desktop/oblig3_ws/install/crane_controller:/home/nils/Desktop/oblig3_ws/install/ads_example_package:/opt/ros/humble:/home/nils/Desktop/oblig3_ws/install/joint_state_publisher_gui:/home/nils/Desktop/oblig3_ws/install/joint_state_publisher:/home/nils/Desktop/oblig3_ws/install/crane_simulator LD_LIBRARY_PATH=/home/nils/Desktop/oblig3_ws/install/crane_interfaces/lib:/opt/ros/humble/opt/rviz_ogre_vendor/lib:/opt/ros/humble/lib/x86_64-linux-gnu:/opt/ros/humble/lib /usr/bin/cmake /home/nils/Desktop/oblig3_ws/src/ros2-examples-ads/ads_example_package -DCMAKE_INSTALL_PREFIX=/home/nils/Desktop/oblig3_ws/install/ads_example_package
[0.445s] -- The C compiler identification is GNU 11.3.0
[0.695s] -- The CXX compiler identification is GNU 11.3.0
[0.744s] -- Detecting C compiler ABI info
[1.040s] -- Detecting C compiler ABI info - done
[1.092s] -- Check for working C compiler: /usr/bin/cc - skipped
[1.093s] -- Detecting C compile features
[1.094s] -- Detecting C compile features - done
[1.120s] -- Detecting CXX compiler ABI info
[1.357s] -- Detecting CXX compiler ABI info - done
[1.387s] -- Check for working CXX compiler: /usr/bin/c++ - skipped
[1.388s] -- Detecting CXX compile features
[1.389s] -- Detecting CXX compile features - done
[1.394s] -- Found ament_cmake: 1.3.3 (/opt/ros/humble/share/ament_cmake/cmake)
[2.136s] -- Found Python3: /usr/bin/python3.10 (found version "3.10.6") found components: Interpreter 
[2.571s] -- Found rclcpp: 16.0.3 (/opt/ros/humble/share/rclcpp/cmake)
[2.820s] -- Found rosidl_generator_c: 3.1.4 (/opt/ros/humble/share/rosidl_generator_c/cmake)
[2.830s] -- Found rosidl_adapter: 3.1.4 (/opt/ros/humble/share/rosidl_adapter/cmake)
[2.907s] -- Found rosidl_generator_cpp: 3.1.4 (/opt/ros/humble/share/rosidl_generator_cpp/cmake)
[2.968s] -- Using all available rosidl_typesupport_c: rosidl_typesupport_fastrtps_c;rosidl_typesupport_introspection_c
[3.016s] -- Using all available rosidl_typesupport_cpp: rosidl_typesupport_fastrtps_cpp;rosidl_typesupport_introspection_cpp
[3.348s] -- Found rmw_implementation_cmake: 6.1.1 (/opt/ros/humble/share/rmw_implementation_cmake/cmake)
[3.357s] -- Found rmw_fastrtps_cpp: 6.2.2 (/opt/ros/humble/share/rmw_fastrtps_cpp/cmake)
[3.735s] -- Found OpenSSL: /usr/lib/x86_64-linux-gnu/libcrypto.so (found version "3.0.2")  
[3.834s] -- Found FastRTPS: /opt/ros/humble/include  
[4.104s] -- Using RMW implementation 'rmw_fastrtps_cpp' as default
[4.131s] -- Looking for pthread.h
[4.292s] -- Looking for pthread.h - found
[4.294s] -- Performing Test CMAKE_HAVE_LIBC_PTHREAD
[4.467s] -- Performing Test CMAKE_HAVE_LIBC_PTHREAD - Success
[4.468s] -- Found Threads: TRUE  
[4.986s] -- Found sensor_msgs: 4.2.3 (/opt/ros/humble/share/sensor_msgs/cmake)
[5.513s] -- Found crane_interfaces: 0.0.0 (/home/nils/Desktop/oblig3_ws/install/crane_interfaces/share/crane_interfaces/cmake)
[5.586s] -- Found ament_lint_auto: 0.12.5 (/opt/ros/humble/share/ament_lint_auto/cmake)
[5.982s] -- Added test 'copyright' to check source files copyright and LICENSE
[5.984s] -- Added test 'cppcheck' to perform static code analysis on C / C++ code
[5.984s] -- Configured cppcheck include dirs: $<BUILD_INTERFACE:/home/nils/Desktop/oblig3_ws/src/ros2-examples-ads/ads_example_package/include>;/home/nils/Desktop/oblig3_ws/src/ros2-examples-ads/ads_example_package/../ADS/AdsLib
[5.985s] -- Configured cppcheck exclude dirs and/or files: 
[5.985s] -- Added test 'cpplint' to check C / C++ code against the Google style
[5.986s] -- Configured cpplint exclude dirs and/or files: 
[5.996s] -- Added test 'lint_cmake' to check CMake code style
[5.997s] -- Added test 'uncrustify' to check C / C++ code style
[5.998s] -- Configured uncrustify additional arguments: 
[5.998s] -- Added test 'xmllint' to check XML markup files
[6.001s] -- Configuring done
[6.061s] -- Generating done
[6.066s] -- Build files have been written to: /home/nils/Desktop/oblig3_ws/build/ads_example_package
[6.101s] Invoked command in '/home/nils/Desktop/oblig3_ws/build/ads_example_package' returned '0': CMAKE_PREFIX_PATH=/home/nils/Desktop/oblig3_ws/install/crane_interfaces:/home/nils/Desktop/oblig3_ws/install/xacro:/home/nils/Desktop/oblig3_ws/install/crane_visualization:/home/nils/Desktop/oblig3_ws/install/crane_controller:/home/nils/Desktop/oblig3_ws/install/ads_example_package:/opt/ros/humble:/home/nils/Desktop/oblig3_ws/install/joint_state_publisher_gui:/home/nils/Desktop/oblig3_ws/install/joint_state_publisher:/home/nils/Desktop/oblig3_ws/install/crane_simulator LD_LIBRARY_PATH=/home/nils/Desktop/oblig3_ws/install/crane_interfaces/lib:/opt/ros/humble/opt/rviz_ogre_vendor/lib:/opt/ros/humble/lib/x86_64-linux-gnu:/opt/ros/humble/lib /usr/bin/cmake /home/nils/Desktop/oblig3_ws/src/ros2-examples-ads/ads_example_package -DCMAKE_INSTALL_PREFIX=/home/nils/Desktop/oblig3_ws/install/ads_example_package
[6.110s] Invoking command in '/home/nils/Desktop/oblig3_ws/build/ads_example_package': CMAKE_PREFIX_PATH=/home/nils/Desktop/oblig3_ws/install/crane_interfaces:/home/nils/Desktop/oblig3_ws/install/xacro:/home/nils/Desktop/oblig3_ws/install/crane_visualization:/home/nils/Desktop/oblig3_ws/install/crane_controller:/home/nils/Desktop/oblig3_ws/install/ads_example_package:/opt/ros/humble:/home/nils/Desktop/oblig3_ws/install/joint_state_publisher_gui:/home/nils/Desktop/oblig3_ws/install/joint_state_publisher:/home/nils/Desktop/oblig3_ws/install/crane_simulator LD_LIBRARY_PATH=/home/nils/Desktop/oblig3_ws/install/crane_interfaces/lib:/opt/ros/humble/opt/rviz_ogre_vendor/lib:/opt/ros/humble/lib/x86_64-linux-gnu:/opt/ros/humble/lib /usr/bin/cmake --build /home/nils/Desktop/oblig3_ws/build/ads_example_package -- -j3 -l3
[6.371s] [ 50%] [32mBuilding CXX object CMakeFiles/ads_node.dir/src/ads_node.cpp.o[0m
[17.836s] [100%] [32m[1mLinking CXX executable ads_node[0m
[18.292s] [100%] Built target ads_node
[18.312s] Invoked command in '/home/nils/Desktop/oblig3_ws/build/ads_example_package' returned '0': CMAKE_PREFIX_PATH=/home/nils/Desktop/oblig3_ws/install/crane_interfaces:/home/nils/Desktop/oblig3_ws/install/xacro:/home/nils/Desktop/oblig3_ws/install/crane_visualization:/home/nils/Desktop/oblig3_ws/install/crane_controller:/home/nils/Desktop/oblig3_ws/install/ads_example_package:/opt/ros/humble:/home/nils/Desktop/oblig3_ws/install/joint_state_publisher_gui:/home/nils/Desktop/oblig3_ws/install/joint_state_publisher:/home/nils/Desktop/oblig3_ws/install/crane_simulator LD_LIBRARY_PATH=/home/nils/Desktop/oblig3_ws/install/crane_interfaces/lib:/opt/ros/humble/opt/rviz_ogre_vendor/lib:/opt/ros/humble/lib/x86_64-linux-gnu:/opt/ros/humble/lib /usr/bin/cmake --build /home/nils/Desktop/oblig3_ws/build/ads_example_package -- -j3 -l3
[18.363s] Invoking command in '/home/nils/Desktop/oblig3_ws/build/ads_example_package': CMAKE_PREFIX_PATH=/home/nils/Desktop/oblig3_ws/install/crane_interfaces:/home/nils/Desktop/oblig3_ws/install/xacro:/home/nils/Desktop/oblig3_ws/install/crane_visualization:/home/nils/Desktop/oblig3_ws/install/crane_controller:/home/nils/Desktop/oblig3_ws/install/ads_example_package:/opt/ros/humble:/home/nils/Desktop/oblig3_ws/install/joint_state_publisher_gui:/home/nils/Desktop/oblig3_ws/install/joint_state_publisher:/home/nils/Desktop/oblig3_ws/install/crane_simulator LD_LIBRARY_PATH=/home/nils/Desktop/oblig3_ws/install/crane_interfaces/lib:/opt/ros/humble/opt/rviz_ogre_vendor/lib:/opt/ros/humble/lib/x86_64-linux-gnu:/opt/ros/humble/lib /usr/bin/cmake --install /home/nils/Desktop/oblig3_ws/build/ads_example_package
[18.374s] -- Install configuration: ""
[18.375s] -- Installing: /home/nils/Desktop/oblig3_ws/install/ads_example_package/lib/ads_example_package/ads_node
[18.378s] -- Set runtime path of "/home/nils/Desktop/oblig3_ws/install/ads_example_package/lib/ads_example_package/ads_node" to ""
[18.379s] -- Installing: /home/nils/Desktop/oblig3_ws/install/ads_example_package/share/ament_index/resource_index/package_run_dependencies/ads_example_package
[18.379s] -- Installing: /home/nils/Desktop/oblig3_ws/install/ads_example_package/share/ament_index/resource_index/parent_prefix_path/ads_example_package
[18.380s] -- Installing: /home/nils/Desktop/oblig3_ws/install/ads_example_package/share/ads_example_package/environment/ament_prefix_path.sh
[18.381s] -- Installing: /home/nils/Desktop/oblig3_ws/install/ads_example_package/share/ads_example_package/environment/ament_prefix_path.dsv
[18.381s] -- Installing: /home/nils/Desktop/oblig3_ws/install/ads_example_package/share/ads_example_package/environment/path.sh
[18.382s] -- Installing: /home/nils/Desktop/oblig3_ws/install/ads_example_package/share/ads_example_package/environment/path.dsv
[18.383s] -- Installing: /home/nils/Desktop/oblig3_ws/install/ads_example_package/share/ads_example_package/local_setup.bash
[18.383s] -- Installing: /home/nils/Desktop/oblig3_ws/install/ads_example_package/share/ads_example_package/local_setup.sh
[18.384s] -- Installing: /home/nils/Desktop/oblig3_ws/install/ads_example_package/share/ads_example_package/local_setup.zsh
[18.384s] -- Installing: /home/nils/Desktop/oblig3_ws/install/ads_example_package/share/ads_example_package/local_setup.dsv
[18.385s] -- Installing: /home/nils/Desktop/oblig3_ws/install/ads_example_package/share/ads_example_package/package.dsv
[18.385s] -- Installing: /home/nils/Desktop/oblig3_ws/install/ads_example_package/share/ament_index/resource_index/packages/ads_example_package
[18.386s] -- Installing: /home/nils/Desktop/oblig3_ws/install/ads_example_package/share/ads_example_package/cmake/ads_example_packageConfig.cmake
[18.387s] -- Installing: /home/nils/Desktop/oblig3_ws/install/ads_example_package/share/ads_example_package/cmake/ads_example_packageConfig-version.cmake
[18.387s] -- Installing: /home/nils/Desktop/oblig3_ws/install/ads_example_package/share/ads_example_package/package.xml
[18.396s] Invoked command in '/home/nils/Desktop/oblig3_ws/build/ads_example_package' returned '0': CMAKE_PREFIX_PATH=/home/nils/Desktop/oblig3_ws/install/crane_interfaces:/home/nils/Desktop/oblig3_ws/install/xacro:/home/nils/Desktop/oblig3_ws/install/crane_visualization:/home/nils/Desktop/oblig3_ws/install/crane_controller:/home/nils/Desktop/oblig3_ws/install/ads_example_package:/opt/ros/humble:/home/nils/Desktop/oblig3_ws/install/joint_state_publisher_gui:/home/nils/Desktop/oblig3_ws/install/joint_state_publisher:/home/nils/Desktop/oblig3_ws/install/crane_simulator LD_LIBRARY_PATH=/home/nils/Desktop/oblig3_ws/install/crane_interfaces/lib:/opt/ros/humble/opt/rviz_ogre_vendor/lib:/opt/ros/humble/lib/x86_64-linux-gnu:/opt/ros/humble/lib /usr/bin/cmake --install /home/nils/Desktop/oblig3_ws/build/ads_example_package
