[0.101s] Invoking command in '/home/nils/Desktop/oblig3_ws/build/crane_controller': CMAKE_PREFIX_PATH=/home/nils/Desktop/oblig3_ws/install/crane_interfaces:/home/nils/Desktop/oblig3_ws/install/xacro:/home/nils/Desktop/oblig3_ws/install/crane_visualization:/home/nils/Desktop/oblig3_ws/install/crane_controller:/home/nils/Desktop/oblig3_ws/install/ads_example_package:/opt/ros/humble:/home/nils/Desktop/oblig3_ws/install/joint_state_publisher_gui:/home/nils/Desktop/oblig3_ws/install/joint_state_publisher:/home/nils/Desktop/oblig3_ws/install/crane_simulator LD_LIBRARY_PATH=/home/nils/Desktop/oblig3_ws/install/crane_interfaces/lib:/opt/ros/humble/opt/rviz_ogre_vendor/lib:/opt/ros/humble/lib/x86_64-linux-gnu:/opt/ros/humble/lib /usr/bin/cmake /home/nils/Desktop/oblig3_ws/src/crane_controller -DCMAKE_INSTALL_PREFIX=/home/nils/Desktop/oblig3_ws/install/crane_controller
[0.346s] -- The C compiler identification is GNU 11.3.0
[0.609s] -- The CXX compiler identification is GNU 11.3.0
[0.645s] -- Detecting C compiler ABI info
[0.904s] -- Detecting C compiler ABI info - done
[0.946s] -- Check for working C compiler: /usr/bin/cc - skipped
[0.968s] -- Detecting C compile features
[0.976s] -- Detecting C compile features - done
[1.004s] -- Detecting CXX compiler ABI info
[1.275s] -- Detecting CXX compiler ABI info - done
[1.304s] -- Check for working CXX compiler: /usr/bin/c++ - skipped
[1.306s] -- Detecting CXX compile features
[1.307s] -- Detecting CXX compile features - done
[1.312s] -- Found ament_cmake: 1.3.3 (/opt/ros/humble/share/ament_cmake/cmake)
[1.990s] -- Found Python3: /usr/bin/python3.10 (found version "3.10.6") found components: Interpreter 
[2.357s] -- Found rclcpp: 16.0.3 (/opt/ros/humble/share/rclcpp/cmake)
[2.515s] -- Found rosidl_generator_c: 3.1.4 (/opt/ros/humble/share/rosidl_generator_c/cmake)
[2.528s] -- Found rosidl_adapter: 3.1.4 (/opt/ros/humble/share/rosidl_adapter/cmake)
[2.594s] -- Found rosidl_generator_cpp: 3.1.4 (/opt/ros/humble/share/rosidl_generator_cpp/cmake)
[2.679s] -- Using all available rosidl_typesupport_c: rosidl_typesupport_fastrtps_c;rosidl_typesupport_introspection_c
[2.735s] -- Using all available rosidl_typesupport_cpp: rosidl_typesupport_fastrtps_cpp;rosidl_typesupport_introspection_cpp
[2.972s] -- Found rmw_implementation_cmake: 6.1.1 (/opt/ros/humble/share/rmw_implementation_cmake/cmake)
[2.984s] -- Found rmw_fastrtps_cpp: 6.2.2 (/opt/ros/humble/share/rmw_fastrtps_cpp/cmake)
[3.380s] -- Found OpenSSL: /usr/lib/x86_64-linux-gnu/libcrypto.so (found version "3.0.2")  
[3.468s] -- Found FastRTPS: /opt/ros/humble/include  
[3.590s] -- Using RMW implementation 'rmw_fastrtps_cpp' as default
[3.620s] -- Looking for pthread.h
[3.813s] -- Looking for pthread.h - found
[3.817s] -- Performing Test CMAKE_HAVE_LIBC_PTHREAD
[4.028s] -- Performing Test CMAKE_HAVE_LIBC_PTHREAD - Success
[4.030s] -- Found Threads: TRUE  
[4.852s] -- Found crane_interfaces: 0.0.0 (/home/nils/Desktop/oblig3_ws/install/crane_interfaces/share/crane_interfaces/cmake)
[4.899s] -- Found ament_lint_auto: 0.12.5 (/opt/ros/humble/share/ament_lint_auto/cmake)
[5.118s] -- Added test 'copyright' to check source files copyright and LICENSE
[5.123s] -- Added test 'cppcheck' to perform static code analysis on C / C++ code
[5.124s] -- Configured cppcheck include dirs: 
[5.124s] -- Configured cppcheck exclude dirs and/or files: 
[5.127s] -- Added test 'cpplint' to check C / C++ code against the Google style
[5.127s] -- Configured cpplint exclude dirs and/or files: 
[5.131s] -- Added test 'flake8' to check Python code syntax and style conventions
[5.134s] -- Added test 'lint_cmake' to check CMake code style
[5.138s] -- Added test 'pep257' to check Python code against some of the docstring style conventions in PEP 257
[5.141s] -- Added test 'uncrustify' to check C / C++ code style
[5.141s] -- Configured uncrustify additional arguments: 
[5.144s] -- Added test 'xmllint' to check XML markup files
[5.148s] -- Configuring done
[5.192s] -- Generating done
[5.199s] -- Build files have been written to: /home/nils/Desktop/oblig3_ws/build/crane_controller
[5.239s] Invoked command in '/home/nils/Desktop/oblig3_ws/build/crane_controller' returned '0': CMAKE_PREFIX_PATH=/home/nils/Desktop/oblig3_ws/install/crane_interfaces:/home/nils/Desktop/oblig3_ws/install/xacro:/home/nils/Desktop/oblig3_ws/install/crane_visualization:/home/nils/Desktop/oblig3_ws/install/crane_controller:/home/nils/Desktop/oblig3_ws/install/ads_example_package:/opt/ros/humble:/home/nils/Desktop/oblig3_ws/install/joint_state_publisher_gui:/home/nils/Desktop/oblig3_ws/install/joint_state_publisher:/home/nils/Desktop/oblig3_ws/install/crane_simulator LD_LIBRARY_PATH=/home/nils/Desktop/oblig3_ws/install/crane_interfaces/lib:/opt/ros/humble/opt/rviz_ogre_vendor/lib:/opt/ros/humble/lib/x86_64-linux-gnu:/opt/ros/humble/lib /usr/bin/cmake /home/nils/Desktop/oblig3_ws/src/crane_controller -DCMAKE_INSTALL_PREFIX=/home/nils/Desktop/oblig3_ws/install/crane_controller
[5.240s] Invoking command in '/home/nils/Desktop/oblig3_ws/build/crane_controller': CMAKE_PREFIX_PATH=/home/nils/Desktop/oblig3_ws/install/crane_interfaces:/home/nils/Desktop/oblig3_ws/install/xacro:/home/nils/Desktop/oblig3_ws/install/crane_visualization:/home/nils/Desktop/oblig3_ws/install/crane_controller:/home/nils/Desktop/oblig3_ws/install/ads_example_package:/opt/ros/humble:/home/nils/Desktop/oblig3_ws/install/joint_state_publisher_gui:/home/nils/Desktop/oblig3_ws/install/joint_state_publisher:/home/nils/Desktop/oblig3_ws/install/crane_simulator LD_LIBRARY_PATH=/home/nils/Desktop/oblig3_ws/install/crane_interfaces/lib:/opt/ros/humble/opt/rviz_ogre_vendor/lib:/opt/ros/humble/lib/x86_64-linux-gnu:/opt/ros/humble/lib /usr/bin/cmake --build /home/nils/Desktop/oblig3_ws/build/crane_controller -- -j3 -l3
[5.419s] [ 50%] [32mBuilding CXX object CMakeFiles/motion_ref_generator.dir/src/motion_ref_generator.cpp.o[0m
[15.811s] [100%] [32m[1mLinking CXX executable motion_ref_generator[0m
[16.374s] [100%] Built target motion_ref_generator
[16.405s] Invoked command in '/home/nils/Desktop/oblig3_ws/build/crane_controller' returned '0': CMAKE_PREFIX_PATH=/home/nils/Desktop/oblig3_ws/install/crane_interfaces:/home/nils/Desktop/oblig3_ws/install/xacro:/home/nils/Desktop/oblig3_ws/install/crane_visualization:/home/nils/Desktop/oblig3_ws/install/crane_controller:/home/nils/Desktop/oblig3_ws/install/ads_example_package:/opt/ros/humble:/home/nils/Desktop/oblig3_ws/install/joint_state_publisher_gui:/home/nils/Desktop/oblig3_ws/install/joint_state_publisher:/home/nils/Desktop/oblig3_ws/install/crane_simulator LD_LIBRARY_PATH=/home/nils/Desktop/oblig3_ws/install/crane_interfaces/lib:/opt/ros/humble/opt/rviz_ogre_vendor/lib:/opt/ros/humble/lib/x86_64-linux-gnu:/opt/ros/humble/lib /usr/bin/cmake --build /home/nils/Desktop/oblig3_ws/build/crane_controller -- -j3 -l3
[16.525s] Invoking command in '/home/nils/Desktop/oblig3_ws/build/crane_controller': CMAKE_PREFIX_PATH=/home/nils/Desktop/oblig3_ws/install/crane_interfaces:/home/nils/Desktop/oblig3_ws/install/xacro:/home/nils/Desktop/oblig3_ws/install/crane_visualization:/home/nils/Desktop/oblig3_ws/install/crane_controller:/home/nils/Desktop/oblig3_ws/install/ads_example_package:/opt/ros/humble:/home/nils/Desktop/oblig3_ws/install/joint_state_publisher_gui:/home/nils/Desktop/oblig3_ws/install/joint_state_publisher:/home/nils/Desktop/oblig3_ws/install/crane_simulator LD_LIBRARY_PATH=/home/nils/Desktop/oblig3_ws/install/crane_interfaces/lib:/opt/ros/humble/opt/rviz_ogre_vendor/lib:/opt/ros/humble/lib/x86_64-linux-gnu:/opt/ros/humble/lib /usr/bin/cmake --install /home/nils/Desktop/oblig3_ws/build/crane_controller
[16.547s] -- Install configuration: ""
[16.552s] -- Installing: /home/nils/Desktop/oblig3_ws/install/crane_controller/lib/crane_controller/motion_ref_generator
[16.556s] -- Set runtime path of "/home/nils/Desktop/oblig3_ws/install/crane_controller/lib/crane_controller/motion_ref_generator" to ""
[16.556s] -- Installing: /home/nils/Desktop/oblig3_ws/install/crane_controller/share/crane_controller//launch
[16.556s] -- Installing: /home/nils/Desktop/oblig3_ws/install/crane_controller/share/crane_controller//launch/crane_controller.launch.py
[16.556s] -- Installing: /home/nils/Desktop/oblig3_ws/install/crane_controller/share/ament_index/resource_index/package_run_dependencies/crane_controller
[16.556s] -- Installing: /home/nils/Desktop/oblig3_ws/install/crane_controller/share/ament_index/resource_index/parent_prefix_path/crane_controller
[16.557s] -- Installing: /home/nils/Desktop/oblig3_ws/install/crane_controller/share/crane_controller/environment/ament_prefix_path.sh
[16.557s] -- Installing: /home/nils/Desktop/oblig3_ws/install/crane_controller/share/crane_controller/environment/ament_prefix_path.dsv
[16.557s] -- Installing: /home/nils/Desktop/oblig3_ws/install/crane_controller/share/crane_controller/environment/path.sh
[16.557s] -- Installing: /home/nils/Desktop/oblig3_ws/install/crane_controller/share/crane_controller/environment/path.dsv
[16.558s] -- Installing: /home/nils/Desktop/oblig3_ws/install/crane_controller/share/crane_controller/local_setup.bash
[16.559s] -- Installing: /home/nils/Desktop/oblig3_ws/install/crane_controller/share/crane_controller/local_setup.sh
[16.566s] -- Installing: /home/nils/Desktop/oblig3_ws/install/crane_controller/share/crane_controller/local_setup.zsh
[16.568s] -- Installing: /home/nils/Desktop/oblig3_ws/install/crane_controller/share/crane_controller/local_setup.dsv
[16.569s] -- Installing: /home/nils/Desktop/oblig3_ws/install/crane_controller/share/crane_controller/package.dsv
[16.571s] -- Installing: /home/nils/Desktop/oblig3_ws/install/crane_controller/share/ament_index/resource_index/packages/crane_controller
[16.572s] -- Installing: /home/nils/Desktop/oblig3_ws/install/crane_controller/share/crane_controller/cmake/crane_controllerConfig.cmake
[16.573s] -- Installing: /home/nils/Desktop/oblig3_ws/install/crane_controller/share/crane_controller/cmake/crane_controllerConfig-version.cmake
[16.574s] -- Installing: /home/nils/Desktop/oblig3_ws/install/crane_controller/share/crane_controller/package.xml
[16.594s] Invoked command in '/home/nils/Desktop/oblig3_ws/build/crane_controller' returned '0': CMAKE_PREFIX_PATH=/home/nils/Desktop/oblig3_ws/install/crane_interfaces:/home/nils/Desktop/oblig3_ws/install/xacro:/home/nils/Desktop/oblig3_ws/install/crane_visualization:/home/nils/Desktop/oblig3_ws/install/crane_controller:/home/nils/Desktop/oblig3_ws/install/ads_example_package:/opt/ros/humble:/home/nils/Desktop/oblig3_ws/install/joint_state_publisher_gui:/home/nils/Desktop/oblig3_ws/install/joint_state_publisher:/home/nils/Desktop/oblig3_ws/install/crane_simulator LD_LIBRARY_PATH=/home/nils/Desktop/oblig3_ws/install/crane_interfaces/lib:/opt/ros/humble/opt/rviz_ogre_vendor/lib:/opt/ros/humble/lib/x86_64-linux-gnu:/opt/ros/humble/lib /usr/bin/cmake --install /home/nils/Desktop/oblig3_ws/build/crane_controller
