[4.704s] Invoking command in '/home/nils/Desktop/oblig3_ws/src/joint_state_publisher': PYTHONPATH=/home/nils/Desktop/oblig3_ws/build/joint_state_publisher/prefix_override:/home/nils/Desktop/oblig3_ws/install/joint_state_publisher/lib/python3.10/site-packages:${PYTHONPATH} /usr/bin/python3 setup.py egg_info --egg-base ../../build/joint_state_publisher build --build-base /home/nils/Desktop/oblig3_ws/build/joint_state_publisher/build install --record /home/nils/Desktop/oblig3_ws/build/joint_state_publisher/install.log --single-version-externally-managed
[6.280s] running egg_info
[6.295s] creating ../../build/joint_state_publisher/joint_state_publisher.egg-info
[6.296s] writing ../../build/joint_state_publisher/joint_state_publisher.egg-info/PKG-INFO
[6.296s] writing dependency_links to ../../build/joint_state_publisher/joint_state_publisher.egg-info/dependency_links.txt
[6.296s] writing entry points to ../../build/joint_state_publisher/joint_state_publisher.egg-info/entry_points.txt
[6.297s] writing requirements to ../../build/joint_state_publisher/joint_state_publisher.egg-info/requires.txt
[6.297s] writing top-level names to ../../build/joint_state_publisher/joint_state_publisher.egg-info/top_level.txt
[6.297s] writing manifest file '../../build/joint_state_publisher/joint_state_publisher.egg-info/SOURCES.txt'
[6.297s] reading manifest file '../../build/joint_state_publisher/joint_state_publisher.egg-info/SOURCES.txt'
[6.298s] adding license file 'LICENSE'
[6.308s] writing manifest file '../../build/joint_state_publisher/joint_state_publisher.egg-info/SOURCES.txt'
[6.309s] running build
[6.309s] running build_py
[6.309s] creating /home/nils/Desktop/oblig3_ws/build/joint_state_publisher/build
[6.320s] creating /home/nils/Desktop/oblig3_ws/build/joint_state_publisher/build/lib
[6.321s] creating /home/nils/Desktop/oblig3_ws/build/joint_state_publisher/build/lib/joint_state_publisher
[6.321s] copying joint_state_publisher/joint_state_publisher.py -> /home/nils/Desktop/oblig3_ws/build/joint_state_publisher/build/lib/joint_state_publisher
[6.321s] copying joint_state_publisher/__init__.py -> /home/nils/Desktop/oblig3_ws/build/joint_state_publisher/build/lib/joint_state_publisher
[6.321s] running install
[6.322s] running install_lib
[6.322s] creating /home/nils/Desktop/oblig3_ws/install/joint_state_publisher/lib/python3.10/site-packages/joint_state_publisher
[6.322s] copying /home/nils/Desktop/oblig3_ws/build/joint_state_publisher/build/lib/joint_state_publisher/joint_state_publisher.py -> /home/nils/Desktop/oblig3_ws/install/joint_state_publisher/lib/python3.10/site-packages/joint_state_publisher
[6.323s] copying /home/nils/Desktop/oblig3_ws/build/joint_state_publisher/build/lib/joint_state_publisher/__init__.py -> /home/nils/Desktop/oblig3_ws/install/joint_state_publisher/lib/python3.10/site-packages/joint_state_publisher
[6.323s] byte-compiling /home/nils/Desktop/oblig3_ws/install/joint_state_publisher/lib/python3.10/site-packages/joint_state_publisher/joint_state_publisher.py to joint_state_publisher.cpython-310.pyc
[6.328s] byte-compiling /home/nils/Desktop/oblig3_ws/install/joint_state_publisher/lib/python3.10/site-packages/joint_state_publisher/__init__.py to __init__.cpython-310.pyc
[6.328s] running install_data
[6.329s] creating /home/nils/Desktop/oblig3_ws/install/joint_state_publisher/share/ament_index
[6.329s] creating /home/nils/Desktop/oblig3_ws/install/joint_state_publisher/share/ament_index/resource_index
[6.338s] creating /home/nils/Desktop/oblig3_ws/install/joint_state_publisher/share/ament_index/resource_index/packages
[6.338s] copying resource/joint_state_publisher -> /home/nils/Desktop/oblig3_ws/install/joint_state_publisher/share/ament_index/resource_index/packages
[6.343s] copying package.xml -> /home/nils/Desktop/oblig3_ws/install/joint_state_publisher/share/joint_state_publisher
[6.343s] running install_egg_info
[6.356s] Copying ../../build/joint_state_publisher/joint_state_publisher.egg-info to /home/nils/Desktop/oblig3_ws/install/joint_state_publisher/lib/python3.10/site-packages/joint_state_publisher-2.3.0-py3.10.egg-info
[6.356s] running install_scripts
[6.400s] Installing joint_state_publisher script to /home/nils/Desktop/oblig3_ws/install/joint_state_publisher/lib/joint_state_publisher
[6.401s] Installing state_publisher script to /home/nils/Desktop/oblig3_ws/install/joint_state_publisher/lib/joint_state_publisher
[6.413s] writing list of installed files to '/home/nils/Desktop/oblig3_ws/build/joint_state_publisher/install.log'
[6.514s] Invoked command in '/home/nils/Desktop/oblig3_ws/src/joint_state_publisher' returned '0': PYTHONPATH=/home/nils/Desktop/oblig3_ws/build/joint_state_publisher/prefix_override:/home/nils/Desktop/oblig3_ws/install/joint_state_publisher/lib/python3.10/site-packages:${PYTHONPATH} /usr/bin/python3 setup.py egg_info --egg-base ../../build/joint_state_publisher build --build-base /home/nils/Desktop/oblig3_ws/build/joint_state_publisher/build install --record /home/nils/Desktop/oblig3_ws/build/joint_state_publisher/install.log --single-version-externally-managed
