[0.034s] Invoking command in '/home/nils/Desktop/oblig3_ws/build/ads_example': /usr/bin/cmake /home/nils/Desktop/oblig3_ws/src/ros2-examples-ads/ads_example_cmake_no_ros2 -DCMAKE_INSTALL_PREFIX=/home/nils/Desktop/oblig3_ws/install/ads_example
[0.476s] -- The C compiler identification is GNU 11.3.0
[1.013s] -- The CXX compiler identification is GNU 11.3.0
[1.084s] -- Detecting C compiler ABI info
[1.556s] -- Detecting C compiler ABI info - done
[1.639s] -- Check for working C compiler: /usr/bin/cc - skipped
[1.642s] -- Detecting C compile features
[1.642s] -- Detecting C compile features - done
[1.669s] -- Detecting CXX compiler ABI info
[2.149s] -- Detecting CXX compiler ABI info - done
[2.243s] -- Check for working CXX compiler: /usr/bin/c++ - skipped
[2.244s] -- Detecting CXX compile features
[2.244s] -- Detecting CXX compile features - done
[2.249s] -- Looking for pthread.h
[2.503s] -- Looking for pthread.h - found
[2.505s] -- Performing Test CMAKE_HAVE_LIBC_PTHREAD
[2.747s] -- Performing Test CMAKE_HAVE_LIBC_PTHREAD - Success
[2.748s] -- Found Threads: TRUE  
[2.765s] -- Configuring done
[2.784s] -- Generating done
[2.785s] -- Build files have been written to: /home/nils/Desktop/oblig3_ws/build/ads_example
[2.804s] Invoked command in '/home/nils/Desktop/oblig3_ws/build/ads_example' returned '0': /usr/bin/cmake /home/nils/Desktop/oblig3_ws/src/ros2-examples-ads/ads_example_cmake_no_ros2 -DCMAKE_INSTALL_PREFIX=/home/nils/Desktop/oblig3_ws/install/ads_example
[2.824s] Invoking command in '/home/nils/Desktop/oblig3_ws/build/ads_example': /usr/bin/cmake --build /home/nils/Desktop/oblig3_ws/build/ads_example -- -j3 -l3
[2.992s] [ 50%] [32mBuilding CXX object CMakeFiles/ads_example.dir/ads_example.cpp.o[0m
[7.117s] [100%] [32m[1mLinking CXX executable ads_example[0m
[7.472s] [100%] Built target ads_example
[7.596s] Invoked command in '/home/nils/Desktop/oblig3_ws/build/ads_example' returned '0': /usr/bin/cmake --build /home/nils/Desktop/oblig3_ws/build/ads_example -- -j3 -l3
