[0.076s] Invoking command in '/home/nils/Desktop/oblig3_ws/build/ads': /usr/bin/cmake /home/nils/Desktop/oblig3_ws/src/ros2-examples-ads/ADS -DCMAKE_INSTALL_PREFIX=/home/nils/Desktop/oblig3_ws/install/ads
[0.508s] -- The C compiler identification is GNU 11.3.0
[1.024s] -- The CXX compiler identification is GNU 11.3.0
[1.076s] -- Detecting C compiler ABI info
[1.571s] -- Detecting C compiler ABI info - done
[1.629s] -- Check for working C compiler: /usr/bin/cc - skipped
[1.630s] -- Detecting C compile features
[1.645s] -- Detecting C compile features - done
[1.653s] -- Detecting CXX compiler ABI info
[2.142s] -- Detecting CXX compiler ABI info - done
[2.212s] -- Check for working CXX compiler: /usr/bin/c++ - skipped
[2.220s] -- Detecting CXX compile features
[2.228s] -- Detecting CXX compile features - done
[2.239s] -- Looking for pthread.h
[2.795s] -- Looking for pthread.h - found
[2.795s] -- Performing Test CMAKE_HAVE_LIBC_PTHREAD
[3.244s] -- Performing Test CMAKE_HAVE_LIBC_PTHREAD - Success
[3.244s] -- Found Threads: TRUE  
[3.250s] -- Configuring done
[3.339s] -- Generating done
[3.339s] -- Build files have been written to: /home/nils/Desktop/oblig3_ws/build/ads
[3.357s] Invoked command in '/home/nils/Desktop/oblig3_ws/build/ads' returned '0': /usr/bin/cmake /home/nils/Desktop/oblig3_ws/src/ros2-examples-ads/ADS -DCMAKE_INSTALL_PREFIX=/home/nils/Desktop/oblig3_ws/install/ads
[3.358s] Invoking command in '/home/nils/Desktop/oblig3_ws/build/ads': /usr/bin/cmake --build /home/nils/Desktop/oblig3_ws/build/ads -- -j3 -l3
[3.670s] [  4%] [32mBuilding CXX object AdsLib/CMakeFiles/ads.dir/AdsFile.cpp.o[0m
[3.677s] [ 14%] [32mBuilding CXX object AdsLib/CMakeFiles/ads.dir/AdsDevice.cpp.o[0m
[3.677s] [ 14%] [32mBuilding CXX object AdsLib/CMakeFiles/ads.dir/AdsDef.cpp.o[0m
[4.881s] [ 19%] [32mBuilding CXX object AdsLib/CMakeFiles/ads.dir/AdsLib.cpp.o[0m
[5.212s] [ 23%] [32mBuilding CXX object AdsLib/CMakeFiles/ads.dir/Frame.cpp.o[0m
[6.090s] [ 28%] [32mBuilding CXX object AdsLib/CMakeFiles/ads.dir/LicenseAccess.cpp.o[0m
[6.268s] [ 33%] [32mBuilding CXX object AdsLib/CMakeFiles/ads.dir/Log.cpp.o[0m
[6.962s] [ 38%] [32mBuilding CXX object AdsLib/CMakeFiles/ads.dir/RouterAccess.cpp.o[0m
[7.656s] [ 42%] [32mBuilding CXX object AdsLib/CMakeFiles/ads.dir/RTimeAccess.cpp.o[0m
[8.225s] [ 47%] [32mBuilding CXX object AdsLib/CMakeFiles/ads.dir/Sockets.cpp.o[0m
[8.681s] [ 52%] [32mBuilding CXX object AdsLib/CMakeFiles/ads.dir/standalone/AdsLib.cpp.o[0m
[9.103s] [ 57%] [32mBuilding CXX object AdsLib/CMakeFiles/ads.dir/standalone/AmsConnection.cpp.o[0m
[10.192s] [ 61%] [32mBuilding CXX object AdsLib/CMakeFiles/ads.dir/standalone/AmsNetId.cpp.o[0m
[11.291s] [ 66%] [32mBuilding CXX object AdsLib/CMakeFiles/ads.dir/standalone/AmsPort.cpp.o[0m
[11.522s] [ 71%] [32mBuilding CXX object AdsLib/CMakeFiles/ads.dir/standalone/AmsRouter.cpp.o[0m
[12.260s] [ 76%] [32mBuilding CXX object AdsLib/CMakeFiles/ads.dir/standalone/NotificationDispatcher.cpp.o[0m
[14.327s] [ 80%] [32m[1mLinking CXX shared library libads.so[0m
[14.737s] [ 80%] Built target ads
[14.771s] [ 85%] [32mBuilding CXX object AdsLibTest/CMakeFiles/AdsLibTest.bin.dir/main.cpp.o[0m
[14.820s] [ 90%] [32mBuilding CXX object example/CMakeFiles/example.bin.dir/example.cpp.o[0m
[16.353s] [ 95%] [32m[1mLinking CXX executable example.bin[0m
[16.545s] [ 95%] Built target example.bin
[19.421s] [100%] [32m[1mLinking CXX executable AdsLibTest.bin[0m
[19.685s] [100%] Built target AdsLibTest.bin
[19.727s] Invoked command in '/home/nils/Desktop/oblig3_ws/build/ads' returned '0': /usr/bin/cmake --build /home/nils/Desktop/oblig3_ws/build/ads -- -j3 -l3
