[1.256s] DEBUG:colcon:Command line arguments: ['/usr/bin/colcon', 'build', '--packages-select', 'ads_example_package']
[1.256s] DEBUG:colcon:Parsed command line arguments: Namespace(log_base=None, log_level=None, verb_name='build', build_base='build', install_base='install', merge_install=False, symlink_install=False, test_result_base=None, continue_on_error=False, executor='parallel', parallel_workers=3, event_handlers=None, ignore_user_meta=False, metas=['./colcon.meta'], base_paths=['.'], packages_ignore=None, packages_ignore_regex=None, paths=None, packages_up_to=None, packages_up_to_regex=None, packages_above=None, packages_above_and_dependencies=None, packages_above_depth=None, packages_select_by_dep=None, packages_skip_by_dep=None, packages_skip_up_to=None, packages_select_build_failed=False, packages_skip_build_finished=False, packages_select_test_failures=False, packages_skip_test_passed=False, packages_select=['ads_example_package'], packages_skip=None, packages_select_regex=None, packages_skip_regex=None, packages_start=None, packages_end=None, allow_overriding=[], cmake_args=None, cmake_target=None, cmake_target_skip_unavailable=False, cmake_clean_cache=False, cmake_clean_first=False, cmake_force_configure=False, ament_cmake_args=None, catkin_cmake_args=None, catkin_skip_building_tests=False, verb_parser=<colcon_defaults.argument_parser.defaults.DefaultArgumentsDecorator object at 0x7f00baea58d0>, verb_extension=<colcon_core.verb.build.BuildVerb object at 0x7f00baea5360>, main=<bound method BuildVerb.main of <colcon_core.verb.build.BuildVerb object at 0x7f00baea5360>>)
[1.346s] Level 1:colcon.colcon_core.package_discovery:discover_packages(colcon_meta) check parameters
[1.346s] Level 1:colcon.colcon_core.package_discovery:discover_packages(recursive) check parameters
[1.346s] Level 1:colcon.colcon_core.package_discovery:discover_packages(ignore) check parameters
[1.346s] Level 1:colcon.colcon_core.package_discovery:discover_packages(path) check parameters
[1.346s] Level 1:colcon.colcon_core.package_discovery:discover_packages(colcon_meta) discover
[1.347s] Level 1:colcon.colcon_core.package_discovery:discover_packages(recursive) discover
[1.347s] INFO:colcon.colcon_core.package_discovery:Crawling recursively for packages in '/home/nils/Desktop/oblig3_ws'
[1.347s] Level 1:colcon.colcon_core.package_identification:_identify(.) by extensions ['ignore', 'ignore_ament_install']
[1.347s] Level 1:colcon.colcon_core.package_identification:_identify(.) by extension 'ignore'
[1.347s] Level 1:colcon.colcon_core.package_identification:_identify(.) by extension 'ignore_ament_install'
[1.348s] Level 1:colcon.colcon_core.package_identification:_identify(.) by extensions ['colcon_pkg']
[1.348s] Level 1:colcon.colcon_core.package_identification:_identify(.) by extension 'colcon_pkg'
[1.348s] Level 1:colcon.colcon_core.package_identification:_identify(.) by extensions ['colcon_meta']
[1.348s] Level 1:colcon.colcon_core.package_identification:_identify(.) by extension 'colcon_meta'
[1.348s] Level 1:colcon.colcon_core.package_identification:_identify(.) by extensions ['ros']
[1.348s] Level 1:colcon.colcon_core.package_identification:_identify(.) by extension 'ros'
[1.393s] Level 1:colcon.colcon_core.package_identification:_identify(.) by extensions ['cmake', 'python']
[1.393s] Level 1:colcon.colcon_core.package_identification:_identify(.) by extension 'cmake'
[1.394s] Level 1:colcon.colcon_core.package_identification:_identify(.) by extension 'python'
[1.394s] Level 1:colcon.colcon_core.package_identification:_identify(.) by extensions ['python_setup_py']
[1.394s] Level 1:colcon.colcon_core.package_identification:_identify(.) by extension 'python_setup_py'
[1.395s] Level 1:colcon.colcon_core.package_identification:_identify(build) by extensions ['ignore', 'ignore_ament_install']
[1.395s] Level 1:colcon.colcon_core.package_identification:_identify(build) by extension 'ignore'
[1.395s] Level 1:colcon.colcon_core.package_identification:_identify(build) ignored
[1.396s] Level 1:colcon.colcon_core.package_identification:_identify(install) by extensions ['ignore', 'ignore_ament_install']
[1.396s] Level 1:colcon.colcon_core.package_identification:_identify(install) by extension 'ignore'
[1.397s] Level 1:colcon.colcon_core.package_identification:_identify(install) ignored
[1.397s] Level 1:colcon.colcon_core.package_identification:_identify(log) by extensions ['ignore', 'ignore_ament_install']
[1.398s] Level 1:colcon.colcon_core.package_identification:_identify(log) by extension 'ignore'
[1.398s] Level 1:colcon.colcon_core.package_identification:_identify(log) ignored
[1.398s] Level 1:colcon.colcon_core.package_identification:_identify(src) by extensions ['ignore', 'ignore_ament_install']
[1.399s] Level 1:colcon.colcon_core.package_identification:_identify(src) by extension 'ignore'
[1.399s] Level 1:colcon.colcon_core.package_identification:_identify(src) by extension 'ignore_ament_install'
[1.399s] Level 1:colcon.colcon_core.package_identification:_identify(src) by extensions ['colcon_pkg']
[1.399s] Level 1:colcon.colcon_core.package_identification:_identify(src) by extension 'colcon_pkg'
[1.400s] Level 1:colcon.colcon_core.package_identification:_identify(src) by extensions ['colcon_meta']
[1.400s] Level 1:colcon.colcon_core.package_identification:_identify(src) by extension 'colcon_meta'
[1.400s] Level 1:colcon.colcon_core.package_identification:_identify(src) by extensions ['ros']
[1.400s] Level 1:colcon.colcon_core.package_identification:_identify(src) by extension 'ros'
[1.401s] Level 1:colcon.colcon_core.package_identification:_identify(src) by extensions ['cmake', 'python']
[1.401s] Level 1:colcon.colcon_core.package_identification:_identify(src) by extension 'cmake'
[1.401s] Level 1:colcon.colcon_core.package_identification:_identify(src) by extension 'python'
[1.401s] Level 1:colcon.colcon_core.package_identification:_identify(src) by extensions ['python_setup_py']
[1.401s] Level 1:colcon.colcon_core.package_identification:_identify(src) by extension 'python_setup_py'
[1.402s] Level 1:colcon.colcon_core.package_identification:_identify(src/crane_controller) by extensions ['ignore', 'ignore_ament_install']
[1.402s] Level 1:colcon.colcon_core.package_identification:_identify(src/crane_controller) by extension 'ignore'
[1.403s] Level 1:colcon.colcon_core.package_identification:_identify(src/crane_controller) by extension 'ignore_ament_install'
[1.403s] Level 1:colcon.colcon_core.package_identification:_identify(src/crane_controller) by extensions ['colcon_pkg']
[1.403s] Level 1:colcon.colcon_core.package_identification:_identify(src/crane_controller) by extension 'colcon_pkg'
[1.403s] Level 1:colcon.colcon_core.package_identification:_identify(src/crane_controller) by extensions ['colcon_meta']
[1.404s] Level 1:colcon.colcon_core.package_identification:_identify(src/crane_controller) by extension 'colcon_meta'
[1.404s] Level 1:colcon.colcon_core.package_identification:_identify(src/crane_controller) by extensions ['ros']
[1.404s] Level 1:colcon.colcon_core.package_identification:_identify(src/crane_controller) by extension 'ros'
[1.414s] DEBUG:colcon.colcon_core.package_identification:Package 'src/crane_controller' with type 'ros.ament_cmake' and name 'crane_controller'
[1.414s] Level 1:colcon.colcon_core.package_identification:_identify(src/crane_interfaces) by extensions ['ignore', 'ignore_ament_install']
[1.415s] Level 1:colcon.colcon_core.package_identification:_identify(src/crane_interfaces) by extension 'ignore'
[1.415s] Level 1:colcon.colcon_core.package_identification:_identify(src/crane_interfaces) by extension 'ignore_ament_install'
[1.415s] Level 1:colcon.colcon_core.package_identification:_identify(src/crane_interfaces) by extensions ['colcon_pkg']
[1.416s] Level 1:colcon.colcon_core.package_identification:_identify(src/crane_interfaces) by extension 'colcon_pkg'
[1.416s] Level 1:colcon.colcon_core.package_identification:_identify(src/crane_interfaces) by extensions ['colcon_meta']
[1.416s] Level 1:colcon.colcon_core.package_identification:_identify(src/crane_interfaces) by extension 'colcon_meta'
[1.416s] Level 1:colcon.colcon_core.package_identification:_identify(src/crane_interfaces) by extensions ['ros']
[1.416s] Level 1:colcon.colcon_core.package_identification:_identify(src/crane_interfaces) by extension 'ros'
[1.419s] DEBUG:colcon.colcon_core.package_identification:Package 'src/crane_interfaces' with type 'ros.ament_cmake' and name 'crane_interfaces'
[1.420s] Level 1:colcon.colcon_core.package_identification:_identify(src/crane_simulator) by extensions ['ignore', 'ignore_ament_install']
[1.421s] Level 1:colcon.colcon_core.package_identification:_identify(src/crane_simulator) by extension 'ignore'
[1.421s] Level 1:colcon.colcon_core.package_identification:_identify(src/crane_simulator) by extension 'ignore_ament_install'
[1.421s] Level 1:colcon.colcon_core.package_identification:_identify(src/crane_simulator) by extensions ['colcon_pkg']
[1.421s] Level 1:colcon.colcon_core.package_identification:_identify(src/crane_simulator) by extension 'colcon_pkg'
[1.421s] Level 1:colcon.colcon_core.package_identification:_identify(src/crane_simulator) by extensions ['colcon_meta']
[1.422s] Level 1:colcon.colcon_core.package_identification:_identify(src/crane_simulator) by extension 'colcon_meta'
[1.422s] Level 1:colcon.colcon_core.package_identification:_identify(src/crane_simulator) by extensions ['ros']
[1.422s] Level 1:colcon.colcon_core.package_identification:_identify(src/crane_simulator) by extension 'ros'
[1.426s] DEBUG:colcon.colcon_core.package_identification:Package 'src/crane_simulator' with type 'ros.ament_python' and name 'crane_simulator'
[1.427s] Level 1:colcon.colcon_core.package_identification:_identify(src/crane_visualization) by extensions ['ignore', 'ignore_ament_install']
[1.427s] Level 1:colcon.colcon_core.package_identification:_identify(src/crane_visualization) by extension 'ignore'
[1.427s] Level 1:colcon.colcon_core.package_identification:_identify(src/crane_visualization) by extension 'ignore_ament_install'
[1.428s] Level 1:colcon.colcon_core.package_identification:_identify(src/crane_visualization) by extensions ['colcon_pkg']
[1.429s] Level 1:colcon.colcon_core.package_identification:_identify(src/crane_visualization) by extension 'colcon_pkg'
[1.429s] Level 1:colcon.colcon_core.package_identification:_identify(src/crane_visualization) by extensions ['colcon_meta']
[1.429s] Level 1:colcon.colcon_core.package_identification:_identify(src/crane_visualization) by extension 'colcon_meta'
[1.429s] Level 1:colcon.colcon_core.package_identification:_identify(src/crane_visualization) by extensions ['ros']
[1.429s] Level 1:colcon.colcon_core.package_identification:_identify(src/crane_visualization) by extension 'ros'
[1.432s] DEBUG:colcon.colcon_core.package_identification:Package 'src/crane_visualization' with type 'ros.ament_cmake' and name 'crane_visualization'
[1.433s] Level 1:colcon.colcon_core.package_identification:_identify(src/joint_state_publisher) by extensions ['ignore', 'ignore_ament_install']
[1.433s] Level 1:colcon.colcon_core.package_identification:_identify(src/joint_state_publisher) by extension 'ignore'
[1.434s] Level 1:colcon.colcon_core.package_identification:_identify(src/joint_state_publisher) by extension 'ignore_ament_install'
[1.434s] Level 1:colcon.colcon_core.package_identification:_identify(src/joint_state_publisher) by extensions ['colcon_pkg']
[1.435s] Level 1:colcon.colcon_core.package_identification:_identify(src/joint_state_publisher) by extension 'colcon_pkg'
[1.435s] Level 1:colcon.colcon_core.package_identification:_identify(src/joint_state_publisher) by extensions ['colcon_meta']
[1.435s] Level 1:colcon.colcon_core.package_identification:_identify(src/joint_state_publisher) by extension 'colcon_meta'
[1.436s] Level 1:colcon.colcon_core.package_identification:_identify(src/joint_state_publisher) by extensions ['ros']
[1.437s] Level 1:colcon.colcon_core.package_identification:_identify(src/joint_state_publisher) by extension 'ros'
[1.444s] DEBUG:colcon.colcon_core.package_identification:Package 'src/joint_state_publisher' with type 'ros.ament_python' and name 'joint_state_publisher'
[1.445s] Level 1:colcon.colcon_core.package_identification:_identify(src/joint_state_publisher_gui) by extensions ['ignore', 'ignore_ament_install']
[1.445s] Level 1:colcon.colcon_core.package_identification:_identify(src/joint_state_publisher_gui) by extension 'ignore'
[1.446s] Level 1:colcon.colcon_core.package_identification:_identify(src/joint_state_publisher_gui) by extension 'ignore_ament_install'
[1.446s] Level 1:colcon.colcon_core.package_identification:_identify(src/joint_state_publisher_gui) by extensions ['colcon_pkg']
[1.446s] Level 1:colcon.colcon_core.package_identification:_identify(src/joint_state_publisher_gui) by extension 'colcon_pkg'
[1.446s] Level 1:colcon.colcon_core.package_identification:_identify(src/joint_state_publisher_gui) by extensions ['colcon_meta']
[1.447s] Level 1:colcon.colcon_core.package_identification:_identify(src/joint_state_publisher_gui) by extension 'colcon_meta'
[1.447s] Level 1:colcon.colcon_core.package_identification:_identify(src/joint_state_publisher_gui) by extensions ['ros']
[1.447s] Level 1:colcon.colcon_core.package_identification:_identify(src/joint_state_publisher_gui) by extension 'ros'
[1.451s] DEBUG:colcon.colcon_core.package_identification:Package 'src/joint_state_publisher_gui' with type 'ros.ament_python' and name 'joint_state_publisher_gui'
[1.452s] Level 1:colcon.colcon_core.package_identification:_identify(src/ros2-examples-ads) by extensions ['ignore', 'ignore_ament_install']
[1.453s] Level 1:colcon.colcon_core.package_identification:_identify(src/ros2-examples-ads) by extension 'ignore'
[1.455s] Level 1:colcon.colcon_core.package_identification:_identify(src/ros2-examples-ads) by extension 'ignore_ament_install'
[1.455s] Level 1:colcon.colcon_core.package_identification:_identify(src/ros2-examples-ads) by extensions ['colcon_pkg']
[1.455s] Level 1:colcon.colcon_core.package_identification:_identify(src/ros2-examples-ads) by extension 'colcon_pkg'
[1.456s] Level 1:colcon.colcon_core.package_identification:_identify(src/ros2-examples-ads) by extensions ['colcon_meta']
[1.456s] Level 1:colcon.colcon_core.package_identification:_identify(src/ros2-examples-ads) by extension 'colcon_meta'
[1.456s] Level 1:colcon.colcon_core.package_identification:_identify(src/ros2-examples-ads) by extensions ['ros']
[1.456s] Level 1:colcon.colcon_core.package_identification:_identify(src/ros2-examples-ads) by extension 'ros'
[1.457s] Level 1:colcon.colcon_core.package_identification:_identify(src/ros2-examples-ads) by extensions ['cmake', 'python']
[1.457s] Level 1:colcon.colcon_core.package_identification:_identify(src/ros2-examples-ads) by extension 'cmake'
[1.457s] Level 1:colcon.colcon_core.package_identification:_identify(src/ros2-examples-ads) by extension 'python'
[1.457s] Level 1:colcon.colcon_core.package_identification:_identify(src/ros2-examples-ads) by extensions ['python_setup_py']
[1.458s] Level 1:colcon.colcon_core.package_identification:_identify(src/ros2-examples-ads) by extension 'python_setup_py'
[1.458s] Level 1:colcon.colcon_core.package_identification:_identify(src/ros2-examples-ads/ADS) by extensions ['ignore', 'ignore_ament_install']
[1.459s] Level 1:colcon.colcon_core.package_identification:_identify(src/ros2-examples-ads/ADS) by extension 'ignore'
[1.459s] Level 1:colcon.colcon_core.package_identification:_identify(src/ros2-examples-ads/ADS) by extension 'ignore_ament_install'
[1.460s] Level 1:colcon.colcon_core.package_identification:_identify(src/ros2-examples-ads/ADS) by extensions ['colcon_pkg']
[1.460s] Level 1:colcon.colcon_core.package_identification:_identify(src/ros2-examples-ads/ADS) by extension 'colcon_pkg'
[1.460s] Level 1:colcon.colcon_core.package_identification:_identify(src/ros2-examples-ads/ADS) by extensions ['colcon_meta']
[1.460s] Level 1:colcon.colcon_core.package_identification:_identify(src/ros2-examples-ads/ADS) by extension 'colcon_meta'
[1.461s] Level 1:colcon.colcon_core.package_identification:_identify(src/ros2-examples-ads/ADS) by extensions ['ros']
[1.461s] Level 1:colcon.colcon_core.package_identification:_identify(src/ros2-examples-ads/ADS) by extension 'ros'
[1.461s] Level 1:colcon.colcon_core.package_identification:_identify(src/ros2-examples-ads/ADS) by extensions ['cmake', 'python']
[1.461s] Level 1:colcon.colcon_core.package_identification:_identify(src/ros2-examples-ads/ADS) by extension 'cmake'
[1.471s] Level 1:colcon.colcon_core.package_identification:_identify(src/ros2-examples-ads/ADS) by extension 'python'
[1.471s] DEBUG:colcon.colcon_core.package_identification:Package 'src/ros2-examples-ads/ADS' with type 'cmake' and name 'ads'
[1.472s] Level 1:colcon.colcon_core.package_identification:_identify(src/ros2-examples-ads/ads_example_cmake_no_ros2) by extensions ['ignore', 'ignore_ament_install']
[1.472s] Level 1:colcon.colcon_core.package_identification:_identify(src/ros2-examples-ads/ads_example_cmake_no_ros2) by extension 'ignore'
[1.472s] Level 1:colcon.colcon_core.package_identification:_identify(src/ros2-examples-ads/ads_example_cmake_no_ros2) by extension 'ignore_ament_install'
[1.473s] Level 1:colcon.colcon_core.package_identification:_identify(src/ros2-examples-ads/ads_example_cmake_no_ros2) by extensions ['colcon_pkg']
[1.473s] Level 1:colcon.colcon_core.package_identification:_identify(src/ros2-examples-ads/ads_example_cmake_no_ros2) by extension 'colcon_pkg'
[1.473s] Level 1:colcon.colcon_core.package_identification:_identify(src/ros2-examples-ads/ads_example_cmake_no_ros2) by extensions ['colcon_meta']
[1.473s] Level 1:colcon.colcon_core.package_identification:_identify(src/ros2-examples-ads/ads_example_cmake_no_ros2) by extension 'colcon_meta'
[1.473s] Level 1:colcon.colcon_core.package_identification:_identify(src/ros2-examples-ads/ads_example_cmake_no_ros2) by extensions ['ros']
[1.473s] Level 1:colcon.colcon_core.package_identification:_identify(src/ros2-examples-ads/ads_example_cmake_no_ros2) by extension 'ros'
[1.474s] Level 1:colcon.colcon_core.package_identification:_identify(src/ros2-examples-ads/ads_example_cmake_no_ros2) by extensions ['cmake', 'python']
[1.474s] Level 1:colcon.colcon_core.package_identification:_identify(src/ros2-examples-ads/ads_example_cmake_no_ros2) by extension 'cmake'
[1.475s] Level 1:colcon.colcon_core.package_identification:_identify(src/ros2-examples-ads/ads_example_cmake_no_ros2) by extension 'python'
[1.475s] DEBUG:colcon.colcon_core.package_identification:Package 'src/ros2-examples-ads/ads_example_cmake_no_ros2' with type 'cmake' and name 'ads_example'
[1.475s] Level 1:colcon.colcon_core.package_identification:_identify(src/ros2-examples-ads/ads_example_package) by extensions ['ignore', 'ignore_ament_install']
[1.476s] Level 1:colcon.colcon_core.package_identification:_identify(src/ros2-examples-ads/ads_example_package) by extension 'ignore'
[1.476s] Level 1:colcon.colcon_core.package_identification:_identify(src/ros2-examples-ads/ads_example_package) by extension 'ignore_ament_install'
[1.476s] Level 1:colcon.colcon_core.package_identification:_identify(src/ros2-examples-ads/ads_example_package) by extensions ['colcon_pkg']
[1.476s] Level 1:colcon.colcon_core.package_identification:_identify(src/ros2-examples-ads/ads_example_package) by extension 'colcon_pkg'
[1.477s] Level 1:colcon.colcon_core.package_identification:_identify(src/ros2-examples-ads/ads_example_package) by extensions ['colcon_meta']
[1.477s] Level 1:colcon.colcon_core.package_identification:_identify(src/ros2-examples-ads/ads_example_package) by extension 'colcon_meta'
[1.477s] Level 1:colcon.colcon_core.package_identification:_identify(src/ros2-examples-ads/ads_example_package) by extensions ['ros']
[1.477s] Level 1:colcon.colcon_core.package_identification:_identify(src/ros2-examples-ads/ads_example_package) by extension 'ros'
[1.480s] DEBUG:colcon.colcon_core.package_identification:Package 'src/ros2-examples-ads/ads_example_package' with type 'ros.ament_cmake' and name 'ads_example_package'
[1.481s] Level 1:colcon.colcon_core.package_identification:_identify(src/xacro-20230425T150624Z-001) by extensions ['ignore', 'ignore_ament_install']
[1.481s] Level 1:colcon.colcon_core.package_identification:_identify(src/xacro-20230425T150624Z-001) by extension 'ignore'
[1.481s] Level 1:colcon.colcon_core.package_identification:_identify(src/xacro-20230425T150624Z-001) by extension 'ignore_ament_install'
[1.482s] Level 1:colcon.colcon_core.package_identification:_identify(src/xacro-20230425T150624Z-001) by extensions ['colcon_pkg']
[1.482s] Level 1:colcon.colcon_core.package_identification:_identify(src/xacro-20230425T150624Z-001) by extension 'colcon_pkg'
[1.482s] Level 1:colcon.colcon_core.package_identification:_identify(src/xacro-20230425T150624Z-001) by extensions ['colcon_meta']
[1.482s] Level 1:colcon.colcon_core.package_identification:_identify(src/xacro-20230425T150624Z-001) by extension 'colcon_meta'
[1.482s] Level 1:colcon.colcon_core.package_identification:_identify(src/xacro-20230425T150624Z-001) by extensions ['ros']
[1.482s] Level 1:colcon.colcon_core.package_identification:_identify(src/xacro-20230425T150624Z-001) by extension 'ros'
[1.483s] Level 1:colcon.colcon_core.package_identification:_identify(src/xacro-20230425T150624Z-001) by extensions ['cmake', 'python']
[1.483s] Level 1:colcon.colcon_core.package_identification:_identify(src/xacro-20230425T150624Z-001) by extension 'cmake'
[1.483s] Level 1:colcon.colcon_core.package_identification:_identify(src/xacro-20230425T150624Z-001) by extension 'python'
[1.483s] Level 1:colcon.colcon_core.package_identification:_identify(src/xacro-20230425T150624Z-001) by extensions ['python_setup_py']
[1.483s] Level 1:colcon.colcon_core.package_identification:_identify(src/xacro-20230425T150624Z-001) by extension 'python_setup_py'
[1.484s] Level 1:colcon.colcon_core.package_identification:_identify(src/xacro-20230425T150624Z-001/xacro) by extensions ['ignore', 'ignore_ament_install']
[1.484s] Level 1:colcon.colcon_core.package_identification:_identify(src/xacro-20230425T150624Z-001/xacro) by extension 'ignore'
[1.484s] Level 1:colcon.colcon_core.package_identification:_identify(src/xacro-20230425T150624Z-001/xacro) by extension 'ignore_ament_install'
[1.484s] Level 1:colcon.colcon_core.package_identification:_identify(src/xacro-20230425T150624Z-001/xacro) by extensions ['colcon_pkg']
[1.484s] Level 1:colcon.colcon_core.package_identification:_identify(src/xacro-20230425T150624Z-001/xacro) by extension 'colcon_pkg'
[1.486s] Level 1:colcon.colcon_core.package_identification:_identify(src/xacro-20230425T150624Z-001/xacro) by extensions ['colcon_meta']
[1.486s] Level 1:colcon.colcon_core.package_identification:_identify(src/xacro-20230425T150624Z-001/xacro) by extension 'colcon_meta'
[1.487s] Level 1:colcon.colcon_core.package_identification:_identify(src/xacro-20230425T150624Z-001/xacro) by extensions ['ros']
[1.487s] Level 1:colcon.colcon_core.package_identification:_identify(src/xacro-20230425T150624Z-001/xacro) by extension 'ros'
[1.490s] DEBUG:colcon.colcon_core.package_identification:Package 'src/xacro-20230425T150624Z-001/xacro' with type 'ros.ament_cmake' and name 'xacro'
[1.490s] Level 1:colcon.colcon_core.package_discovery:discover_packages(recursive) using defaults
[1.491s] Level 1:colcon.colcon_core.package_discovery:discover_packages(ignore) discover
[1.491s] Level 1:colcon.colcon_core.package_discovery:discover_packages(ignore) using defaults
[1.491s] Level 1:colcon.colcon_core.package_discovery:discover_packages(path) discover
[1.491s] Level 1:colcon.colcon_core.package_discovery:discover_packages(path) using defaults
[1.599s] INFO:colcon.colcon_metadata.metadata.colcon_pkg:Updating descriptor of package 'src/xacro-20230425T150624Z-001/xacro' from colcon.pkg: {'hooks': ['share/xacro/environment/completion.bash']}
[1.608s] INFO:colcon.colcon_core.package_selection:Skipping not selected package 'ads' in 'src/ros2-examples-ads/ADS'
[1.608s] INFO:colcon.colcon_core.package_selection:Skipping not selected package 'ads_example' in 'src/ros2-examples-ads/ads_example_cmake_no_ros2'
[1.608s] INFO:colcon.colcon_core.package_selection:Skipping not selected package 'crane_interfaces' in 'src/crane_interfaces'
[1.608s] INFO:colcon.colcon_core.package_selection:Skipping not selected package 'joint_state_publisher' in 'src/joint_state_publisher'
[1.608s] INFO:colcon.colcon_core.package_selection:Skipping not selected package 'xacro' in 'src/xacro-20230425T150624Z-001/xacro'
[1.608s] INFO:colcon.colcon_core.package_selection:Skipping not selected package 'crane_controller' in 'src/crane_controller'
[1.608s] INFO:colcon.colcon_core.package_selection:Skipping not selected package 'crane_simulator' in 'src/crane_simulator'
[1.609s] INFO:colcon.colcon_core.package_selection:Skipping not selected package 'joint_state_publisher_gui' in 'src/joint_state_publisher_gui'
[1.609s] INFO:colcon.colcon_core.package_selection:Skipping not selected package 'crane_visualization' in 'src/crane_visualization'
[1.612s] Level 1:colcon.colcon_core.package_discovery:discover_packages(prefix_path) check parameters
[1.612s] Level 1:colcon.colcon_core.package_discovery:discover_packages(prefix_path) discover
[1.623s] DEBUG:colcon.colcon_installed_package_information.package_discovery:Found 10 installed packages in /home/nils/Desktop/oblig3_ws/install
[1.630s] DEBUG:colcon.colcon_installed_package_information.package_discovery:Found 270 installed packages in /opt/ros/humble
[1.641s] Level 1:colcon.colcon_core.package_discovery:discover_packages(prefix_path) using defaults
[1.890s] Level 5:colcon.colcon_core.verb:set package 'ads_example_package' build argument 'cmake_args' from command line to 'None'
[1.890s] Level 5:colcon.colcon_core.verb:set package 'ads_example_package' build argument 'cmake_target' from command line to 'None'
[1.890s] Level 5:colcon.colcon_core.verb:set package 'ads_example_package' build argument 'cmake_target_skip_unavailable' from command line to 'False'
[1.891s] Level 5:colcon.colcon_core.verb:set package 'ads_example_package' build argument 'cmake_clean_cache' from command line to 'False'
[1.891s] Level 5:colcon.colcon_core.verb:set package 'ads_example_package' build argument 'cmake_clean_first' from command line to 'False'
[1.891s] Level 5:colcon.colcon_core.verb:set package 'ads_example_package' build argument 'cmake_force_configure' from command line to 'False'
[1.891s] Level 5:colcon.colcon_core.verb:set package 'ads_example_package' build argument 'ament_cmake_args' from command line to 'None'
[1.891s] Level 5:colcon.colcon_core.verb:set package 'ads_example_package' build argument 'catkin_cmake_args' from command line to 'None'
[1.891s] Level 5:colcon.colcon_core.verb:set package 'ads_example_package' build argument 'catkin_skip_building_tests' from command line to 'False'
[1.891s] DEBUG:colcon.colcon_core.verb:Building package 'ads_example_package' with the following arguments: {'ament_cmake_args': None, 'build_base': '/home/nils/Desktop/oblig3_ws/build/ads_example_package', 'catkin_cmake_args': None, 'catkin_skip_building_tests': False, 'cmake_args': None, 'cmake_clean_cache': False, 'cmake_clean_first': False, 'cmake_force_configure': False, 'cmake_target': None, 'cmake_target_skip_unavailable': False, 'install_base': '/home/nils/Desktop/oblig3_ws/install/ads_example_package', 'merge_install': False, 'path': '/home/nils/Desktop/oblig3_ws/src/ros2-examples-ads/ads_example_package', 'symlink_install': False, 'test_result_base': None}
[1.894s] INFO:colcon.colcon_core.executor:Executing jobs using 'parallel' executor
[1.907s] DEBUG:colcon.colcon_parallel_executor.executor.parallel:run_until_complete
[1.907s] INFO:colcon.colcon_ros.task.ament_cmake.build:Building ROS package in '/home/nils/Desktop/oblig3_ws/src/ros2-examples-ads/ads_example_package' with build type 'ament_cmake'
[1.908s] INFO:colcon.colcon_cmake.task.cmake.build:Building CMake package in '/home/nils/Desktop/oblig3_ws/src/ros2-examples-ads/ads_example_package'
[1.926s] INFO:colcon.colcon_core.plugin_system:Skipping extension 'colcon_core.shell.bat': Not used on non-Windows systems
[1.926s] INFO:colcon.colcon_core.shell:Skip shell extension 'powershell' for command environment: Not usable outside of PowerShell
[1.927s] DEBUG:colcon.colcon_core.shell:Skip shell extension 'dsv' for command environment
[1.981s] DEBUG:colcon.colcon_core.event_handler.log_command:Invoking command in '/home/nils/Desktop/oblig3_ws/build/ads_example_package': CMAKE_PREFIX_PATH=/home/nils/Desktop/oblig3_ws/install/crane_interfaces:/home/nils/Desktop/oblig3_ws/install/xacro:/home/nils/Desktop/oblig3_ws/install/crane_visualization:/home/nils/Desktop/oblig3_ws/install/crane_controller:/home/nils/Desktop/oblig3_ws/install/ads_example_package:/opt/ros/humble:/home/nils/Desktop/oblig3_ws/install/joint_state_publisher_gui:/home/nils/Desktop/oblig3_ws/install/joint_state_publisher:/home/nils/Desktop/oblig3_ws/install/crane_simulator LD_LIBRARY_PATH=/home/nils/Desktop/oblig3_ws/install/crane_interfaces/lib:/opt/ros/humble/opt/rviz_ogre_vendor/lib:/opt/ros/humble/lib/x86_64-linux-gnu:/opt/ros/humble/lib /usr/bin/cmake --build /home/nils/Desktop/oblig3_ws/build/ads_example_package -- -j3 -l3
[16.635s] DEBUG:colcon.colcon_core.event_handler.log_command:Invoked command in '/home/nils/Desktop/oblig3_ws/build/ads_example_package' returned '0': CMAKE_PREFIX_PATH=/home/nils/Desktop/oblig3_ws/install/crane_interfaces:/home/nils/Desktop/oblig3_ws/install/xacro:/home/nils/Desktop/oblig3_ws/install/crane_visualization:/home/nils/Desktop/oblig3_ws/install/crane_controller:/home/nils/Desktop/oblig3_ws/install/ads_example_package:/opt/ros/humble:/home/nils/Desktop/oblig3_ws/install/joint_state_publisher_gui:/home/nils/Desktop/oblig3_ws/install/joint_state_publisher:/home/nils/Desktop/oblig3_ws/install/crane_simulator LD_LIBRARY_PATH=/home/nils/Desktop/oblig3_ws/install/crane_interfaces/lib:/opt/ros/humble/opt/rviz_ogre_vendor/lib:/opt/ros/humble/lib/x86_64-linux-gnu:/opt/ros/humble/lib /usr/bin/cmake --build /home/nils/Desktop/oblig3_ws/build/ads_example_package -- -j3 -l3
[16.704s] DEBUG:colcon.colcon_core.event_handler.log_command:Invoking command in '/home/nils/Desktop/oblig3_ws/build/ads_example_package': CMAKE_PREFIX_PATH=/home/nils/Desktop/oblig3_ws/install/crane_interfaces:/home/nils/Desktop/oblig3_ws/install/xacro:/home/nils/Desktop/oblig3_ws/install/crane_visualization:/home/nils/Desktop/oblig3_ws/install/crane_controller:/home/nils/Desktop/oblig3_ws/install/ads_example_package:/opt/ros/humble:/home/nils/Desktop/oblig3_ws/install/joint_state_publisher_gui:/home/nils/Desktop/oblig3_ws/install/joint_state_publisher:/home/nils/Desktop/oblig3_ws/install/crane_simulator LD_LIBRARY_PATH=/home/nils/Desktop/oblig3_ws/install/crane_interfaces/lib:/opt/ros/humble/opt/rviz_ogre_vendor/lib:/opt/ros/humble/lib/x86_64-linux-gnu:/opt/ros/humble/lib /usr/bin/cmake --install /home/nils/Desktop/oblig3_ws/build/ads_example_package
[16.737s] Level 1:colcon.colcon_core.environment:create_environment_scripts_only(ads_example_package)
[16.748s] DEBUG:colcon.colcon_core.event_handler.log_command:Invoked command in '/home/nils/Desktop/oblig3_ws/build/ads_example_package' returned '0': CMAKE_PREFIX_PATH=/home/nils/Desktop/oblig3_ws/install/crane_interfaces:/home/nils/Desktop/oblig3_ws/install/xacro:/home/nils/Desktop/oblig3_ws/install/crane_visualization:/home/nils/Desktop/oblig3_ws/install/crane_controller:/home/nils/Desktop/oblig3_ws/install/ads_example_package:/opt/ros/humble:/home/nils/Desktop/oblig3_ws/install/joint_state_publisher_gui:/home/nils/Desktop/oblig3_ws/install/joint_state_publisher:/home/nils/Desktop/oblig3_ws/install/crane_simulator LD_LIBRARY_PATH=/home/nils/Desktop/oblig3_ws/install/crane_interfaces/lib:/opt/ros/humble/opt/rviz_ogre_vendor/lib:/opt/ros/humble/lib/x86_64-linux-gnu:/opt/ros/humble/lib /usr/bin/cmake --install /home/nils/Desktop/oblig3_ws/build/ads_example_package
[16.751s] Level 1:colcon.colcon_core.environment:checking '/home/nils/Desktop/oblig3_ws/install/ads_example_package' for CMake module files
[16.753s] Level 1:colcon.colcon_core.environment:checking '/home/nils/Desktop/oblig3_ws/install/ads_example_package' for CMake config files
[16.753s] Level 1:colcon.colcon_core.shell:create_environment_hook('ads_example_package', 'cmake_prefix_path')
[16.757s] INFO:colcon.colcon_core.shell:Creating environment hook '/home/nils/Desktop/oblig3_ws/install/ads_example_package/share/ads_example_package/hook/cmake_prefix_path.ps1'
[16.762s] INFO:colcon.colcon_core.shell:Creating environment descriptor '/home/nils/Desktop/oblig3_ws/install/ads_example_package/share/ads_example_package/hook/cmake_prefix_path.dsv'
[16.763s] INFO:colcon.colcon_core.shell:Creating environment hook '/home/nils/Desktop/oblig3_ws/install/ads_example_package/share/ads_example_package/hook/cmake_prefix_path.sh'
[16.765s] Level 1:colcon.colcon_core.environment:checking '/home/nils/Desktop/oblig3_ws/install/ads_example_package/lib'
[16.766s] Level 1:colcon.colcon_core.environment:checking '/home/nils/Desktop/oblig3_ws/install/ads_example_package/bin'
[16.766s] Level 1:colcon.colcon_core.environment:checking '/home/nils/Desktop/oblig3_ws/install/ads_example_package/lib/pkgconfig/ads_example_package.pc'
[16.767s] Level 1:colcon.colcon_core.environment:checking '/home/nils/Desktop/oblig3_ws/install/ads_example_package/lib/python3.10/site-packages'
[16.767s] Level 1:colcon.colcon_core.environment:checking '/home/nils/Desktop/oblig3_ws/install/ads_example_package/bin'
[16.771s] INFO:colcon.colcon_core.shell:Creating package script '/home/nils/Desktop/oblig3_ws/install/ads_example_package/share/ads_example_package/package.ps1'
[16.773s] INFO:colcon.colcon_core.shell:Creating package descriptor '/home/nils/Desktop/oblig3_ws/install/ads_example_package/share/ads_example_package/package.dsv'
[16.775s] INFO:colcon.colcon_core.shell:Creating package script '/home/nils/Desktop/oblig3_ws/install/ads_example_package/share/ads_example_package/package.sh'
[16.780s] INFO:colcon.colcon_core.shell:Creating package script '/home/nils/Desktop/oblig3_ws/install/ads_example_package/share/ads_example_package/package.bash'
[16.787s] INFO:colcon.colcon_core.shell:Creating package script '/home/nils/Desktop/oblig3_ws/install/ads_example_package/share/ads_example_package/package.zsh'
[16.789s] Level 1:colcon.colcon_core.environment:create_file_with_runtime_dependencies(/home/nils/Desktop/oblig3_ws/install/ads_example_package/share/colcon-core/packages/ads_example_package)
[16.855s] Level 1:colcon.colcon_core.environment:create_environment_scripts_only(ads_example_package)
[16.862s] Level 1:colcon.colcon_core.environment:checking '/home/nils/Desktop/oblig3_ws/install/ads_example_package' for CMake module files
[16.864s] Level 1:colcon.colcon_core.environment:checking '/home/nils/Desktop/oblig3_ws/install/ads_example_package' for CMake config files
[16.865s] Level 1:colcon.colcon_core.shell:create_environment_hook('ads_example_package', 'cmake_prefix_path')
[16.871s] INFO:colcon.colcon_core.shell:Creating environment hook '/home/nils/Desktop/oblig3_ws/install/ads_example_package/share/ads_example_package/hook/cmake_prefix_path.ps1'
[16.872s] INFO:colcon.colcon_core.shell:Creating environment descriptor '/home/nils/Desktop/oblig3_ws/install/ads_example_package/share/ads_example_package/hook/cmake_prefix_path.dsv'
[16.874s] INFO:colcon.colcon_core.shell:Creating environment hook '/home/nils/Desktop/oblig3_ws/install/ads_example_package/share/ads_example_package/hook/cmake_prefix_path.sh'
[16.875s] Level 1:colcon.colcon_core.environment:checking '/home/nils/Desktop/oblig3_ws/install/ads_example_package/lib'
[16.876s] Level 1:colcon.colcon_core.environment:checking '/home/nils/Desktop/oblig3_ws/install/ads_example_package/bin'
[16.876s] Level 1:colcon.colcon_core.environment:checking '/home/nils/Desktop/oblig3_ws/install/ads_example_package/lib/pkgconfig/ads_example_package.pc'
[16.877s] Level 1:colcon.colcon_core.environment:checking '/home/nils/Desktop/oblig3_ws/install/ads_example_package/lib/python3.10/site-packages'
[16.877s] Level 1:colcon.colcon_core.environment:checking '/home/nils/Desktop/oblig3_ws/install/ads_example_package/bin'
[16.883s] INFO:colcon.colcon_core.shell:Creating package script '/home/nils/Desktop/oblig3_ws/install/ads_example_package/share/ads_example_package/package.ps1'
[16.884s] INFO:colcon.colcon_core.shell:Creating package descriptor '/home/nils/Desktop/oblig3_ws/install/ads_example_package/share/ads_example_package/package.dsv'
[16.885s] INFO:colcon.colcon_core.shell:Creating package script '/home/nils/Desktop/oblig3_ws/install/ads_example_package/share/ads_example_package/package.sh'
[16.886s] INFO:colcon.colcon_core.shell:Creating package script '/home/nils/Desktop/oblig3_ws/install/ads_example_package/share/ads_example_package/package.bash'
[16.888s] INFO:colcon.colcon_core.shell:Creating package script '/home/nils/Desktop/oblig3_ws/install/ads_example_package/share/ads_example_package/package.zsh'
[16.889s] Level 1:colcon.colcon_core.environment:create_file_with_runtime_dependencies(/home/nils/Desktop/oblig3_ws/install/ads_example_package/share/colcon-core/packages/ads_example_package)
[16.892s] DEBUG:colcon.colcon_parallel_executor.executor.parallel:closing loop
[16.892s] DEBUG:colcon.colcon_parallel_executor.executor.parallel:loop closed
[16.892s] DEBUG:colcon.colcon_parallel_executor.executor.parallel:run_until_complete finished with '0'
[16.892s] DEBUG:colcon.colcon_core.event_reactor:joining thread
[16.908s] INFO:colcon.colcon_core.plugin_system:Skipping extension 'colcon_notification.desktop_notification.terminal_notifier': Not used on non-Darwin systems
[16.908s] INFO:colcon.colcon_core.plugin_system:Skipping extension 'colcon_notification.desktop_notification.win32': Not used on non-Windows systems
[16.909s] INFO:colcon.colcon_notification.desktop_notification:Sending desktop notification using 'notify2'
[16.970s] DEBUG:colcon.colcon_core.event_reactor:joined thread
[16.975s] INFO:colcon.colcon_core.shell:Creating prefix script '/home/nils/Desktop/oblig3_ws/install/local_setup.ps1'
[16.979s] INFO:colcon.colcon_core.shell:Creating prefix util module '/home/nils/Desktop/oblig3_ws/install/_local_setup_util_ps1.py'
[16.983s] INFO:colcon.colcon_core.shell:Creating prefix chain script '/home/nils/Desktop/oblig3_ws/install/setup.ps1'
[16.988s] INFO:colcon.colcon_core.shell:Creating prefix script '/home/nils/Desktop/oblig3_ws/install/local_setup.sh'
[16.994s] INFO:colcon.colcon_core.shell:Creating prefix util module '/home/nils/Desktop/oblig3_ws/install/_local_setup_util_sh.py'
[16.996s] INFO:colcon.colcon_core.shell:Creating prefix chain script '/home/nils/Desktop/oblig3_ws/install/setup.sh'
[17.008s] INFO:colcon.colcon_core.shell:Creating prefix script '/home/nils/Desktop/oblig3_ws/install/local_setup.bash'
[17.020s] INFO:colcon.colcon_core.shell:Creating prefix chain script '/home/nils/Desktop/oblig3_ws/install/setup.bash'
[17.035s] INFO:colcon.colcon_core.shell:Creating prefix script '/home/nils/Desktop/oblig3_ws/install/local_setup.zsh'
[17.037s] INFO:colcon.colcon_core.shell:Creating prefix chain script '/home/nils/Desktop/oblig3_ws/install/setup.zsh'
