[0.048s] Invoking command in '/home/nils/Desktop/oblig3_ws/build/ads_example_package': CMAKE_PREFIX_PATH=/home/nils/Desktop/oblig3_ws/install/crane_interfaces:/home/nils/Desktop/oblig3_ws/install/xacro:/home/nils/Desktop/oblig3_ws/install/crane_visualization:/home/nils/Desktop/oblig3_ws/install/crane_controller:/home/nils/Desktop/oblig3_ws/install/ads_example_package:/opt/ros/humble:/home/nils/Desktop/oblig3_ws/install/joint_state_publisher_gui:/home/nils/Desktop/oblig3_ws/install/joint_state_publisher:/home/nils/Desktop/oblig3_ws/install/crane_simulator LD_LIBRARY_PATH=/home/nils/Desktop/oblig3_ws/install/crane_interfaces/lib:/opt/ros/humble/opt/rviz_ogre_vendor/lib:/opt/ros/humble/lib/x86_64-linux-gnu:/opt/ros/humble/lib /usr/bin/cmake --build /home/nils/Desktop/oblig3_ws/build/ads_example_package -- -j3 -l3
[0.156s] [35m[1mConsolidate compiler generated dependencies of target ads_node[0m
[0.197s] [ 50%] [32mBuilding CXX object CMakeFiles/ads_node.dir/src/ads_node.cpp.o[0m
[9.873s] [100%] [32m[1mLinking CXX executable ads_node[0m
[10.329s] [100%] Built target ads_node
[10.346s] Invoked command in '/home/nils/Desktop/oblig3_ws/build/ads_example_package' returned '0': CMAKE_PREFIX_PATH=/home/nils/Desktop/oblig3_ws/install/crane_interfaces:/home/nils/Desktop/oblig3_ws/install/xacro:/home/nils/Desktop/oblig3_ws/install/crane_visualization:/home/nils/Desktop/oblig3_ws/install/crane_controller:/home/nils/Desktop/oblig3_ws/install/ads_example_package:/opt/ros/humble:/home/nils/Desktop/oblig3_ws/install/joint_state_publisher_gui:/home/nils/Desktop/oblig3_ws/install/joint_state_publisher:/home/nils/Desktop/oblig3_ws/install/crane_simulator LD_LIBRARY_PATH=/home/nils/Desktop/oblig3_ws/install/crane_interfaces/lib:/opt/ros/humble/opt/rviz_ogre_vendor/lib:/opt/ros/humble/lib/x86_64-linux-gnu:/opt/ros/humble/lib /usr/bin/cmake --build /home/nils/Desktop/oblig3_ws/build/ads_example_package -- -j3 -l3
[10.427s] Invoking command in '/home/nils/Desktop/oblig3_ws/build/ads_example_package': CMAKE_PREFIX_PATH=/home/nils/Desktop/oblig3_ws/install/crane_interfaces:/home/nils/Desktop/oblig3_ws/install/xacro:/home/nils/Desktop/oblig3_ws/install/crane_visualization:/home/nils/Desktop/oblig3_ws/install/crane_controller:/home/nils/Desktop/oblig3_ws/install/ads_example_package:/opt/ros/humble:/home/nils/Desktop/oblig3_ws/install/joint_state_publisher_gui:/home/nils/Desktop/oblig3_ws/install/joint_state_publisher:/home/nils/Desktop/oblig3_ws/install/crane_simulator LD_LIBRARY_PATH=/home/nils/Desktop/oblig3_ws/install/crane_interfaces/lib:/opt/ros/humble/opt/rviz_ogre_vendor/lib:/opt/ros/humble/lib/x86_64-linux-gnu:/opt/ros/humble/lib /usr/bin/cmake --install /home/nils/Desktop/oblig3_ws/build/ads_example_package
[10.440s] -- Install configuration: ""
[10.441s] -- Installing: /home/nils/Desktop/oblig3_ws/install/ads_example_package/lib/ads_example_package/ads_node
[10.444s] -- Set runtime path of "/home/nils/Desktop/oblig3_ws/install/ads_example_package/lib/ads_example_package/ads_node" to ""
[10.445s] -- Up-to-date: /home/nils/Desktop/oblig3_ws/install/ads_example_package/share/ament_index/resource_index/package_run_dependencies/ads_example_package
[10.445s] -- Up-to-date: /home/nils/Desktop/oblig3_ws/install/ads_example_package/share/ament_index/resource_index/parent_prefix_path/ads_example_package
[10.445s] -- Up-to-date: /home/nils/Desktop/oblig3_ws/install/ads_example_package/share/ads_example_package/environment/ament_prefix_path.sh
[10.445s] -- Up-to-date: /home/nils/Desktop/oblig3_ws/install/ads_example_package/share/ads_example_package/environment/ament_prefix_path.dsv
[10.446s] -- Up-to-date: /home/nils/Desktop/oblig3_ws/install/ads_example_package/share/ads_example_package/environment/path.sh
[10.446s] -- Up-to-date: /home/nils/Desktop/oblig3_ws/install/ads_example_package/share/ads_example_package/environment/path.dsv
[10.446s] -- Up-to-date: /home/nils/Desktop/oblig3_ws/install/ads_example_package/share/ads_example_package/local_setup.bash
[10.446s] -- Up-to-date: /home/nils/Desktop/oblig3_ws/install/ads_example_package/share/ads_example_package/local_setup.sh
[10.446s] -- Up-to-date: /home/nils/Desktop/oblig3_ws/install/ads_example_package/share/ads_example_package/local_setup.zsh
[10.446s] -- Up-to-date: /home/nils/Desktop/oblig3_ws/install/ads_example_package/share/ads_example_package/local_setup.dsv
[10.446s] -- Installing: /home/nils/Desktop/oblig3_ws/install/ads_example_package/share/ads_example_package/package.dsv
[10.447s] -- Up-to-date: /home/nils/Desktop/oblig3_ws/install/ads_example_package/share/ament_index/resource_index/packages/ads_example_package
[10.447s] -- Up-to-date: /home/nils/Desktop/oblig3_ws/install/ads_example_package/share/ads_example_package/cmake/ads_example_packageConfig.cmake
[10.447s] -- Up-to-date: /home/nils/Desktop/oblig3_ws/install/ads_example_package/share/ads_example_package/cmake/ads_example_packageConfig-version.cmake
[10.447s] -- Up-to-date: /home/nils/Desktop/oblig3_ws/install/ads_example_package/share/ads_example_package/package.xml
[10.453s] Invoked command in '/home/nils/Desktop/oblig3_ws/build/ads_example_package' returned '0': CMAKE_PREFIX_PATH=/home/nils/Desktop/oblig3_ws/install/crane_interfaces:/home/nils/Desktop/oblig3_ws/install/xacro:/home/nils/Desktop/oblig3_ws/install/crane_visualization:/home/nils/Desktop/oblig3_ws/install/crane_controller:/home/nils/Desktop/oblig3_ws/install/ads_example_package:/opt/ros/humble:/home/nils/Desktop/oblig3_ws/install/joint_state_publisher_gui:/home/nils/Desktop/oblig3_ws/install/joint_state_publisher:/home/nils/Desktop/oblig3_ws/install/crane_simulator LD_LIBRARY_PATH=/home/nils/Desktop/oblig3_ws/install/crane_interfaces/lib:/opt/ros/humble/opt/rviz_ogre_vendor/lib:/opt/ros/humble/lib/x86_64-linux-gnu:/opt/ros/humble/lib /usr/bin/cmake --install /home/nils/Desktop/oblig3_ws/build/ads_example_package
