-- The C compiler identification is GNU 11.3.0
-- The CXX compiler identification is GNU 11.3.0
-- Detecting C compiler ABI info
-- Detecting C compiler ABI info - done
-- Check for working C compiler: /usr/bin/cc - skipped
-- Detecting C compile features
-- Detecting C compile features - done
-- Detecting CXX compiler ABI info
-- Detecting CXX compiler ABI info - done
-- Check for working CXX compiler: /usr/bin/c++ - skipped
-- Detecting CXX compile features
-- Detecting CXX compile features - done
-- Found ament_cmake: 1.3.3 (/opt/ros/humble/share/ament_cmake/cmake)
-- Found Python3: /usr/bin/python3.10 (found version "3.10.6") found components: Interpreter 
-- Found rosidl_default_generators: 1.2.0 (/opt/ros/humble/share/rosidl_default_generators/cmake)
-- Using all available rosidl_typesupport_c: rosidl_typesupport_fastrtps_c;rosidl_typesupport_introspection_c
-- Found rosidl_adapter: 3.1.4 (/opt/ros/humble/share/rosidl_adapter/cmake)
-- Using all available rosidl_typesupport_cpp: rosidl_typesupport_fastrtps_cpp;rosidl_typesupport_introspection_cpp
-- Found ament_cmake_ros: 0.10.0 (/opt/ros/humble/share/ament_cmake_ros/cmake)
-- Using all available rosidl_typesupport_c: rosidl_typesupport_fastrtps_c;rosidl_typesupport_introspection_c
-- Using all available rosidl_typesupport_cpp: rosidl_typesupport_fastrtps_cpp;rosidl_typesupport_introspection_cpp
-- Found PythonInterp: /usr/bin/python3 (found suitable version "3.10.6", minimum required is "3.6") 
-- Found python_cmake_module: 0.10.0 (/opt/ros/humble/share/python_cmake_module/cmake)
-- Found PythonLibs: /usr/lib/x86_64-linux-gnu/libpython3.10.so (found suitable version "3.10.6", minimum required is "3.5") 
-- Using PYTHON_EXECUTABLE: /usr/bin/python3
-- Using PYTHON_INCLUDE_DIRS: /usr/include/python3.10
-- Using PYTHON_LIBRARIES: /usr/lib/x86_64-linux-gnu/libpython3.10.so
-- Found PythonExtra: .so  
-- Found ament_lint_auto: 0.12.5 (/opt/ros/humble/share/ament_lint_auto/cmake)
-- Added test 'copyright' to check source files copyright and LICENSE
-- Added test 'lint_cmake' to check CMake code style
-- Added test 'xmllint' to check XML markup files
-- Configuring done
-- Generating done
-- Build files have been written to: /home/nils/Desktop/oblig3_ws/build/crane_interfaces
[  3%] [34m[1mGenerating C code for ROS interfaces[0m
[  6%] [34m[1mGenerating C++ code for ROS interfaces[0m
[  6%] Built target ament_cmake_python_copy_crane_interfaces
[  6%] Built target crane_interfaces__cpp
[  9%] [34m[1mGenerating C++ type support dispatch for ROS interfaces[0m
[ 12%] [32mBuilding C object CMakeFiles/crane_interfaces__rosidl_generator_c.dir/rosidl_generator_c/crane_interfaces/msg/detail/motion_reference__functions.c.o[0m
running egg_info
creating crane_interfaces.egg-info
writing crane_interfaces.egg-info/PKG-INFO
writing dependency_links to crane_interfaces.egg-info/dependency_links.txt
writing top-level names to crane_interfaces.egg-info/top_level.txt
writing manifest file 'crane_interfaces.egg-info/SOURCES.txt'
reading manifest file 'crane_interfaces.egg-info/SOURCES.txt'
writing manifest file 'crane_interfaces.egg-info/SOURCES.txt'
[ 16%] [32m[1mLinking C shared library libcrane_interfaces__rosidl_generator_c.so[0m
[ 16%] Built target ament_cmake_python_build_crane_interfaces_egg
[ 19%] [34m[1mGenerating C++ type support for eProsima Fast-RTPS[0m
[ 19%] Built target crane_interfaces__rosidl_generator_c
[ 22%] [34m[1mGenerating C++ introspection for ROS interfaces[0m
[ 25%] [32mBuilding CXX object CMakeFiles/crane_interfaces__rosidl_typesupport_cpp.dir/rosidl_typesupport_cpp/crane_interfaces/msg/motion_reference__type_support.cpp.o[0m
[ 29%] [32mBuilding CXX object CMakeFiles/crane_interfaces__rosidl_typesupport_introspection_cpp.dir/rosidl_typesupport_introspection_cpp/crane_interfaces/msg/detail/motion_reference__type_support.cpp.o[0m
[ 32%] [32mBuilding CXX object CMakeFiles/crane_interfaces__rosidl_typesupport_fastrtps_cpp.dir/rosidl_typesupport_fastrtps_cpp/crane_interfaces/msg/detail/dds_fastrtps/motion_reference__type_support.cpp.o[0m
[ 35%] [32m[1mLinking CXX shared library libcrane_interfaces__rosidl_typesupport_cpp.so[0m
[ 35%] Built target crane_interfaces__rosidl_typesupport_cpp
[ 38%] [34m[1mGenerating C type support for eProsima Fast-RTPS[0m
[ 41%] [32m[1mLinking CXX shared library libcrane_interfaces__rosidl_typesupport_introspection_cpp.so[0m
[ 41%] Built target crane_interfaces__rosidl_typesupport_introspection_cpp
[ 45%] [34m[1mGenerating C introspection for ROS interfaces[0m
[ 48%] [32m[1mLinking CXX shared library libcrane_interfaces__rosidl_typesupport_fastrtps_cpp.so[0m
[ 51%] [32mBuilding CXX object CMakeFiles/crane_interfaces__rosidl_typesupport_fastrtps_c.dir/rosidl_typesupport_fastrtps_c/crane_interfaces/msg/detail/motion_reference__type_support_c.cpp.o[0m
[ 51%] Built target crane_interfaces__rosidl_typesupport_fastrtps_cpp
[ 54%] [34m[1mGenerating C type support dispatch for ROS interfaces[0m
[ 58%] [32mBuilding C object CMakeFiles/crane_interfaces__rosidl_typesupport_introspection_c.dir/rosidl_typesupport_introspection_c/crane_interfaces/msg/detail/motion_reference__type_support.c.o[0m
[ 61%] [32m[1mLinking C shared library libcrane_interfaces__rosidl_typesupport_introspection_c.so[0m
[ 61%] Built target crane_interfaces__rosidl_typesupport_introspection_c
[ 64%] [32m[1mLinking CXX shared library libcrane_interfaces__rosidl_typesupport_fastrtps_c.so[0m
[ 67%] [32mBuilding CXX object CMakeFiles/crane_interfaces__rosidl_typesupport_c.dir/rosidl_typesupport_c/crane_interfaces/msg/motion_reference__type_support.cpp.o[0m
[ 70%] [32m[1mLinking CXX shared library libcrane_interfaces__rosidl_typesupport_c.so[0m
[ 70%] Built target crane_interfaces__rosidl_typesupport_c
[ 70%] Built target crane_interfaces__rosidl_typesupport_fastrtps_c
[ 70%] Built target crane_interfaces
[ 74%] [34m[1mGenerating Python code for ROS interfaces[0m
[ 74%] Built target crane_interfaces__py
[ 77%] [32mBuilding C object CMakeFiles/crane_interfaces__rosidl_generator_py.dir/rosidl_generator_py/crane_interfaces/msg/_motion_reference_s.c.o[0m
[ 80%] [32m[1mLinking C shared library rosidl_generator_py/crane_interfaces/libcrane_interfaces__rosidl_generator_py.so[0m
[ 80%] Built target crane_interfaces__rosidl_generator_py
[ 83%] [32mBuilding C object CMakeFiles/crane_interfaces__rosidl_typesupport_fastrtps_c__pyext.dir/rosidl_generator_py/crane_interfaces/_crane_interfaces_s.ep.rosidl_typesupport_fastrtps_c.c.o[0m
[ 87%] [32mBuilding C object CMakeFiles/crane_interfaces__rosidl_typesupport_c__pyext.dir/rosidl_generator_py/crane_interfaces/_crane_interfaces_s.ep.rosidl_typesupport_c.c.o[0m
[ 90%] [32mBuilding C object CMakeFiles/crane_interfaces__rosidl_typesupport_introspection_c__pyext.dir/rosidl_generator_py/crane_interfaces/_crane_interfaces_s.ep.rosidl_typesupport_introspection_c.c.o[0m
[ 93%] [32m[1mLinking C shared library rosidl_generator_py/crane_interfaces/crane_interfaces_s__rosidl_typesupport_c.cpython-310-x86_64-linux-gnu.so[0m
[ 96%] [32m[1mLinking C shared library rosidl_generator_py/crane_interfaces/crane_interfaces_s__rosidl_typesupport_fastrtps_c.cpython-310-x86_64-linux-gnu.so[0m
[ 96%] Built target crane_interfaces__rosidl_typesupport_c__pyext
[ 96%] Built target crane_interfaces__rosidl_typesupport_fastrtps_c__pyext
[100%] [32m[1mLinking C shared library rosidl_generator_py/crane_interfaces/crane_interfaces_s__rosidl_typesupport_introspection_c.cpython-310-x86_64-linux-gnu.so[0m
[100%] Built target crane_interfaces__rosidl_typesupport_introspection_c__pyext
-- Install configuration: ""
-- Installing: /home/nils/Desktop/oblig3_ws/install/crane_interfaces/share/ament_index/resource_index/rosidl_interfaces/crane_interfaces
-- Installing: /home/nils/Desktop/oblig3_ws/install/crane_interfaces/include/crane_interfaces/crane_interfaces
-- Installing: /home/nils/Desktop/oblig3_ws/install/crane_interfaces/include/crane_interfaces/crane_interfaces/msg
-- Installing: /home/nils/Desktop/oblig3_ws/install/crane_interfaces/include/crane_interfaces/crane_interfaces/msg/motion_reference.h
-- Installing: /home/nils/Desktop/oblig3_ws/install/crane_interfaces/include/crane_interfaces/crane_interfaces/msg/rosidl_generator_c__visibility_control.h
-- Installing: /home/nils/Desktop/oblig3_ws/install/crane_interfaces/include/crane_interfaces/crane_interfaces/msg/detail
-- Installing: /home/nils/Desktop/oblig3_ws/install/crane_interfaces/include/crane_interfaces/crane_interfaces/msg/detail/motion_reference__type_support.h
-- Installing: /home/nils/Desktop/oblig3_ws/install/crane_interfaces/include/crane_interfaces/crane_interfaces/msg/detail/motion_reference__functions.h
-- Installing: /home/nils/Desktop/oblig3_ws/install/crane_interfaces/include/crane_interfaces/crane_interfaces/msg/detail/motion_reference__functions.c
-- Installing: /home/nils/Desktop/oblig3_ws/install/crane_interfaces/include/crane_interfaces/crane_interfaces/msg/detail/motion_reference__struct.h
-- Installing: /home/nils/Desktop/oblig3_ws/install/crane_interfaces/share/crane_interfaces/environment/library_path.sh
-- Installing: /home/nils/Desktop/oblig3_ws/install/crane_interfaces/share/crane_interfaces/environment/library_path.dsv
-- Installing: /home/nils/Desktop/oblig3_ws/install/crane_interfaces/lib/libcrane_interfaces__rosidl_generator_c.so
-- Set runtime path of "/home/nils/Desktop/oblig3_ws/install/crane_interfaces/lib/libcrane_interfaces__rosidl_generator_c.so" to ""
-- Up-to-date: /home/nils/Desktop/oblig3_ws/install/crane_interfaces/include/crane_interfaces/crane_interfaces
-- Up-to-date: /home/nils/Desktop/oblig3_ws/install/crane_interfaces/include/crane_interfaces/crane_interfaces/msg
-- Installing: /home/nils/Desktop/oblig3_ws/install/crane_interfaces/include/crane_interfaces/crane_interfaces/msg/rosidl_typesupport_fastrtps_c__visibility_control.h
-- Up-to-date: /home/nils/Desktop/oblig3_ws/install/crane_interfaces/include/crane_interfaces/crane_interfaces/msg/detail
-- Installing: /home/nils/Desktop/oblig3_ws/install/crane_interfaces/include/crane_interfaces/crane_interfaces/msg/detail/motion_reference__rosidl_typesupport_fastrtps_c.h
-- Installing: /home/nils/Desktop/oblig3_ws/install/crane_interfaces/lib/libcrane_interfaces__rosidl_typesupport_fastrtps_c.so
-- Set runtime path of "/home/nils/Desktop/oblig3_ws/install/crane_interfaces/lib/libcrane_interfaces__rosidl_typesupport_fastrtps_c.so" to ""
-- Up-to-date: /home/nils/Desktop/oblig3_ws/install/crane_interfaces/include/crane_interfaces/crane_interfaces
-- Up-to-date: /home/nils/Desktop/oblig3_ws/install/crane_interfaces/include/crane_interfaces/crane_interfaces/msg
-- Installing: /home/nils/Desktop/oblig3_ws/install/crane_interfaces/include/crane_interfaces/crane_interfaces/msg/rosidl_typesupport_introspection_c__visibility_control.h
-- Up-to-date: /home/nils/Desktop/oblig3_ws/install/crane_interfaces/include/crane_interfaces/crane_interfaces/msg/detail
-- Installing: /home/nils/Desktop/oblig3_ws/install/crane_interfaces/include/crane_interfaces/crane_interfaces/msg/detail/motion_reference__rosidl_typesupport_introspection_c.h
-- Installing: /home/nils/Desktop/oblig3_ws/install/crane_interfaces/include/crane_interfaces/crane_interfaces/msg/detail/motion_reference__type_support.c
-- Installing: /home/nils/Desktop/oblig3_ws/install/crane_interfaces/lib/libcrane_interfaces__rosidl_typesupport_introspection_c.so
-- Set runtime path of "/home/nils/Desktop/oblig3_ws/install/crane_interfaces/lib/libcrane_interfaces__rosidl_typesupport_introspection_c.so" to ""
-- Installing: /home/nils/Desktop/oblig3_ws/install/crane_interfaces/lib/libcrane_interfaces__rosidl_typesupport_c.so
-- Set runtime path of "/home/nils/Desktop/oblig3_ws/install/crane_interfaces/lib/libcrane_interfaces__rosidl_typesupport_c.so" to ""
-- Up-to-date: /home/nils/Desktop/oblig3_ws/install/crane_interfaces/include/crane_interfaces/crane_interfaces
-- Up-to-date: /home/nils/Desktop/oblig3_ws/install/crane_interfaces/include/crane_interfaces/crane_interfaces/msg
-- Installing: /home/nils/Desktop/oblig3_ws/install/crane_interfaces/include/crane_interfaces/crane_interfaces/msg/motion_reference.hpp
-- Up-to-date: /home/nils/Desktop/oblig3_ws/install/crane_interfaces/include/crane_interfaces/crane_interfaces/msg/detail
-- Installing: /home/nils/Desktop/oblig3_ws/install/crane_interfaces/include/crane_interfaces/crane_interfaces/msg/detail/motion_reference__struct.hpp
-- Installing: /home/nils/Desktop/oblig3_ws/install/crane_interfaces/include/crane_interfaces/crane_interfaces/msg/detail/motion_reference__traits.hpp
-- Installing: /home/nils/Desktop/oblig3_ws/install/crane_interfaces/include/crane_interfaces/crane_interfaces/msg/detail/motion_reference__builder.hpp
-- Up-to-date: /home/nils/Desktop/oblig3_ws/install/crane_interfaces/include/crane_interfaces/crane_interfaces
-- Up-to-date: /home/nils/Desktop/oblig3_ws/install/crane_interfaces/include/crane_interfaces/crane_interfaces/msg
-- Installing: /home/nils/Desktop/oblig3_ws/install/crane_interfaces/include/crane_interfaces/crane_interfaces/msg/rosidl_typesupport_fastrtps_cpp__visibility_control.h
-- Up-to-date: /home/nils/Desktop/oblig3_ws/install/crane_interfaces/include/crane_interfaces/crane_interfaces/msg/detail
-- Installing: /home/nils/Desktop/oblig3_ws/install/crane_interfaces/include/crane_interfaces/crane_interfaces/msg/detail/motion_reference__rosidl_typesupport_fastrtps_cpp.hpp
-- Installing: /home/nils/Desktop/oblig3_ws/install/crane_interfaces/include/crane_interfaces/crane_interfaces/msg/detail/dds_fastrtps
-- Installing: /home/nils/Desktop/oblig3_ws/install/crane_interfaces/lib/libcrane_interfaces__rosidl_typesupport_fastrtps_cpp.so
-- Set runtime path of "/home/nils/Desktop/oblig3_ws/install/crane_interfaces/lib/libcrane_interfaces__rosidl_typesupport_fastrtps_cpp.so" to ""
-- Up-to-date: /home/nils/Desktop/oblig3_ws/install/crane_interfaces/include/crane_interfaces/crane_interfaces
-- Up-to-date: /home/nils/Desktop/oblig3_ws/install/crane_interfaces/include/crane_interfaces/crane_interfaces/msg
-- Up-to-date: /home/nils/Desktop/oblig3_ws/install/crane_interfaces/include/crane_interfaces/crane_interfaces/msg/detail
-- Installing: /home/nils/Desktop/oblig3_ws/install/crane_interfaces/include/crane_interfaces/crane_interfaces/msg/detail/motion_reference__type_support.cpp
-- Installing: /home/nils/Desktop/oblig3_ws/install/crane_interfaces/include/crane_interfaces/crane_interfaces/msg/detail/motion_reference__rosidl_typesupport_introspection_cpp.hpp
-- Installing: /home/nils/Desktop/oblig3_ws/install/crane_interfaces/lib/libcrane_interfaces__rosidl_typesupport_introspection_cpp.so
-- Set runtime path of "/home/nils/Desktop/oblig3_ws/install/crane_interfaces/lib/libcrane_interfaces__rosidl_typesupport_introspection_cpp.so" to ""
-- Installing: /home/nils/Desktop/oblig3_ws/install/crane_interfaces/lib/libcrane_interfaces__rosidl_typesupport_cpp.so
-- Set runtime path of "/home/nils/Desktop/oblig3_ws/install/crane_interfaces/lib/libcrane_interfaces__rosidl_typesupport_cpp.so" to ""
-- Installing: /home/nils/Desktop/oblig3_ws/install/crane_interfaces/share/crane_interfaces/environment/pythonpath.sh
-- Installing: /home/nils/Desktop/oblig3_ws/install/crane_interfaces/share/crane_interfaces/environment/pythonpath.dsv
-- Installing: /home/nils/Desktop/oblig3_ws/install/crane_interfaces/local/lib/python3.10/dist-packages/crane_interfaces-0.0.0-py3.10.egg-info
-- Installing: /home/nils/Desktop/oblig3_ws/install/crane_interfaces/local/lib/python3.10/dist-packages/crane_interfaces-0.0.0-py3.10.egg-info/top_level.txt
-- Installing: /home/nils/Desktop/oblig3_ws/install/crane_interfaces/local/lib/python3.10/dist-packages/crane_interfaces-0.0.0-py3.10.egg-info/SOURCES.txt
-- Installing: /home/nils/Desktop/oblig3_ws/install/crane_interfaces/local/lib/python3.10/dist-packages/crane_interfaces-0.0.0-py3.10.egg-info/dependency_links.txt
-- Installing: /home/nils/Desktop/oblig3_ws/install/crane_interfaces/local/lib/python3.10/dist-packages/crane_interfaces-0.0.0-py3.10.egg-info/PKG-INFO
-- Installing: /home/nils/Desktop/oblig3_ws/install/crane_interfaces/local/lib/python3.10/dist-packages/crane_interfaces
-- Installing: /home/nils/Desktop/oblig3_ws/install/crane_interfaces/local/lib/python3.10/dist-packages/crane_interfaces/_crane_interfaces_s.ep.rosidl_typesupport_fastrtps_c.c
-- Installing: /home/nils/Desktop/oblig3_ws/install/crane_interfaces/local/lib/python3.10/dist-packages/crane_interfaces/crane_interfaces_s__rosidl_typesupport_c.cpython-310-x86_64-linux-gnu.so
-- Installing: /home/nils/Desktop/oblig3_ws/install/crane_interfaces/local/lib/python3.10/dist-packages/crane_interfaces/crane_interfaces_s__rosidl_typesupport_introspection_c.cpython-310-x86_64-linux-gnu.so
-- Installing: /home/nils/Desktop/oblig3_ws/install/crane_interfaces/local/lib/python3.10/dist-packages/crane_interfaces/msg
-- Installing: /home/nils/Desktop/oblig3_ws/install/crane_interfaces/local/lib/python3.10/dist-packages/crane_interfaces/msg/_motion_reference.py
-- Installing: /home/nils/Desktop/oblig3_ws/install/crane_interfaces/local/lib/python3.10/dist-packages/crane_interfaces/msg/__init__.py
-- Installing: /home/nils/Desktop/oblig3_ws/install/crane_interfaces/local/lib/python3.10/dist-packages/crane_interfaces/msg/_motion_reference_s.c
-- Installing: /home/nils/Desktop/oblig3_ws/install/crane_interfaces/local/lib/python3.10/dist-packages/crane_interfaces/_crane_interfaces_s.ep.rosidl_typesupport_introspection_c.c
-- Installing: /home/nils/Desktop/oblig3_ws/install/crane_interfaces/local/lib/python3.10/dist-packages/crane_interfaces/_crane_interfaces_s.ep.rosidl_typesupport_c.c
-- Installing: /home/nils/Desktop/oblig3_ws/install/crane_interfaces/local/lib/python3.10/dist-packages/crane_interfaces/crane_interfaces_s__rosidl_typesupport_fastrtps_c.cpython-310-x86_64-linux-gnu.so
-- Installing: /home/nils/Desktop/oblig3_ws/install/crane_interfaces/local/lib/python3.10/dist-packages/crane_interfaces/__init__.py
-- Installing: /home/nils/Desktop/oblig3_ws/install/crane_interfaces/local/lib/python3.10/dist-packages/crane_interfaces/libcrane_interfaces__rosidl_generator_py.so
Listing '/home/nils/Desktop/oblig3_ws/install/crane_interfaces/local/lib/python3.10/dist-packages/crane_interfaces'...
Compiling '/home/nils/Desktop/oblig3_ws/install/crane_interfaces/local/lib/python3.10/dist-packages/crane_interfaces/__init__.py'...
Listing '/home/nils/Desktop/oblig3_ws/install/crane_interfaces/local/lib/python3.10/dist-packages/crane_interfaces/msg'...
Compiling '/home/nils/Desktop/oblig3_ws/install/crane_interfaces/local/lib/python3.10/dist-packages/crane_interfaces/msg/__init__.py'...
Compiling '/home/nils/Desktop/oblig3_ws/install/crane_interfaces/local/lib/python3.10/dist-packages/crane_interfaces/msg/_motion_reference.py'...
-- Installing: /home/nils/Desktop/oblig3_ws/install/crane_interfaces/local/lib/python3.10/dist-packages/crane_interfaces/crane_interfaces_s__rosidl_typesupport_fastrtps_c.cpython-310-x86_64-linux-gnu.so
-- Set runtime path of "/home/nils/Desktop/oblig3_ws/install/crane_interfaces/local/lib/python3.10/dist-packages/crane_interfaces/crane_interfaces_s__rosidl_typesupport_fastrtps_c.cpython-310-x86_64-linux-gnu.so" to ""
-- Installing: /home/nils/Desktop/oblig3_ws/install/crane_interfaces/local/lib/python3.10/dist-packages/crane_interfaces/crane_interfaces_s__rosidl_typesupport_introspection_c.cpython-310-x86_64-linux-gnu.so
-- Set runtime path of "/home/nils/Desktop/oblig3_ws/install/crane_interfaces/local/lib/python3.10/dist-packages/crane_interfaces/crane_interfaces_s__rosidl_typesupport_introspection_c.cpython-310-x86_64-linux-gnu.so" to ""
-- Installing: /home/nils/Desktop/oblig3_ws/install/crane_interfaces/local/lib/python3.10/dist-packages/crane_interfaces/crane_interfaces_s__rosidl_typesupport_c.cpython-310-x86_64-linux-gnu.so
-- Set runtime path of "/home/nils/Desktop/oblig3_ws/install/crane_interfaces/local/lib/python3.10/dist-packages/crane_interfaces/crane_interfaces_s__rosidl_typesupport_c.cpython-310-x86_64-linux-gnu.so" to ""
-- Installing: /home/nils/Desktop/oblig3_ws/install/crane_interfaces/lib/libcrane_interfaces__rosidl_generator_py.so
-- Set runtime path of "/home/nils/Desktop/oblig3_ws/install/crane_interfaces/lib/libcrane_interfaces__rosidl_generator_py.so" to ""
-- Installing: /home/nils/Desktop/oblig3_ws/install/crane_interfaces/share/crane_interfaces/msg/MotionReference.idl
-- Installing: /home/nils/Desktop/oblig3_ws/install/crane_interfaces/share/crane_interfaces/msg/MotionReference.msg
-- Installing: /home/nils/Desktop/oblig3_ws/install/crane_interfaces/share/ament_index/resource_index/package_run_dependencies/crane_interfaces
-- Installing: /home/nils/Desktop/oblig3_ws/install/crane_interfaces/share/ament_index/resource_index/parent_prefix_path/crane_interfaces
-- Installing: /home/nils/Desktop/oblig3_ws/install/crane_interfaces/share/crane_interfaces/environment/ament_prefix_path.sh
-- Installing: /home/nils/Desktop/oblig3_ws/install/crane_interfaces/share/crane_interfaces/environment/ament_prefix_path.dsv
-- Installing: /home/nils/Desktop/oblig3_ws/install/crane_interfaces/share/crane_interfaces/environment/path.sh
-- Installing: /home/nils/Desktop/oblig3_ws/install/crane_interfaces/share/crane_interfaces/environment/path.dsv
-- Installing: /home/nils/Desktop/oblig3_ws/install/crane_interfaces/share/crane_interfaces/local_setup.bash
-- Installing: /home/nils/Desktop/oblig3_ws/install/crane_interfaces/share/crane_interfaces/local_setup.sh
-- Installing: /home/nils/Desktop/oblig3_ws/install/crane_interfaces/share/crane_interfaces/local_setup.zsh
-- Installing: /home/nils/Desktop/oblig3_ws/install/crane_interfaces/share/crane_interfaces/local_setup.dsv
-- Installing: /home/nils/Desktop/oblig3_ws/install/crane_interfaces/share/crane_interfaces/package.dsv
-- Installing: /home/nils/Desktop/oblig3_ws/install/crane_interfaces/share/ament_index/resource_index/packages/crane_interfaces
-- Installing: /home/nils/Desktop/oblig3_ws/install/crane_interfaces/share/crane_interfaces/cmake/export_crane_interfaces__rosidl_generator_cExport.cmake
-- Installing: /home/nils/Desktop/oblig3_ws/install/crane_interfaces/share/crane_interfaces/cmake/export_crane_interfaces__rosidl_generator_cExport-noconfig.cmake
-- Installing: /home/nils/Desktop/oblig3_ws/install/crane_interfaces/share/crane_interfaces/cmake/export_crane_interfaces__rosidl_typesupport_fastrtps_cExport.cmake
-- Installing: /home/nils/Desktop/oblig3_ws/install/crane_interfaces/share/crane_interfaces/cmake/export_crane_interfaces__rosidl_typesupport_fastrtps_cExport-noconfig.cmake
-- Installing: /home/nils/Desktop/oblig3_ws/install/crane_interfaces/share/crane_interfaces/cmake/crane_interfaces__rosidl_typesupport_introspection_cExport.cmake
-- Installing: /home/nils/Desktop/oblig3_ws/install/crane_interfaces/share/crane_interfaces/cmake/crane_interfaces__rosidl_typesupport_introspection_cExport-noconfig.cmake
-- Installing: /home/nils/Desktop/oblig3_ws/install/crane_interfaces/share/crane_interfaces/cmake/crane_interfaces__rosidl_typesupport_cExport.cmake
-- Installing: /home/nils/Desktop/oblig3_ws/install/crane_interfaces/share/crane_interfaces/cmake/crane_interfaces__rosidl_typesupport_cExport-noconfig.cmake
-- Installing: /home/nils/Desktop/oblig3_ws/install/crane_interfaces/share/crane_interfaces/cmake/export_crane_interfaces__rosidl_generator_cppExport.cmake
-- Installing: /home/nils/Desktop/oblig3_ws/install/crane_interfaces/share/crane_interfaces/cmake/export_crane_interfaces__rosidl_typesupport_fastrtps_cppExport.cmake
-- Installing: /home/nils/Desktop/oblig3_ws/install/crane_interfaces/share/crane_interfaces/cmake/export_crane_interfaces__rosidl_typesupport_fastrtps_cppExport-noconfig.cmake
-- Installing: /home/nils/Desktop/oblig3_ws/install/crane_interfaces/share/crane_interfaces/cmake/crane_interfaces__rosidl_typesupport_introspection_cppExport.cmake
-- Installing: /home/nils/Desktop/oblig3_ws/install/crane_interfaces/share/crane_interfaces/cmake/crane_interfaces__rosidl_typesupport_introspection_cppExport-noconfig.cmake
-- Installing: /home/nils/Desktop/oblig3_ws/install/crane_interfaces/share/crane_interfaces/cmake/crane_interfaces__rosidl_typesupport_cppExport.cmake
-- Installing: /home/nils/Desktop/oblig3_ws/install/crane_interfaces/share/crane_interfaces/cmake/crane_interfaces__rosidl_typesupport_cppExport-noconfig.cmake
-- Installing: /home/nils/Desktop/oblig3_ws/install/crane_interfaces/share/crane_interfaces/cmake/export_crane_interfaces__rosidl_generator_pyExport.cmake
-- Installing: /home/nils/Desktop/oblig3_ws/install/crane_interfaces/share/crane_interfaces/cmake/export_crane_interfaces__rosidl_generator_pyExport-noconfig.cmake
-- Installing: /home/nils/Desktop/oblig3_ws/install/crane_interfaces/share/crane_interfaces/cmake/rosidl_cmake-extras.cmake
-- Installing: /home/nils/Desktop/oblig3_ws/install/crane_interfaces/share/crane_interfaces/cmake/ament_cmake_export_include_directories-extras.cmake
-- Installing: /home/nils/Desktop/oblig3_ws/install/crane_interfaces/share/crane_interfaces/cmake/ament_cmake_export_libraries-extras.cmake
-- Installing: /home/nils/Desktop/oblig3_ws/install/crane_interfaces/share/crane_interfaces/cmake/ament_cmake_export_targets-extras.cmake
-- Installing: /home/nils/Desktop/oblig3_ws/install/crane_interfaces/share/crane_interfaces/cmake/rosidl_cmake_export_typesupport_targets-extras.cmake
-- Installing: /home/nils/Desktop/oblig3_ws/install/crane_interfaces/share/crane_interfaces/cmake/ament_cmake_export_dependencies-extras.cmake
-- Installing: /home/nils/Desktop/oblig3_ws/install/crane_interfaces/share/crane_interfaces/cmake/rosidl_cmake_export_typesupport_libraries-extras.cmake
-- Installing: /home/nils/Desktop/oblig3_ws/install/crane_interfaces/share/crane_interfaces/cmake/crane_interfacesConfig.cmake
-- Installing: /home/nils/Desktop/oblig3_ws/install/crane_interfaces/share/crane_interfaces/cmake/crane_interfacesConfig-version.cmake
-- Installing: /home/nils/Desktop/oblig3_ws/install/crane_interfaces/share/crane_interfaces/package.xml
