-- The C compiler identification is GNU 11.3.0
-- The CXX compiler identification is GNU 11.3.0
-- Detecting C compiler ABI info
-- Detecting C compiler ABI info - done
-- Check for working C compiler: /usr/bin/cc - skipped
-- Detecting C compile features
-- Detecting C compile features - done
-- Detecting CXX compiler ABI info
-- Detecting CXX compiler ABI info - done
-- Check for working CXX compiler: /usr/bin/c++ - skipped
-- Detecting CXX compile features
-- Detecting CXX compile features - done
-- Found ament_cmake: 1.3.3 (/opt/ros/humble/share/ament_cmake/cmake)
-- Found Python3: /usr/bin/python3.10 (found version "3.10.6") found components: Interpreter 
-- Found ament_lint_auto: 0.12.5 (/opt/ros/humble/share/ament_lint_auto/cmake)
-- Configuring done
-- Generating done
-- Build files have been written to: /home/nils/Desktop/oblig3_ws/build/xacro
Built target ament_cmake_python_copy_xacro
Built target ament_cmake_python_copy_xacro_setup
running egg_info
creating xacro.egg-info
writing xacro.egg-info/PKG-INFO
writing dependency_links to xacro.egg-info/dependency_links.txt
writing entry points to xacro.egg-info/entry_points.txt
writing top-level names to xacro.egg-info/top_level.txt
writing manifest file 'xacro.egg-info/SOURCES.txt'
reading manifest file 'xacro.egg-info/SOURCES.txt'
writing manifest file 'xacro.egg-info/SOURCES.txt'
running install_scripts
Built target ament_cmake_python_build_xacro_egg
running egg_info
writing xacro.egg-info/PKG-INFO
writing dependency_links to xacro.egg-info/dependency_links.txt
writing entry points to xacro.egg-info/entry_points.txt
writing top-level names to xacro.egg-info/top_level.txt
reading manifest file 'xacro.egg-info/SOURCES.txt'
writing manifest file 'xacro.egg-info/SOURCES.txt'
Installing xacro script to scripts
Built target ament_cmake_python_build_xacro_scripts
-- Install configuration: ""
-- Installing: /home/nils/Desktop/oblig3_ws/install/xacro/share/xacro/environment/completion.bash
-- Installing: /home/nils/Desktop/oblig3_ws/install/xacro/share/xacro/environment/pythonpath.sh
-- Installing: /home/nils/Desktop/oblig3_ws/install/xacro/share/xacro/environment/pythonpath.dsv
-- Installing: /home/nils/Desktop/oblig3_ws/install/xacro/local/lib/python3.10/dist-packages/xacro-2.0.9-py3.10.egg-info
-- Installing: /home/nils/Desktop/oblig3_ws/install/xacro/local/lib/python3.10/dist-packages/xacro-2.0.9-py3.10.egg-info/top_level.txt
-- Installing: /home/nils/Desktop/oblig3_ws/install/xacro/local/lib/python3.10/dist-packages/xacro-2.0.9-py3.10.egg-info/SOURCES.txt
-- Installing: /home/nils/Desktop/oblig3_ws/install/xacro/local/lib/python3.10/dist-packages/xacro-2.0.9-py3.10.egg-info/dependency_links.txt
-- Installing: /home/nils/Desktop/oblig3_ws/install/xacro/local/lib/python3.10/dist-packages/xacro-2.0.9-py3.10.egg-info/PKG-INFO
-- Installing: /home/nils/Desktop/oblig3_ws/install/xacro/local/lib/python3.10/dist-packages/xacro-2.0.9-py3.10.egg-info/entry_points.txt
-- Installing: /home/nils/Desktop/oblig3_ws/install/xacro/lib/xacro/
-- Installing: /home/nils/Desktop/oblig3_ws/install/xacro/lib/xacro//xacro
-- Installing: /home/nils/Desktop/oblig3_ws/install/xacro/local/lib/python3.10/dist-packages/xacro
-- Installing: /home/nils/Desktop/oblig3_ws/install/xacro/local/lib/python3.10/dist-packages/xacro/substitution_args.py
-- Installing: /home/nils/Desktop/oblig3_ws/install/xacro/local/lib/python3.10/dist-packages/xacro/cli.py
-- Installing: /home/nils/Desktop/oblig3_ws/install/xacro/local/lib/python3.10/dist-packages/xacro/color.py
-- Installing: /home/nils/Desktop/oblig3_ws/install/xacro/local/lib/python3.10/dist-packages/xacro/__init__.py
-- Installing: /home/nils/Desktop/oblig3_ws/install/xacro/local/lib/python3.10/dist-packages/xacro/xmlutils.py
Listing '/home/nils/Desktop/oblig3_ws/install/xacro/local/lib/python3.10/dist-packages/xacro'...
Compiling '/home/nils/Desktop/oblig3_ws/install/xacro/local/lib/python3.10/dist-packages/xacro/__init__.py'...
Compiling '/home/nils/Desktop/oblig3_ws/install/xacro/local/lib/python3.10/dist-packages/xacro/cli.py'...
Compiling '/home/nils/Desktop/oblig3_ws/install/xacro/local/lib/python3.10/dist-packages/xacro/color.py'...
Compiling '/home/nils/Desktop/oblig3_ws/install/xacro/local/lib/python3.10/dist-packages/xacro/substitution_args.py'...
Compiling '/home/nils/Desktop/oblig3_ws/install/xacro/local/lib/python3.10/dist-packages/xacro/xmlutils.py'...
-- Installing: /home/nils/Desktop/oblig3_ws/install/xacro/bin/
-- Installing: /home/nils/Desktop/oblig3_ws/install/xacro/bin//xacro
-- Installing: /home/nils/Desktop/oblig3_ws/install/xacro/share/ament_index/resource_index/package_run_dependencies/xacro
-- Installing: /home/nils/Desktop/oblig3_ws/install/xacro/share/ament_index/resource_index/parent_prefix_path/xacro
-- Installing: /home/nils/Desktop/oblig3_ws/install/xacro/share/xacro/environment/ament_prefix_path.sh
-- Installing: /home/nils/Desktop/oblig3_ws/install/xacro/share/xacro/environment/ament_prefix_path.dsv
-- Installing: /home/nils/Desktop/oblig3_ws/install/xacro/share/xacro/environment/path.sh
-- Installing: /home/nils/Desktop/oblig3_ws/install/xacro/share/xacro/environment/path.dsv
-- Installing: /home/nils/Desktop/oblig3_ws/install/xacro/share/xacro/local_setup.bash
-- Installing: /home/nils/Desktop/oblig3_ws/install/xacro/share/xacro/local_setup.sh
-- Installing: /home/nils/Desktop/oblig3_ws/install/xacro/share/xacro/local_setup.zsh
-- Installing: /home/nils/Desktop/oblig3_ws/install/xacro/share/xacro/local_setup.dsv
-- Installing: /home/nils/Desktop/oblig3_ws/install/xacro/share/xacro/package.dsv
-- Installing: /home/nils/Desktop/oblig3_ws/install/xacro/share/ament_index/resource_index/packages/xacro
-- Installing: /home/nils/Desktop/oblig3_ws/install/xacro/share/xacro/cmake/xacro-extras.cmake
-- Installing: /home/nils/Desktop/oblig3_ws/install/xacro/share/xacro/cmake/xacroConfig.cmake
-- Installing: /home/nils/Desktop/oblig3_ws/install/xacro/share/xacro/cmake/xacroConfig-version.cmake
-- Installing: /home/nils/Desktop/oblig3_ws/install/xacro/share/xacro/package.xml
