[0.046s] Invoking command in '/home/nils/Desktop/oblig3_ws/build/ads_example_package': CMAKE_PREFIX_PATH=/home/nils/Desktop/oblig3_ws/install/crane_interfaces:/home/nils/Desktop/oblig3_ws/install/xacro:/home/nils/Desktop/oblig3_ws/install/crane_visualization:/home/nils/Desktop/oblig3_ws/install/crane_controller:/home/nils/Desktop/oblig3_ws/install/ads_example_package:/opt/ros/humble:/home/nils/Desktop/oblig3_ws/install/joint_state_publisher_gui:/home/nils/Desktop/oblig3_ws/install/joint_state_publisher:/home/nils/Desktop/oblig3_ws/install/crane_simulator LD_LIBRARY_PATH=/home/nils/Desktop/oblig3_ws/install/crane_interfaces/lib:/opt/ros/humble/opt/rviz_ogre_vendor/lib:/opt/ros/humble/lib/x86_64-linux-gnu:/opt/ros/humble/lib /usr/bin/cmake --build /home/nils/Desktop/oblig3_ws/build/ads_example_package -- -j3 -l3
[0.162s] [35m[1mConsolidate compiler generated dependencies of target ads_node[0m
[0.222s] [100%] Built target ads_node
[0.254s] Invoked command in '/home/nils/Desktop/oblig3_ws/build/ads_example_package' returned '0': CMAKE_PREFIX_PATH=/home/nils/Desktop/oblig3_ws/install/crane_interfaces:/home/nils/Desktop/oblig3_ws/install/xacro:/home/nils/Desktop/oblig3_ws/install/crane_visualization:/home/nils/Desktop/oblig3_ws/install/crane_controller:/home/nils/Desktop/oblig3_ws/install/ads_example_package:/opt/ros/humble:/home/nils/Desktop/oblig3_ws/install/joint_state_publisher_gui:/home/nils/Desktop/oblig3_ws/install/joint_state_publisher:/home/nils/Desktop/oblig3_ws/install/crane_simulator LD_LIBRARY_PATH=/home/nils/Desktop/oblig3_ws/install/crane_interfaces/lib:/opt/ros/humble/opt/rviz_ogre_vendor/lib:/opt/ros/humble/lib/x86_64-linux-gnu:/opt/ros/humble/lib /usr/bin/cmake --build /home/nils/Desktop/oblig3_ws/build/ads_example_package -- -j3 -l3
[0.340s] Invoking command in '/home/nils/Desktop/oblig3_ws/build/ads_example_package': CMAKE_PREFIX_PATH=/home/nils/Desktop/oblig3_ws/install/crane_interfaces:/home/nils/Desktop/oblig3_ws/install/xacro:/home/nils/Desktop/oblig3_ws/install/crane_visualization:/home/nils/Desktop/oblig3_ws/install/crane_controller:/home/nils/Desktop/oblig3_ws/install/ads_example_package:/opt/ros/humble:/home/nils/Desktop/oblig3_ws/install/joint_state_publisher_gui:/home/nils/Desktop/oblig3_ws/install/joint_state_publisher:/home/nils/Desktop/oblig3_ws/install/crane_simulator LD_LIBRARY_PATH=/home/nils/Desktop/oblig3_ws/install/crane_interfaces/lib:/opt/ros/humble/opt/rviz_ogre_vendor/lib:/opt/ros/humble/lib/x86_64-linux-gnu:/opt/ros/humble/lib /usr/bin/cmake --install /home/nils/Desktop/oblig3_ws/build/ads_example_package
[0.362s] -- Install configuration: ""
[0.364s] -- Up-to-date: /home/nils/Desktop/oblig3_ws/install/ads_example_package/lib/ads_example_package/ads_node
[0.365s] -- Up-to-date: /home/nils/Desktop/oblig3_ws/install/ads_example_package/share/ament_index/resource_index/package_run_dependencies/ads_example_package
[0.365s] -- Up-to-date: /home/nils/Desktop/oblig3_ws/install/ads_example_package/share/ament_index/resource_index/parent_prefix_path/ads_example_package
[0.365s] -- Up-to-date: /home/nils/Desktop/oblig3_ws/install/ads_example_package/share/ads_example_package/environment/ament_prefix_path.sh
[0.365s] -- Up-to-date: /home/nils/Desktop/oblig3_ws/install/ads_example_package/share/ads_example_package/environment/ament_prefix_path.dsv
[0.366s] -- Up-to-date: /home/nils/Desktop/oblig3_ws/install/ads_example_package/share/ads_example_package/environment/path.sh
[0.366s] -- Up-to-date: /home/nils/Desktop/oblig3_ws/install/ads_example_package/share/ads_example_package/environment/path.dsv
[0.367s] -- Up-to-date: /home/nils/Desktop/oblig3_ws/install/ads_example_package/share/ads_example_package/local_setup.bash
[0.369s] -- Up-to-date: /home/nils/Desktop/oblig3_ws/install/ads_example_package/share/ads_example_package/local_setup.sh
[0.369s] -- Up-to-date: /home/nils/Desktop/oblig3_ws/install/ads_example_package/share/ads_example_package/local_setup.zsh
[0.369s] -- Up-to-date: /home/nils/Desktop/oblig3_ws/install/ads_example_package/share/ads_example_package/local_setup.dsv
[0.370s] -- Installing: /home/nils/Desktop/oblig3_ws/install/ads_example_package/share/ads_example_package/package.dsv
[0.372s] -- Up-to-date: /home/nils/Desktop/oblig3_ws/install/ads_example_package/share/ament_index/resource_index/packages/ads_example_package
[0.383s] -- Up-to-date: /home/nils/Desktop/oblig3_ws/install/ads_example_package/share/ads_example_package/cmake/ads_example_packageConfig.cmake
[0.384s] -- Up-to-date: /home/nils/Desktop/oblig3_ws/install/ads_example_package/share/ads_example_package/cmake/ads_example_packageConfig-version.cmake
[0.385s] -- Up-to-date: /home/nils/Desktop/oblig3_ws/install/ads_example_package/share/ads_example_package/package.xml
[0.386s] Invoked command in '/home/nils/Desktop/oblig3_ws/build/ads_example_package' returned '0': CMAKE_PREFIX_PATH=/home/nils/Desktop/oblig3_ws/install/crane_interfaces:/home/nils/Desktop/oblig3_ws/install/xacro:/home/nils/Desktop/oblig3_ws/install/crane_visualization:/home/nils/Desktop/oblig3_ws/install/crane_controller:/home/nils/Desktop/oblig3_ws/install/ads_example_package:/opt/ros/humble:/home/nils/Desktop/oblig3_ws/install/joint_state_publisher_gui:/home/nils/Desktop/oblig3_ws/install/joint_state_publisher:/home/nils/Desktop/oblig3_ws/install/crane_simulator LD_LIBRARY_PATH=/home/nils/Desktop/oblig3_ws/install/crane_interfaces/lib:/opt/ros/humble/opt/rviz_ogre_vendor/lib:/opt/ros/humble/lib/x86_64-linux-gnu:/opt/ros/humble/lib /usr/bin/cmake --install /home/nils/Desktop/oblig3_ws/build/ads_example_package
