[1.404s] DEBUG:colcon:Command line arguments: ['/usr/bin/colcon', 'build', '--packages-select', 'ads_example_package']
[1.407s] DEBUG:colcon:Parsed command line arguments: Namespace(log_base=None, log_level=None, verb_name='build', build_base='build', install_base='install', merge_install=False, symlink_install=False, test_result_base=None, continue_on_error=False, executor='parallel', parallel_workers=3, event_handlers=None, ignore_user_meta=False, metas=['./colcon.meta'], base_paths=['.'], packages_ignore=None, packages_ignore_regex=None, paths=None, packages_up_to=None, packages_up_to_regex=None, packages_above=None, packages_above_and_dependencies=None, packages_above_depth=None, packages_select_by_dep=None, packages_skip_by_dep=None, packages_skip_up_to=None, packages_select_build_failed=False, packages_skip_build_finished=False, packages_select_test_failures=False, packages_skip_test_passed=False, packages_select=['ads_example_package'], packages_skip=None, packages_select_regex=None, packages_skip_regex=None, packages_start=None, packages_end=None, allow_overriding=[], cmake_args=None, cmake_target=None, cmake_target_skip_unavailable=False, cmake_clean_cache=False, cmake_clean_first=False, cmake_force_configure=False, ament_cmake_args=None, catkin_cmake_args=None, catkin_skip_building_tests=False, verb_parser=<colcon_defaults.argument_parser.defaults.DefaultArgumentsDecorator object at 0x7fded40cda80>, verb_extension=<colcon_core.verb.build.BuildVerb object at 0x7fded40cd510>, main=<bound method BuildVerb.main of <colcon_core.verb.build.BuildVerb object at 0x7fded40cd510>>)
[1.520s] Level 1:colcon.colcon_core.package_discovery:discover_packages(colcon_meta) check parameters
[1.521s] Level 1:colcon.colcon_core.package_discovery:discover_packages(recursive) check parameters
[1.521s] Level 1:colcon.colcon_core.package_discovery:discover_packages(ignore) check parameters
[1.521s] Level 1:colcon.colcon_core.package_discovery:discover_packages(path) check parameters
[1.521s] Level 1:colcon.colcon_core.package_discovery:discover_packages(colcon_meta) discover
[1.521s] Level 1:colcon.colcon_core.package_discovery:discover_packages(recursive) discover
[1.522s] INFO:colcon.colcon_core.package_discovery:Crawling recursively for packages in '/home/nils/Desktop/oblig3_ws'
[1.522s] Level 1:colcon.colcon_core.package_identification:_identify(.) by extensions ['ignore', 'ignore_ament_install']
[1.523s] Level 1:colcon.colcon_core.package_identification:_identify(.) by extension 'ignore'
[1.523s] Level 1:colcon.colcon_core.package_identification:_identify(.) by extension 'ignore_ament_install'
[1.523s] Level 1:colcon.colcon_core.package_identification:_identify(.) by extensions ['colcon_pkg']
[1.523s] Level 1:colcon.colcon_core.package_identification:_identify(.) by extension 'colcon_pkg'
[1.523s] Level 1:colcon.colcon_core.package_identification:_identify(.) by extensions ['colcon_meta']
[1.524s] Level 1:colcon.colcon_core.package_identification:_identify(.) by extension 'colcon_meta'
[1.524s] Level 1:colcon.colcon_core.package_identification:_identify(.) by extensions ['ros']
[1.524s] Level 1:colcon.colcon_core.package_identification:_identify(.) by extension 'ros'
[1.573s] Level 1:colcon.colcon_core.package_identification:_identify(.) by extensions ['cmake', 'python']
[1.573s] Level 1:colcon.colcon_core.package_identification:_identify(.) by extension 'cmake'
[1.574s] Level 1:colcon.colcon_core.package_identification:_identify(.) by extension 'python'
[1.574s] Level 1:colcon.colcon_core.package_identification:_identify(.) by extensions ['python_setup_py']
[1.574s] Level 1:colcon.colcon_core.package_identification:_identify(.) by extension 'python_setup_py'
[1.575s] Level 1:colcon.colcon_core.package_identification:_identify(build) by extensions ['ignore', 'ignore_ament_install']
[1.575s] Level 1:colcon.colcon_core.package_identification:_identify(build) by extension 'ignore'
[1.575s] Level 1:colcon.colcon_core.package_identification:_identify(build) ignored
[1.576s] Level 1:colcon.colcon_core.package_identification:_identify(install) by extensions ['ignore', 'ignore_ament_install']
[1.576s] Level 1:colcon.colcon_core.package_identification:_identify(install) by extension 'ignore'
[1.576s] Level 1:colcon.colcon_core.package_identification:_identify(install) ignored
[1.577s] Level 1:colcon.colcon_core.package_identification:_identify(log) by extensions ['ignore', 'ignore_ament_install']
[1.577s] Level 1:colcon.colcon_core.package_identification:_identify(log) by extension 'ignore'
[1.577s] Level 1:colcon.colcon_core.package_identification:_identify(log) ignored
[1.578s] Level 1:colcon.colcon_core.package_identification:_identify(src) by extensions ['ignore', 'ignore_ament_install']
[1.578s] Level 1:colcon.colcon_core.package_identification:_identify(src) by extension 'ignore'
[1.578s] Level 1:colcon.colcon_core.package_identification:_identify(src) by extension 'ignore_ament_install'
[1.579s] Level 1:colcon.colcon_core.package_identification:_identify(src) by extensions ['colcon_pkg']
[1.579s] Level 1:colcon.colcon_core.package_identification:_identify(src) by extension 'colcon_pkg'
[1.579s] Level 1:colcon.colcon_core.package_identification:_identify(src) by extensions ['colcon_meta']
[1.579s] Level 1:colcon.colcon_core.package_identification:_identify(src) by extension 'colcon_meta'
[1.579s] Level 1:colcon.colcon_core.package_identification:_identify(src) by extensions ['ros']
[1.579s] Level 1:colcon.colcon_core.package_identification:_identify(src) by extension 'ros'
[1.580s] Level 1:colcon.colcon_core.package_identification:_identify(src) by extensions ['cmake', 'python']
[1.580s] Level 1:colcon.colcon_core.package_identification:_identify(src) by extension 'cmake'
[1.580s] Level 1:colcon.colcon_core.package_identification:_identify(src) by extension 'python'
[1.580s] Level 1:colcon.colcon_core.package_identification:_identify(src) by extensions ['python_setup_py']
[1.580s] Level 1:colcon.colcon_core.package_identification:_identify(src) by extension 'python_setup_py'
[1.581s] Level 1:colcon.colcon_core.package_identification:_identify(src/crane_controller) by extensions ['ignore', 'ignore_ament_install']
[1.581s] Level 1:colcon.colcon_core.package_identification:_identify(src/crane_controller) by extension 'ignore'
[1.581s] Level 1:colcon.colcon_core.package_identification:_identify(src/crane_controller) by extension 'ignore_ament_install'
[1.582s] Level 1:colcon.colcon_core.package_identification:_identify(src/crane_controller) by extensions ['colcon_pkg']
[1.582s] Level 1:colcon.colcon_core.package_identification:_identify(src/crane_controller) by extension 'colcon_pkg'
[1.582s] Level 1:colcon.colcon_core.package_identification:_identify(src/crane_controller) by extensions ['colcon_meta']
[1.582s] Level 1:colcon.colcon_core.package_identification:_identify(src/crane_controller) by extension 'colcon_meta'
[1.583s] Level 1:colcon.colcon_core.package_identification:_identify(src/crane_controller) by extensions ['ros']
[1.583s] Level 1:colcon.colcon_core.package_identification:_identify(src/crane_controller) by extension 'ros'
[1.595s] DEBUG:colcon.colcon_core.package_identification:Package 'src/crane_controller' with type 'ros.ament_cmake' and name 'crane_controller'
[1.596s] Level 1:colcon.colcon_core.package_identification:_identify(src/crane_interfaces) by extensions ['ignore', 'ignore_ament_install']
[1.596s] Level 1:colcon.colcon_core.package_identification:_identify(src/crane_interfaces) by extension 'ignore'
[1.596s] Level 1:colcon.colcon_core.package_identification:_identify(src/crane_interfaces) by extension 'ignore_ament_install'
[1.597s] Level 1:colcon.colcon_core.package_identification:_identify(src/crane_interfaces) by extensions ['colcon_pkg']
[1.597s] Level 1:colcon.colcon_core.package_identification:_identify(src/crane_interfaces) by extension 'colcon_pkg'
[1.597s] Level 1:colcon.colcon_core.package_identification:_identify(src/crane_interfaces) by extensions ['colcon_meta']
[1.598s] Level 1:colcon.colcon_core.package_identification:_identify(src/crane_interfaces) by extension 'colcon_meta'
[1.598s] Level 1:colcon.colcon_core.package_identification:_identify(src/crane_interfaces) by extensions ['ros']
[1.598s] Level 1:colcon.colcon_core.package_identification:_identify(src/crane_interfaces) by extension 'ros'
[1.602s] DEBUG:colcon.colcon_core.package_identification:Package 'src/crane_interfaces' with type 'ros.ament_cmake' and name 'crane_interfaces'
[1.603s] Level 1:colcon.colcon_core.package_identification:_identify(src/crane_simulator) by extensions ['ignore', 'ignore_ament_install']
[1.604s] Level 1:colcon.colcon_core.package_identification:_identify(src/crane_simulator) by extension 'ignore'
[1.604s] Level 1:colcon.colcon_core.package_identification:_identify(src/crane_simulator) by extension 'ignore_ament_install'
[1.605s] Level 1:colcon.colcon_core.package_identification:_identify(src/crane_simulator) by extensions ['colcon_pkg']
[1.605s] Level 1:colcon.colcon_core.package_identification:_identify(src/crane_simulator) by extension 'colcon_pkg'
[1.605s] Level 1:colcon.colcon_core.package_identification:_identify(src/crane_simulator) by extensions ['colcon_meta']
[1.605s] Level 1:colcon.colcon_core.package_identification:_identify(src/crane_simulator) by extension 'colcon_meta'
[1.605s] Level 1:colcon.colcon_core.package_identification:_identify(src/crane_simulator) by extensions ['ros']
[1.605s] Level 1:colcon.colcon_core.package_identification:_identify(src/crane_simulator) by extension 'ros'
[1.608s] DEBUG:colcon.colcon_core.package_identification:Package 'src/crane_simulator' with type 'ros.ament_python' and name 'crane_simulator'
[1.608s] Level 1:colcon.colcon_core.package_identification:_identify(src/crane_visualization) by extensions ['ignore', 'ignore_ament_install']
[1.609s] Level 1:colcon.colcon_core.package_identification:_identify(src/crane_visualization) by extension 'ignore'
[1.609s] Level 1:colcon.colcon_core.package_identification:_identify(src/crane_visualization) by extension 'ignore_ament_install'
[1.609s] Level 1:colcon.colcon_core.package_identification:_identify(src/crane_visualization) by extensions ['colcon_pkg']
[1.610s] Level 1:colcon.colcon_core.package_identification:_identify(src/crane_visualization) by extension 'colcon_pkg'
[1.610s] Level 1:colcon.colcon_core.package_identification:_identify(src/crane_visualization) by extensions ['colcon_meta']
[1.610s] Level 1:colcon.colcon_core.package_identification:_identify(src/crane_visualization) by extension 'colcon_meta'
[1.610s] Level 1:colcon.colcon_core.package_identification:_identify(src/crane_visualization) by extensions ['ros']
[1.610s] Level 1:colcon.colcon_core.package_identification:_identify(src/crane_visualization) by extension 'ros'
[1.612s] DEBUG:colcon.colcon_core.package_identification:Package 'src/crane_visualization' with type 'ros.ament_cmake' and name 'crane_visualization'
[1.613s] Level 1:colcon.colcon_core.package_identification:_identify(src/joint_state_publisher) by extensions ['ignore', 'ignore_ament_install']
[1.613s] Level 1:colcon.colcon_core.package_identification:_identify(src/joint_state_publisher) by extension 'ignore'
[1.614s] Level 1:colcon.colcon_core.package_identification:_identify(src/joint_state_publisher) by extension 'ignore_ament_install'
[1.614s] Level 1:colcon.colcon_core.package_identification:_identify(src/joint_state_publisher) by extensions ['colcon_pkg']
[1.614s] Level 1:colcon.colcon_core.package_identification:_identify(src/joint_state_publisher) by extension 'colcon_pkg'
[1.614s] Level 1:colcon.colcon_core.package_identification:_identify(src/joint_state_publisher) by extensions ['colcon_meta']
[1.614s] Level 1:colcon.colcon_core.package_identification:_identify(src/joint_state_publisher) by extension 'colcon_meta'
[1.615s] Level 1:colcon.colcon_core.package_identification:_identify(src/joint_state_publisher) by extensions ['ros']
[1.615s] Level 1:colcon.colcon_core.package_identification:_identify(src/joint_state_publisher) by extension 'ros'
[1.618s] DEBUG:colcon.colcon_core.package_identification:Package 'src/joint_state_publisher' with type 'ros.ament_python' and name 'joint_state_publisher'
[1.619s] Level 1:colcon.colcon_core.package_identification:_identify(src/joint_state_publisher_gui) by extensions ['ignore', 'ignore_ament_install']
[1.619s] Level 1:colcon.colcon_core.package_identification:_identify(src/joint_state_publisher_gui) by extension 'ignore'
[1.619s] Level 1:colcon.colcon_core.package_identification:_identify(src/joint_state_publisher_gui) by extension 'ignore_ament_install'
[1.620s] Level 1:colcon.colcon_core.package_identification:_identify(src/joint_state_publisher_gui) by extensions ['colcon_pkg']
[1.620s] Level 1:colcon.colcon_core.package_identification:_identify(src/joint_state_publisher_gui) by extension 'colcon_pkg'
[1.620s] Level 1:colcon.colcon_core.package_identification:_identify(src/joint_state_publisher_gui) by extensions ['colcon_meta']
[1.620s] Level 1:colcon.colcon_core.package_identification:_identify(src/joint_state_publisher_gui) by extension 'colcon_meta'
[1.620s] Level 1:colcon.colcon_core.package_identification:_identify(src/joint_state_publisher_gui) by extensions ['ros']
[1.620s] Level 1:colcon.colcon_core.package_identification:_identify(src/joint_state_publisher_gui) by extension 'ros'
[1.623s] DEBUG:colcon.colcon_core.package_identification:Package 'src/joint_state_publisher_gui' with type 'ros.ament_python' and name 'joint_state_publisher_gui'
[1.623s] Level 1:colcon.colcon_core.package_identification:_identify(src/ros2-examples-ads) by extensions ['ignore', 'ignore_ament_install']
[1.624s] Level 1:colcon.colcon_core.package_identification:_identify(src/ros2-examples-ads) by extension 'ignore'
[1.624s] Level 1:colcon.colcon_core.package_identification:_identify(src/ros2-examples-ads) by extension 'ignore_ament_install'
[1.625s] Level 1:colcon.colcon_core.package_identification:_identify(src/ros2-examples-ads) by extensions ['colcon_pkg']
[1.625s] Level 1:colcon.colcon_core.package_identification:_identify(src/ros2-examples-ads) by extension 'colcon_pkg'
[1.625s] Level 1:colcon.colcon_core.package_identification:_identify(src/ros2-examples-ads) by extensions ['colcon_meta']
[1.625s] Level 1:colcon.colcon_core.package_identification:_identify(src/ros2-examples-ads) by extension 'colcon_meta'
[1.625s] Level 1:colcon.colcon_core.package_identification:_identify(src/ros2-examples-ads) by extensions ['ros']
[1.625s] Level 1:colcon.colcon_core.package_identification:_identify(src/ros2-examples-ads) by extension 'ros'
[1.626s] Level 1:colcon.colcon_core.package_identification:_identify(src/ros2-examples-ads) by extensions ['cmake', 'python']
[1.626s] Level 1:colcon.colcon_core.package_identification:_identify(src/ros2-examples-ads) by extension 'cmake'
[1.626s] Level 1:colcon.colcon_core.package_identification:_identify(src/ros2-examples-ads) by extension 'python'
[1.626s] Level 1:colcon.colcon_core.package_identification:_identify(src/ros2-examples-ads) by extensions ['python_setup_py']
[1.626s] Level 1:colcon.colcon_core.package_identification:_identify(src/ros2-examples-ads) by extension 'python_setup_py'
[1.627s] Level 1:colcon.colcon_core.package_identification:_identify(src/ros2-examples-ads/ADS) by extensions ['ignore', 'ignore_ament_install']
[1.627s] Level 1:colcon.colcon_core.package_identification:_identify(src/ros2-examples-ads/ADS) by extension 'ignore'
[1.627s] Level 1:colcon.colcon_core.package_identification:_identify(src/ros2-examples-ads/ADS) by extension 'ignore_ament_install'
[1.627s] Level 1:colcon.colcon_core.package_identification:_identify(src/ros2-examples-ads/ADS) by extensions ['colcon_pkg']
[1.627s] Level 1:colcon.colcon_core.package_identification:_identify(src/ros2-examples-ads/ADS) by extension 'colcon_pkg'
[1.627s] Level 1:colcon.colcon_core.package_identification:_identify(src/ros2-examples-ads/ADS) by extensions ['colcon_meta']
[1.628s] Level 1:colcon.colcon_core.package_identification:_identify(src/ros2-examples-ads/ADS) by extension 'colcon_meta'
[1.628s] Level 1:colcon.colcon_core.package_identification:_identify(src/ros2-examples-ads/ADS) by extensions ['ros']
[1.628s] Level 1:colcon.colcon_core.package_identification:_identify(src/ros2-examples-ads/ADS) by extension 'ros'
[1.628s] Level 1:colcon.colcon_core.package_identification:_identify(src/ros2-examples-ads/ADS) by extensions ['cmake', 'python']
[1.628s] Level 1:colcon.colcon_core.package_identification:_identify(src/ros2-examples-ads/ADS) by extension 'cmake'
[1.640s] Level 1:colcon.colcon_core.package_identification:_identify(src/ros2-examples-ads/ADS) by extension 'python'
[1.641s] DEBUG:colcon.colcon_core.package_identification:Package 'src/ros2-examples-ads/ADS' with type 'cmake' and name 'ads'
[1.641s] Level 1:colcon.colcon_core.package_identification:_identify(src/ros2-examples-ads/ads_example_cmake_no_ros2) by extensions ['ignore', 'ignore_ament_install']
[1.641s] Level 1:colcon.colcon_core.package_identification:_identify(src/ros2-examples-ads/ads_example_cmake_no_ros2) by extension 'ignore'
[1.642s] Level 1:colcon.colcon_core.package_identification:_identify(src/ros2-examples-ads/ads_example_cmake_no_ros2) by extension 'ignore_ament_install'
[1.642s] Level 1:colcon.colcon_core.package_identification:_identify(src/ros2-examples-ads/ads_example_cmake_no_ros2) by extensions ['colcon_pkg']
[1.642s] Level 1:colcon.colcon_core.package_identification:_identify(src/ros2-examples-ads/ads_example_cmake_no_ros2) by extension 'colcon_pkg'
[1.642s] Level 1:colcon.colcon_core.package_identification:_identify(src/ros2-examples-ads/ads_example_cmake_no_ros2) by extensions ['colcon_meta']
[1.642s] Level 1:colcon.colcon_core.package_identification:_identify(src/ros2-examples-ads/ads_example_cmake_no_ros2) by extension 'colcon_meta'
[1.642s] Level 1:colcon.colcon_core.package_identification:_identify(src/ros2-examples-ads/ads_example_cmake_no_ros2) by extensions ['ros']
[1.642s] Level 1:colcon.colcon_core.package_identification:_identify(src/ros2-examples-ads/ads_example_cmake_no_ros2) by extension 'ros'
[1.643s] Level 1:colcon.colcon_core.package_identification:_identify(src/ros2-examples-ads/ads_example_cmake_no_ros2) by extensions ['cmake', 'python']
[1.643s] Level 1:colcon.colcon_core.package_identification:_identify(src/ros2-examples-ads/ads_example_cmake_no_ros2) by extension 'cmake'
[1.645s] Level 1:colcon.colcon_core.package_identification:_identify(src/ros2-examples-ads/ads_example_cmake_no_ros2) by extension 'python'
[1.645s] DEBUG:colcon.colcon_core.package_identification:Package 'src/ros2-examples-ads/ads_example_cmake_no_ros2' with type 'cmake' and name 'ads_example'
[1.646s] Level 1:colcon.colcon_core.package_identification:_identify(src/ros2-examples-ads/ads_example_package) by extensions ['ignore', 'ignore_ament_install']
[1.646s] Level 1:colcon.colcon_core.package_identification:_identify(src/ros2-examples-ads/ads_example_package) by extension 'ignore'
[1.646s] Level 1:colcon.colcon_core.package_identification:_identify(src/ros2-examples-ads/ads_example_package) by extension 'ignore_ament_install'
[1.647s] Level 1:colcon.colcon_core.package_identification:_identify(src/ros2-examples-ads/ads_example_package) by extensions ['colcon_pkg']
[1.647s] Level 1:colcon.colcon_core.package_identification:_identify(src/ros2-examples-ads/ads_example_package) by extension 'colcon_pkg'
[1.647s] Level 1:colcon.colcon_core.package_identification:_identify(src/ros2-examples-ads/ads_example_package) by extensions ['colcon_meta']
[1.647s] Level 1:colcon.colcon_core.package_identification:_identify(src/ros2-examples-ads/ads_example_package) by extension 'colcon_meta'
[1.647s] Level 1:colcon.colcon_core.package_identification:_identify(src/ros2-examples-ads/ads_example_package) by extensions ['ros']
[1.648s] Level 1:colcon.colcon_core.package_identification:_identify(src/ros2-examples-ads/ads_example_package) by extension 'ros'
[1.652s] DEBUG:colcon.colcon_core.package_identification:Package 'src/ros2-examples-ads/ads_example_package' with type 'ros.ament_cmake' and name 'ads_example_package'
[1.653s] Level 1:colcon.colcon_core.package_identification:_identify(src/xacro-20230425T150624Z-001) by extensions ['ignore', 'ignore_ament_install']
[1.653s] Level 1:colcon.colcon_core.package_identification:_identify(src/xacro-20230425T150624Z-001) by extension 'ignore'
[1.653s] Level 1:colcon.colcon_core.package_identification:_identify(src/xacro-20230425T150624Z-001) by extension 'ignore_ament_install'
[1.654s] Level 1:colcon.colcon_core.package_identification:_identify(src/xacro-20230425T150624Z-001) by extensions ['colcon_pkg']
[1.654s] Level 1:colcon.colcon_core.package_identification:_identify(src/xacro-20230425T150624Z-001) by extension 'colcon_pkg'
[1.654s] Level 1:colcon.colcon_core.package_identification:_identify(src/xacro-20230425T150624Z-001) by extensions ['colcon_meta']
[1.654s] Level 1:colcon.colcon_core.package_identification:_identify(src/xacro-20230425T150624Z-001) by extension 'colcon_meta'
[1.654s] Level 1:colcon.colcon_core.package_identification:_identify(src/xacro-20230425T150624Z-001) by extensions ['ros']
[1.655s] Level 1:colcon.colcon_core.package_identification:_identify(src/xacro-20230425T150624Z-001) by extension 'ros'
[1.655s] Level 1:colcon.colcon_core.package_identification:_identify(src/xacro-20230425T150624Z-001) by extensions ['cmake', 'python']
[1.655s] Level 1:colcon.colcon_core.package_identification:_identify(src/xacro-20230425T150624Z-001) by extension 'cmake'
[1.655s] Level 1:colcon.colcon_core.package_identification:_identify(src/xacro-20230425T150624Z-001) by extension 'python'
[1.655s] Level 1:colcon.colcon_core.package_identification:_identify(src/xacro-20230425T150624Z-001) by extensions ['python_setup_py']
[1.655s] Level 1:colcon.colcon_core.package_identification:_identify(src/xacro-20230425T150624Z-001) by extension 'python_setup_py'
[1.656s] Level 1:colcon.colcon_core.package_identification:_identify(src/xacro-20230425T150624Z-001/xacro) by extensions ['ignore', 'ignore_ament_install']
[1.657s] Level 1:colcon.colcon_core.package_identification:_identify(src/xacro-20230425T150624Z-001/xacro) by extension 'ignore'
[1.658s] Level 1:colcon.colcon_core.package_identification:_identify(src/xacro-20230425T150624Z-001/xacro) by extension 'ignore_ament_install'
[1.658s] Level 1:colcon.colcon_core.package_identification:_identify(src/xacro-20230425T150624Z-001/xacro) by extensions ['colcon_pkg']
[1.658s] Level 1:colcon.colcon_core.package_identification:_identify(src/xacro-20230425T150624Z-001/xacro) by extension 'colcon_pkg'
[1.661s] Level 1:colcon.colcon_core.package_identification:_identify(src/xacro-20230425T150624Z-001/xacro) by extensions ['colcon_meta']
[1.661s] Level 1:colcon.colcon_core.package_identification:_identify(src/xacro-20230425T150624Z-001/xacro) by extension 'colcon_meta'
[1.661s] Level 1:colcon.colcon_core.package_identification:_identify(src/xacro-20230425T150624Z-001/xacro) by extensions ['ros']
[1.661s] Level 1:colcon.colcon_core.package_identification:_identify(src/xacro-20230425T150624Z-001/xacro) by extension 'ros'
[1.665s] DEBUG:colcon.colcon_core.package_identification:Package 'src/xacro-20230425T150624Z-001/xacro' with type 'ros.ament_cmake' and name 'xacro'
[1.666s] Level 1:colcon.colcon_core.package_discovery:discover_packages(recursive) using defaults
[1.666s] Level 1:colcon.colcon_core.package_discovery:discover_packages(ignore) discover
[1.666s] Level 1:colcon.colcon_core.package_discovery:discover_packages(ignore) using defaults
[1.666s] Level 1:colcon.colcon_core.package_discovery:discover_packages(path) discover
[1.666s] Level 1:colcon.colcon_core.package_discovery:discover_packages(path) using defaults
[1.747s] INFO:colcon.colcon_metadata.metadata.colcon_pkg:Updating descriptor of package 'src/xacro-20230425T150624Z-001/xacro' from colcon.pkg: {'hooks': ['share/xacro/environment/completion.bash']}
[1.756s] INFO:colcon.colcon_core.package_selection:Skipping not selected package 'ads' in 'src/ros2-examples-ads/ADS'
[1.756s] INFO:colcon.colcon_core.package_selection:Skipping not selected package 'ads_example' in 'src/ros2-examples-ads/ads_example_cmake_no_ros2'
[1.756s] INFO:colcon.colcon_core.package_selection:Skipping not selected package 'crane_interfaces' in 'src/crane_interfaces'
[1.756s] INFO:colcon.colcon_core.package_selection:Skipping not selected package 'joint_state_publisher' in 'src/joint_state_publisher'
[1.756s] INFO:colcon.colcon_core.package_selection:Skipping not selected package 'xacro' in 'src/xacro-20230425T150624Z-001/xacro'
[1.756s] INFO:colcon.colcon_core.package_selection:Skipping not selected package 'crane_controller' in 'src/crane_controller'
[1.756s] INFO:colcon.colcon_core.package_selection:Skipping not selected package 'crane_simulator' in 'src/crane_simulator'
[1.757s] INFO:colcon.colcon_core.package_selection:Skipping not selected package 'joint_state_publisher_gui' in 'src/joint_state_publisher_gui'
[1.757s] INFO:colcon.colcon_core.package_selection:Skipping not selected package 'crane_visualization' in 'src/crane_visualization'
[1.759s] Level 1:colcon.colcon_core.package_discovery:discover_packages(prefix_path) check parameters
[1.759s] Level 1:colcon.colcon_core.package_discovery:discover_packages(prefix_path) discover
[1.780s] DEBUG:colcon.colcon_installed_package_information.package_discovery:Found 10 installed packages in /home/nils/Desktop/oblig3_ws/install
[1.793s] DEBUG:colcon.colcon_installed_package_information.package_discovery:Found 270 installed packages in /opt/ros/humble
[1.806s] Level 1:colcon.colcon_core.package_discovery:discover_packages(prefix_path) using defaults
[2.024s] Level 5:colcon.colcon_core.verb:set package 'ads_example_package' build argument 'cmake_args' from command line to 'None'
[2.024s] Level 5:colcon.colcon_core.verb:set package 'ads_example_package' build argument 'cmake_target' from command line to 'None'
[2.024s] Level 5:colcon.colcon_core.verb:set package 'ads_example_package' build argument 'cmake_target_skip_unavailable' from command line to 'False'
[2.025s] Level 5:colcon.colcon_core.verb:set package 'ads_example_package' build argument 'cmake_clean_cache' from command line to 'False'
[2.025s] Level 5:colcon.colcon_core.verb:set package 'ads_example_package' build argument 'cmake_clean_first' from command line to 'False'
[2.025s] Level 5:colcon.colcon_core.verb:set package 'ads_example_package' build argument 'cmake_force_configure' from command line to 'False'
[2.025s] Level 5:colcon.colcon_core.verb:set package 'ads_example_package' build argument 'ament_cmake_args' from command line to 'None'
[2.025s] Level 5:colcon.colcon_core.verb:set package 'ads_example_package' build argument 'catkin_cmake_args' from command line to 'None'
[2.025s] Level 5:colcon.colcon_core.verb:set package 'ads_example_package' build argument 'catkin_skip_building_tests' from command line to 'False'
[2.025s] DEBUG:colcon.colcon_core.verb:Building package 'ads_example_package' with the following arguments: {'ament_cmake_args': None, 'build_base': '/home/nils/Desktop/oblig3_ws/build/ads_example_package', 'catkin_cmake_args': None, 'catkin_skip_building_tests': False, 'cmake_args': None, 'cmake_clean_cache': False, 'cmake_clean_first': False, 'cmake_force_configure': False, 'cmake_target': None, 'cmake_target_skip_unavailable': False, 'install_base': '/home/nils/Desktop/oblig3_ws/install/ads_example_package', 'merge_install': False, 'path': '/home/nils/Desktop/oblig3_ws/src/ros2-examples-ads/ads_example_package', 'symlink_install': False, 'test_result_base': None}
[2.027s] INFO:colcon.colcon_core.executor:Executing jobs using 'parallel' executor
[2.037s] DEBUG:colcon.colcon_parallel_executor.executor.parallel:run_until_complete
[2.037s] INFO:colcon.colcon_ros.task.ament_cmake.build:Building ROS package in '/home/nils/Desktop/oblig3_ws/src/ros2-examples-ads/ads_example_package' with build type 'ament_cmake'
[2.037s] INFO:colcon.colcon_cmake.task.cmake.build:Building CMake package in '/home/nils/Desktop/oblig3_ws/src/ros2-examples-ads/ads_example_package'
[2.050s] INFO:colcon.colcon_core.plugin_system:Skipping extension 'colcon_core.shell.bat': Not used on non-Windows systems
[2.050s] INFO:colcon.colcon_core.shell:Skip shell extension 'powershell' for command environment: Not usable outside of PowerShell
[2.050s] DEBUG:colcon.colcon_core.shell:Skip shell extension 'dsv' for command environment
[2.098s] DEBUG:colcon.colcon_core.event_handler.log_command:Invoking command in '/home/nils/Desktop/oblig3_ws/build/ads_example_package': CMAKE_PREFIX_PATH=/home/nils/Desktop/oblig3_ws/install/crane_interfaces:/home/nils/Desktop/oblig3_ws/install/xacro:/home/nils/Desktop/oblig3_ws/install/crane_visualization:/home/nils/Desktop/oblig3_ws/install/crane_controller:/home/nils/Desktop/oblig3_ws/install/ads_example_package:/opt/ros/humble:/home/nils/Desktop/oblig3_ws/install/joint_state_publisher_gui:/home/nils/Desktop/oblig3_ws/install/joint_state_publisher:/home/nils/Desktop/oblig3_ws/install/crane_simulator LD_LIBRARY_PATH=/home/nils/Desktop/oblig3_ws/install/crane_interfaces/lib:/opt/ros/humble/opt/rviz_ogre_vendor/lib:/opt/ros/humble/lib/x86_64-linux-gnu:/opt/ros/humble/lib /usr/bin/cmake --build /home/nils/Desktop/oblig3_ws/build/ads_example_package -- -j3 -l3
[14.620s] DEBUG:colcon.colcon_core.event_handler.log_command:Invoked command in '/home/nils/Desktop/oblig3_ws/build/ads_example_package' returned '0': CMAKE_PREFIX_PATH=/home/nils/Desktop/oblig3_ws/install/crane_interfaces:/home/nils/Desktop/oblig3_ws/install/xacro:/home/nils/Desktop/oblig3_ws/install/crane_visualization:/home/nils/Desktop/oblig3_ws/install/crane_controller:/home/nils/Desktop/oblig3_ws/install/ads_example_package:/opt/ros/humble:/home/nils/Desktop/oblig3_ws/install/joint_state_publisher_gui:/home/nils/Desktop/oblig3_ws/install/joint_state_publisher:/home/nils/Desktop/oblig3_ws/install/crane_simulator LD_LIBRARY_PATH=/home/nils/Desktop/oblig3_ws/install/crane_interfaces/lib:/opt/ros/humble/opt/rviz_ogre_vendor/lib:/opt/ros/humble/lib/x86_64-linux-gnu:/opt/ros/humble/lib /usr/bin/cmake --build /home/nils/Desktop/oblig3_ws/build/ads_example_package -- -j3 -l3
[14.681s] DEBUG:colcon.colcon_core.event_handler.log_command:Invoking command in '/home/nils/Desktop/oblig3_ws/build/ads_example_package': CMAKE_PREFIX_PATH=/home/nils/Desktop/oblig3_ws/install/crane_interfaces:/home/nils/Desktop/oblig3_ws/install/xacro:/home/nils/Desktop/oblig3_ws/install/crane_visualization:/home/nils/Desktop/oblig3_ws/install/crane_controller:/home/nils/Desktop/oblig3_ws/install/ads_example_package:/opt/ros/humble:/home/nils/Desktop/oblig3_ws/install/joint_state_publisher_gui:/home/nils/Desktop/oblig3_ws/install/joint_state_publisher:/home/nils/Desktop/oblig3_ws/install/crane_simulator LD_LIBRARY_PATH=/home/nils/Desktop/oblig3_ws/install/crane_interfaces/lib:/opt/ros/humble/opt/rviz_ogre_vendor/lib:/opt/ros/humble/lib/x86_64-linux-gnu:/opt/ros/humble/lib /usr/bin/cmake --install /home/nils/Desktop/oblig3_ws/build/ads_example_package
[14.704s] Level 1:colcon.colcon_core.environment:create_environment_scripts_only(ads_example_package)
[14.708s] DEBUG:colcon.colcon_core.event_handler.log_command:Invoked command in '/home/nils/Desktop/oblig3_ws/build/ads_example_package' returned '0': CMAKE_PREFIX_PATH=/home/nils/Desktop/oblig3_ws/install/crane_interfaces:/home/nils/Desktop/oblig3_ws/install/xacro:/home/nils/Desktop/oblig3_ws/install/crane_visualization:/home/nils/Desktop/oblig3_ws/install/crane_controller:/home/nils/Desktop/oblig3_ws/install/ads_example_package:/opt/ros/humble:/home/nils/Desktop/oblig3_ws/install/joint_state_publisher_gui:/home/nils/Desktop/oblig3_ws/install/joint_state_publisher:/home/nils/Desktop/oblig3_ws/install/crane_simulator LD_LIBRARY_PATH=/home/nils/Desktop/oblig3_ws/install/crane_interfaces/lib:/opt/ros/humble/opt/rviz_ogre_vendor/lib:/opt/ros/humble/lib/x86_64-linux-gnu:/opt/ros/humble/lib /usr/bin/cmake --install /home/nils/Desktop/oblig3_ws/build/ads_example_package
[14.716s] Level 1:colcon.colcon_core.environment:checking '/home/nils/Desktop/oblig3_ws/install/ads_example_package' for CMake module files
[14.717s] Level 1:colcon.colcon_core.environment:checking '/home/nils/Desktop/oblig3_ws/install/ads_example_package' for CMake config files
[14.718s] Level 1:colcon.colcon_core.shell:create_environment_hook('ads_example_package', 'cmake_prefix_path')
[14.721s] INFO:colcon.colcon_core.shell:Creating environment hook '/home/nils/Desktop/oblig3_ws/install/ads_example_package/share/ads_example_package/hook/cmake_prefix_path.ps1'
[14.722s] INFO:colcon.colcon_core.shell:Creating environment descriptor '/home/nils/Desktop/oblig3_ws/install/ads_example_package/share/ads_example_package/hook/cmake_prefix_path.dsv'
[14.724s] INFO:colcon.colcon_core.shell:Creating environment hook '/home/nils/Desktop/oblig3_ws/install/ads_example_package/share/ads_example_package/hook/cmake_prefix_path.sh'
[14.725s] Level 1:colcon.colcon_core.environment:checking '/home/nils/Desktop/oblig3_ws/install/ads_example_package/lib'
[14.726s] Level 1:colcon.colcon_core.environment:checking '/home/nils/Desktop/oblig3_ws/install/ads_example_package/bin'
[14.726s] Level 1:colcon.colcon_core.environment:checking '/home/nils/Desktop/oblig3_ws/install/ads_example_package/lib/pkgconfig/ads_example_package.pc'
[14.727s] Level 1:colcon.colcon_core.environment:checking '/home/nils/Desktop/oblig3_ws/install/ads_example_package/lib/python3.10/site-packages'
[14.727s] Level 1:colcon.colcon_core.environment:checking '/home/nils/Desktop/oblig3_ws/install/ads_example_package/bin'
[14.731s] INFO:colcon.colcon_core.shell:Creating package script '/home/nils/Desktop/oblig3_ws/install/ads_example_package/share/ads_example_package/package.ps1'
[14.736s] INFO:colcon.colcon_core.shell:Creating package descriptor '/home/nils/Desktop/oblig3_ws/install/ads_example_package/share/ads_example_package/package.dsv'
[14.737s] INFO:colcon.colcon_core.shell:Creating package script '/home/nils/Desktop/oblig3_ws/install/ads_example_package/share/ads_example_package/package.sh'
[14.739s] INFO:colcon.colcon_core.shell:Creating package script '/home/nils/Desktop/oblig3_ws/install/ads_example_package/share/ads_example_package/package.bash'
[14.741s] INFO:colcon.colcon_core.shell:Creating package script '/home/nils/Desktop/oblig3_ws/install/ads_example_package/share/ads_example_package/package.zsh'
[14.742s] Level 1:colcon.colcon_core.environment:create_file_with_runtime_dependencies(/home/nils/Desktop/oblig3_ws/install/ads_example_package/share/colcon-core/packages/ads_example_package)
[14.805s] Level 1:colcon.colcon_core.environment:create_environment_scripts_only(ads_example_package)
[14.810s] Level 1:colcon.colcon_core.environment:checking '/home/nils/Desktop/oblig3_ws/install/ads_example_package' for CMake module files
[14.811s] Level 1:colcon.colcon_core.environment:checking '/home/nils/Desktop/oblig3_ws/install/ads_example_package' for CMake config files
[14.812s] Level 1:colcon.colcon_core.shell:create_environment_hook('ads_example_package', 'cmake_prefix_path')
[14.815s] INFO:colcon.colcon_core.shell:Creating environment hook '/home/nils/Desktop/oblig3_ws/install/ads_example_package/share/ads_example_package/hook/cmake_prefix_path.ps1'
[14.817s] INFO:colcon.colcon_core.shell:Creating environment descriptor '/home/nils/Desktop/oblig3_ws/install/ads_example_package/share/ads_example_package/hook/cmake_prefix_path.dsv'
[14.818s] INFO:colcon.colcon_core.shell:Creating environment hook '/home/nils/Desktop/oblig3_ws/install/ads_example_package/share/ads_example_package/hook/cmake_prefix_path.sh'
[14.819s] Level 1:colcon.colcon_core.environment:checking '/home/nils/Desktop/oblig3_ws/install/ads_example_package/lib'
[14.819s] Level 1:colcon.colcon_core.environment:checking '/home/nils/Desktop/oblig3_ws/install/ads_example_package/bin'
[14.819s] Level 1:colcon.colcon_core.environment:checking '/home/nils/Desktop/oblig3_ws/install/ads_example_package/lib/pkgconfig/ads_example_package.pc'
[14.820s] Level 1:colcon.colcon_core.environment:checking '/home/nils/Desktop/oblig3_ws/install/ads_example_package/lib/python3.10/site-packages'
[14.820s] Level 1:colcon.colcon_core.environment:checking '/home/nils/Desktop/oblig3_ws/install/ads_example_package/bin'
[14.824s] INFO:colcon.colcon_core.shell:Creating package script '/home/nils/Desktop/oblig3_ws/install/ads_example_package/share/ads_example_package/package.ps1'
[14.825s] INFO:colcon.colcon_core.shell:Creating package descriptor '/home/nils/Desktop/oblig3_ws/install/ads_example_package/share/ads_example_package/package.dsv'
[14.826s] INFO:colcon.colcon_core.shell:Creating package script '/home/nils/Desktop/oblig3_ws/install/ads_example_package/share/ads_example_package/package.sh'
[14.827s] INFO:colcon.colcon_core.shell:Creating package script '/home/nils/Desktop/oblig3_ws/install/ads_example_package/share/ads_example_package/package.bash'
[14.828s] INFO:colcon.colcon_core.shell:Creating package script '/home/nils/Desktop/oblig3_ws/install/ads_example_package/share/ads_example_package/package.zsh'
[14.829s] Level 1:colcon.colcon_core.environment:create_file_with_runtime_dependencies(/home/nils/Desktop/oblig3_ws/install/ads_example_package/share/colcon-core/packages/ads_example_package)
[14.830s] DEBUG:colcon.colcon_parallel_executor.executor.parallel:closing loop
[14.830s] DEBUG:colcon.colcon_parallel_executor.executor.parallel:loop closed
[14.830s] DEBUG:colcon.colcon_parallel_executor.executor.parallel:run_until_complete finished with '0'
[14.830s] DEBUG:colcon.colcon_core.event_reactor:joining thread
[14.841s] INFO:colcon.colcon_core.plugin_system:Skipping extension 'colcon_notification.desktop_notification.terminal_notifier': Not used on non-Darwin systems
[14.841s] INFO:colcon.colcon_core.plugin_system:Skipping extension 'colcon_notification.desktop_notification.win32': Not used on non-Windows systems
[14.842s] INFO:colcon.colcon_notification.desktop_notification:Sending desktop notification using 'notify2'
[14.880s] DEBUG:colcon.colcon_core.event_reactor:joined thread
[14.884s] INFO:colcon.colcon_core.shell:Creating prefix script '/home/nils/Desktop/oblig3_ws/install/local_setup.ps1'
[14.886s] INFO:colcon.colcon_core.shell:Creating prefix util module '/home/nils/Desktop/oblig3_ws/install/_local_setup_util_ps1.py'
[14.891s] INFO:colcon.colcon_core.shell:Creating prefix chain script '/home/nils/Desktop/oblig3_ws/install/setup.ps1'
[14.895s] INFO:colcon.colcon_core.shell:Creating prefix script '/home/nils/Desktop/oblig3_ws/install/local_setup.sh'
[14.898s] INFO:colcon.colcon_core.shell:Creating prefix util module '/home/nils/Desktop/oblig3_ws/install/_local_setup_util_sh.py'
[14.899s] INFO:colcon.colcon_core.shell:Creating prefix chain script '/home/nils/Desktop/oblig3_ws/install/setup.sh'
[14.904s] INFO:colcon.colcon_core.shell:Creating prefix script '/home/nils/Desktop/oblig3_ws/install/local_setup.bash'
[14.905s] INFO:colcon.colcon_core.shell:Creating prefix chain script '/home/nils/Desktop/oblig3_ws/install/setup.bash'
[14.910s] INFO:colcon.colcon_core.shell:Creating prefix script '/home/nils/Desktop/oblig3_ws/install/local_setup.zsh'
[14.911s] INFO:colcon.colcon_core.shell:Creating prefix chain script '/home/nils/Desktop/oblig3_ws/install/setup.zsh'
