[0.029s] Invoking command in '/home/nils/Desktop/oblig3_ws/build/ads_example_package': CMAKE_PREFIX_PATH=/home/nils/Desktop/oblig3_ws/install/crane_interfaces:/home/nils/Desktop/oblig3_ws/install/xacro:/home/nils/Desktop/oblig3_ws/install/crane_visualization:/home/nils/Desktop/oblig3_ws/install/crane_controller:/home/nils/Desktop/oblig3_ws/install/ads_example_package:/opt/ros/humble:/home/nils/Desktop/oblig3_ws/install/joint_state_publisher_gui:/home/nils/Desktop/oblig3_ws/install/joint_state_publisher:/home/nils/Desktop/oblig3_ws/install/crane_simulator LD_LIBRARY_PATH=/home/nils/Desktop/oblig3_ws/install/crane_interfaces/lib:/opt/ros/humble/opt/rviz_ogre_vendor/lib:/opt/ros/humble/lib/x86_64-linux-gnu:/opt/ros/humble/lib /usr/bin/cmake --build /home/nils/Desktop/oblig3_ws/build/ads_example_package -- -j3 -l3
[0.101s] [35m[1mConsolidate compiler generated dependencies of target ads_node[0m
[0.137s] [ 50%] [32mBuilding CXX object CMakeFiles/ads_node.dir/src/ads_node.cpp.o[0m
[10.669s] [100%] [32m[1mLinking CXX executable ads_node[0m
[11.508s] [100%] Built target ads_node
[11.557s] Invoked command in '/home/nils/Desktop/oblig3_ws/build/ads_example_package' returned '0': CMAKE_PREFIX_PATH=/home/nils/Desktop/oblig3_ws/install/crane_interfaces:/home/nils/Desktop/oblig3_ws/install/xacro:/home/nils/Desktop/oblig3_ws/install/crane_visualization:/home/nils/Desktop/oblig3_ws/install/crane_controller:/home/nils/Desktop/oblig3_ws/install/ads_example_package:/opt/ros/humble:/home/nils/Desktop/oblig3_ws/install/joint_state_publisher_gui:/home/nils/Desktop/oblig3_ws/install/joint_state_publisher:/home/nils/Desktop/oblig3_ws/install/crane_simulator LD_LIBRARY_PATH=/home/nils/Desktop/oblig3_ws/install/crane_interfaces/lib:/opt/ros/humble/opt/rviz_ogre_vendor/lib:/opt/ros/humble/lib/x86_64-linux-gnu:/opt/ros/humble/lib /usr/bin/cmake --build /home/nils/Desktop/oblig3_ws/build/ads_example_package -- -j3 -l3
[11.677s] Invoking command in '/home/nils/Desktop/oblig3_ws/build/ads_example_package': CMAKE_PREFIX_PATH=/home/nils/Desktop/oblig3_ws/install/crane_interfaces:/home/nils/Desktop/oblig3_ws/install/xacro:/home/nils/Desktop/oblig3_ws/install/crane_visualization:/home/nils/Desktop/oblig3_ws/install/crane_controller:/home/nils/Desktop/oblig3_ws/install/ads_example_package:/opt/ros/humble:/home/nils/Desktop/oblig3_ws/install/joint_state_publisher_gui:/home/nils/Desktop/oblig3_ws/install/joint_state_publisher:/home/nils/Desktop/oblig3_ws/install/crane_simulator LD_LIBRARY_PATH=/home/nils/Desktop/oblig3_ws/install/crane_interfaces/lib:/opt/ros/humble/opt/rviz_ogre_vendor/lib:/opt/ros/humble/lib/x86_64-linux-gnu:/opt/ros/humble/lib /usr/bin/cmake --install /home/nils/Desktop/oblig3_ws/build/ads_example_package
[11.696s] -- Install configuration: ""
[11.700s] -- Installing: /home/nils/Desktop/oblig3_ws/install/ads_example_package/lib/ads_example_package/ads_node
[11.707s] -- Set runtime path of "/home/nils/Desktop/oblig3_ws/install/ads_example_package/lib/ads_example_package/ads_node" to ""
[11.708s] -- Up-to-date: /home/nils/Desktop/oblig3_ws/install/ads_example_package/share/ament_index/resource_index/package_run_dependencies/ads_example_package
[11.708s] -- Up-to-date: /home/nils/Desktop/oblig3_ws/install/ads_example_package/share/ament_index/resource_index/parent_prefix_path/ads_example_package
[11.708s] -- Up-to-date: /home/nils/Desktop/oblig3_ws/install/ads_example_package/share/ads_example_package/environment/ament_prefix_path.sh
[11.708s] -- Up-to-date: /home/nils/Desktop/oblig3_ws/install/ads_example_package/share/ads_example_package/environment/ament_prefix_path.dsv
[11.708s] -- Up-to-date: /home/nils/Desktop/oblig3_ws/install/ads_example_package/share/ads_example_package/environment/path.sh
[11.709s] -- Up-to-date: /home/nils/Desktop/oblig3_ws/install/ads_example_package/share/ads_example_package/environment/path.dsv
[11.710s] -- Up-to-date: /home/nils/Desktop/oblig3_ws/install/ads_example_package/share/ads_example_package/local_setup.bash
[11.710s] -- Up-to-date: /home/nils/Desktop/oblig3_ws/install/ads_example_package/share/ads_example_package/local_setup.sh
[11.710s] -- Up-to-date: /home/nils/Desktop/oblig3_ws/install/ads_example_package/share/ads_example_package/local_setup.zsh
[11.710s] -- Up-to-date: /home/nils/Desktop/oblig3_ws/install/ads_example_package/share/ads_example_package/local_setup.dsv
[11.711s] -- Installing: /home/nils/Desktop/oblig3_ws/install/ads_example_package/share/ads_example_package/package.dsv
[11.711s] -- Up-to-date: /home/nils/Desktop/oblig3_ws/install/ads_example_package/share/ament_index/resource_index/packages/ads_example_package
[11.711s] -- Up-to-date: /home/nils/Desktop/oblig3_ws/install/ads_example_package/share/ads_example_package/cmake/ads_example_packageConfig.cmake
[11.712s] -- Up-to-date: /home/nils/Desktop/oblig3_ws/install/ads_example_package/share/ads_example_package/cmake/ads_example_packageConfig-version.cmake
[11.712s] -- Up-to-date: /home/nils/Desktop/oblig3_ws/install/ads_example_package/share/ads_example_package/package.xml
[11.733s] Invoked command in '/home/nils/Desktop/oblig3_ws/build/ads_example_package' returned '0': CMAKE_PREFIX_PATH=/home/nils/Desktop/oblig3_ws/install/crane_interfaces:/home/nils/Desktop/oblig3_ws/install/xacro:/home/nils/Desktop/oblig3_ws/install/crane_visualization:/home/nils/Desktop/oblig3_ws/install/crane_controller:/home/nils/Desktop/oblig3_ws/install/ads_example_package:/opt/ros/humble:/home/nils/Desktop/oblig3_ws/install/joint_state_publisher_gui:/home/nils/Desktop/oblig3_ws/install/joint_state_publisher:/home/nils/Desktop/oblig3_ws/install/crane_simulator LD_LIBRARY_PATH=/home/nils/Desktop/oblig3_ws/install/crane_interfaces/lib:/opt/ros/humble/opt/rviz_ogre_vendor/lib:/opt/ros/humble/lib/x86_64-linux-gnu:/opt/ros/humble/lib /usr/bin/cmake --install /home/nils/Desktop/oblig3_ws/build/ads_example_package
