[0.649s] DEBUG:colcon:Command line arguments: ['/usr/bin/colcon', 'build', '--packages-select', 'ads_example_package']
[0.649s] DEBUG:colcon:Parsed command line arguments: Namespace(log_base=None, log_level=None, verb_name='build', build_base='build', install_base='install', merge_install=False, symlink_install=False, test_result_base=None, continue_on_error=False, executor='parallel', parallel_workers=3, event_handlers=None, ignore_user_meta=False, metas=['./colcon.meta'], base_paths=['.'], packages_ignore=None, packages_ignore_regex=None, paths=None, packages_up_to=None, packages_up_to_regex=None, packages_above=None, packages_above_and_dependencies=None, packages_above_depth=None, packages_select_by_dep=None, packages_skip_by_dep=None, packages_skip_up_to=None, packages_select_build_failed=False, packages_skip_build_finished=False, packages_select_test_failures=False, packages_skip_test_passed=False, packages_select=['ads_example_package'], packages_skip=None, packages_select_regex=None, packages_skip_regex=None, packages_start=None, packages_end=None, allow_overriding=[], cmake_args=None, cmake_target=None, cmake_target_skip_unavailable=False, cmake_clean_cache=False, cmake_clean_first=False, cmake_force_configure=False, ament_cmake_args=None, catkin_cmake_args=None, catkin_skip_building_tests=False, verb_parser=<colcon_defaults.argument_parser.defaults.DefaultArgumentsDecorator object at 0x7ffbc90c5b10>, verb_extension=<colcon_core.verb.build.BuildVerb object at 0x7ffbc90c55a0>, main=<bound method BuildVerb.main of <colcon_core.verb.build.BuildVerb object at 0x7ffbc90c55a0>>)
[0.691s] Level 1:colcon.colcon_core.package_discovery:discover_packages(colcon_meta) check parameters
[0.691s] Level 1:colcon.colcon_core.package_discovery:discover_packages(recursive) check parameters
[0.691s] Level 1:colcon.colcon_core.package_discovery:discover_packages(ignore) check parameters
[0.692s] Level 1:colcon.colcon_core.package_discovery:discover_packages(path) check parameters
[0.692s] Level 1:colcon.colcon_core.package_discovery:discover_packages(colcon_meta) discover
[0.692s] Level 1:colcon.colcon_core.package_discovery:discover_packages(recursive) discover
[0.692s] INFO:colcon.colcon_core.package_discovery:Crawling recursively for packages in '/home/nils/Desktop/oblig3_ws'
[0.692s] Level 1:colcon.colcon_core.package_identification:_identify(.) by extensions ['ignore', 'ignore_ament_install']
[0.692s] Level 1:colcon.colcon_core.package_identification:_identify(.) by extension 'ignore'
[0.692s] Level 1:colcon.colcon_core.package_identification:_identify(.) by extension 'ignore_ament_install'
[0.692s] Level 1:colcon.colcon_core.package_identification:_identify(.) by extensions ['colcon_pkg']
[0.692s] Level 1:colcon.colcon_core.package_identification:_identify(.) by extension 'colcon_pkg'
[0.692s] Level 1:colcon.colcon_core.package_identification:_identify(.) by extensions ['colcon_meta']
[0.692s] Level 1:colcon.colcon_core.package_identification:_identify(.) by extension 'colcon_meta'
[0.693s] Level 1:colcon.colcon_core.package_identification:_identify(.) by extensions ['ros']
[0.693s] Level 1:colcon.colcon_core.package_identification:_identify(.) by extension 'ros'
[0.713s] Level 1:colcon.colcon_core.package_identification:_identify(.) by extensions ['cmake', 'python']
[0.713s] Level 1:colcon.colcon_core.package_identification:_identify(.) by extension 'cmake'
[0.713s] Level 1:colcon.colcon_core.package_identification:_identify(.) by extension 'python'
[0.713s] Level 1:colcon.colcon_core.package_identification:_identify(.) by extensions ['python_setup_py']
[0.713s] Level 1:colcon.colcon_core.package_identification:_identify(.) by extension 'python_setup_py'
[0.714s] Level 1:colcon.colcon_core.package_identification:_identify(build) by extensions ['ignore', 'ignore_ament_install']
[0.714s] Level 1:colcon.colcon_core.package_identification:_identify(build) by extension 'ignore'
[0.714s] Level 1:colcon.colcon_core.package_identification:_identify(build) ignored
[0.714s] Level 1:colcon.colcon_core.package_identification:_identify(install) by extensions ['ignore', 'ignore_ament_install']
[0.714s] Level 1:colcon.colcon_core.package_identification:_identify(install) by extension 'ignore'
[0.714s] Level 1:colcon.colcon_core.package_identification:_identify(install) ignored
[0.714s] Level 1:colcon.colcon_core.package_identification:_identify(log) by extensions ['ignore', 'ignore_ament_install']
[0.714s] Level 1:colcon.colcon_core.package_identification:_identify(log) by extension 'ignore'
[0.715s] Level 1:colcon.colcon_core.package_identification:_identify(log) ignored
[0.715s] Level 1:colcon.colcon_core.package_identification:_identify(src) by extensions ['ignore', 'ignore_ament_install']
[0.715s] Level 1:colcon.colcon_core.package_identification:_identify(src) by extension 'ignore'
[0.715s] Level 1:colcon.colcon_core.package_identification:_identify(src) by extension 'ignore_ament_install'
[0.715s] Level 1:colcon.colcon_core.package_identification:_identify(src) by extensions ['colcon_pkg']
[0.715s] Level 1:colcon.colcon_core.package_identification:_identify(src) by extension 'colcon_pkg'
[0.715s] Level 1:colcon.colcon_core.package_identification:_identify(src) by extensions ['colcon_meta']
[0.715s] Level 1:colcon.colcon_core.package_identification:_identify(src) by extension 'colcon_meta'
[0.715s] Level 1:colcon.colcon_core.package_identification:_identify(src) by extensions ['ros']
[0.715s] Level 1:colcon.colcon_core.package_identification:_identify(src) by extension 'ros'
[0.715s] Level 1:colcon.colcon_core.package_identification:_identify(src) by extensions ['cmake', 'python']
[0.715s] Level 1:colcon.colcon_core.package_identification:_identify(src) by extension 'cmake'
[0.715s] Level 1:colcon.colcon_core.package_identification:_identify(src) by extension 'python'
[0.716s] Level 1:colcon.colcon_core.package_identification:_identify(src) by extensions ['python_setup_py']
[0.716s] Level 1:colcon.colcon_core.package_identification:_identify(src) by extension 'python_setup_py'
[0.716s] Level 1:colcon.colcon_core.package_identification:_identify(src/crane_controller) by extensions ['ignore', 'ignore_ament_install']
[0.716s] Level 1:colcon.colcon_core.package_identification:_identify(src/crane_controller) by extension 'ignore'
[0.716s] Level 1:colcon.colcon_core.package_identification:_identify(src/crane_controller) by extension 'ignore_ament_install'
[0.716s] Level 1:colcon.colcon_core.package_identification:_identify(src/crane_controller) by extensions ['colcon_pkg']
[0.716s] Level 1:colcon.colcon_core.package_identification:_identify(src/crane_controller) by extension 'colcon_pkg'
[0.716s] Level 1:colcon.colcon_core.package_identification:_identify(src/crane_controller) by extensions ['colcon_meta']
[0.716s] Level 1:colcon.colcon_core.package_identification:_identify(src/crane_controller) by extension 'colcon_meta'
[0.716s] Level 1:colcon.colcon_core.package_identification:_identify(src/crane_controller) by extensions ['ros']
[0.716s] Level 1:colcon.colcon_core.package_identification:_identify(src/crane_controller) by extension 'ros'
[0.721s] DEBUG:colcon.colcon_core.package_identification:Package 'src/crane_controller' with type 'ros.ament_cmake' and name 'crane_controller'
[0.721s] Level 1:colcon.colcon_core.package_identification:_identify(src/crane_interfaces) by extensions ['ignore', 'ignore_ament_install']
[0.721s] Level 1:colcon.colcon_core.package_identification:_identify(src/crane_interfaces) by extension 'ignore'
[0.721s] Level 1:colcon.colcon_core.package_identification:_identify(src/crane_interfaces) by extension 'ignore_ament_install'
[0.721s] Level 1:colcon.colcon_core.package_identification:_identify(src/crane_interfaces) by extensions ['colcon_pkg']
[0.721s] Level 1:colcon.colcon_core.package_identification:_identify(src/crane_interfaces) by extension 'colcon_pkg'
[0.721s] Level 1:colcon.colcon_core.package_identification:_identify(src/crane_interfaces) by extensions ['colcon_meta']
[0.721s] Level 1:colcon.colcon_core.package_identification:_identify(src/crane_interfaces) by extension 'colcon_meta'
[0.721s] Level 1:colcon.colcon_core.package_identification:_identify(src/crane_interfaces) by extensions ['ros']
[0.721s] Level 1:colcon.colcon_core.package_identification:_identify(src/crane_interfaces) by extension 'ros'
[0.722s] DEBUG:colcon.colcon_core.package_identification:Package 'src/crane_interfaces' with type 'ros.ament_cmake' and name 'crane_interfaces'
[0.723s] Level 1:colcon.colcon_core.package_identification:_identify(src/crane_simulator) by extensions ['ignore', 'ignore_ament_install']
[0.723s] Level 1:colcon.colcon_core.package_identification:_identify(src/crane_simulator) by extension 'ignore'
[0.723s] Level 1:colcon.colcon_core.package_identification:_identify(src/crane_simulator) by extension 'ignore_ament_install'
[0.723s] Level 1:colcon.colcon_core.package_identification:_identify(src/crane_simulator) by extensions ['colcon_pkg']
[0.723s] Level 1:colcon.colcon_core.package_identification:_identify(src/crane_simulator) by extension 'colcon_pkg'
[0.723s] Level 1:colcon.colcon_core.package_identification:_identify(src/crane_simulator) by extensions ['colcon_meta']
[0.723s] Level 1:colcon.colcon_core.package_identification:_identify(src/crane_simulator) by extension 'colcon_meta'
[0.723s] Level 1:colcon.colcon_core.package_identification:_identify(src/crane_simulator) by extensions ['ros']
[0.723s] Level 1:colcon.colcon_core.package_identification:_identify(src/crane_simulator) by extension 'ros'
[0.724s] DEBUG:colcon.colcon_core.package_identification:Package 'src/crane_simulator' with type 'ros.ament_python' and name 'crane_simulator'
[0.724s] Level 1:colcon.colcon_core.package_identification:_identify(src/crane_visualization) by extensions ['ignore', 'ignore_ament_install']
[0.725s] Level 1:colcon.colcon_core.package_identification:_identify(src/crane_visualization) by extension 'ignore'
[0.725s] Level 1:colcon.colcon_core.package_identification:_identify(src/crane_visualization) by extension 'ignore_ament_install'
[0.725s] Level 1:colcon.colcon_core.package_identification:_identify(src/crane_visualization) by extensions ['colcon_pkg']
[0.725s] Level 1:colcon.colcon_core.package_identification:_identify(src/crane_visualization) by extension 'colcon_pkg'
[0.725s] Level 1:colcon.colcon_core.package_identification:_identify(src/crane_visualization) by extensions ['colcon_meta']
[0.725s] Level 1:colcon.colcon_core.package_identification:_identify(src/crane_visualization) by extension 'colcon_meta'
[0.725s] Level 1:colcon.colcon_core.package_identification:_identify(src/crane_visualization) by extensions ['ros']
[0.725s] Level 1:colcon.colcon_core.package_identification:_identify(src/crane_visualization) by extension 'ros'
[0.726s] DEBUG:colcon.colcon_core.package_identification:Package 'src/crane_visualization' with type 'ros.ament_cmake' and name 'crane_visualization'
[0.726s] Level 1:colcon.colcon_core.package_identification:_identify(src/joint_state_publisher) by extensions ['ignore', 'ignore_ament_install']
[0.727s] Level 1:colcon.colcon_core.package_identification:_identify(src/joint_state_publisher) by extension 'ignore'
[0.727s] Level 1:colcon.colcon_core.package_identification:_identify(src/joint_state_publisher) by extension 'ignore_ament_install'
[0.727s] Level 1:colcon.colcon_core.package_identification:_identify(src/joint_state_publisher) by extensions ['colcon_pkg']
[0.727s] Level 1:colcon.colcon_core.package_identification:_identify(src/joint_state_publisher) by extension 'colcon_pkg'
[0.727s] Level 1:colcon.colcon_core.package_identification:_identify(src/joint_state_publisher) by extensions ['colcon_meta']
[0.727s] Level 1:colcon.colcon_core.package_identification:_identify(src/joint_state_publisher) by extension 'colcon_meta'
[0.727s] Level 1:colcon.colcon_core.package_identification:_identify(src/joint_state_publisher) by extensions ['ros']
[0.727s] Level 1:colcon.colcon_core.package_identification:_identify(src/joint_state_publisher) by extension 'ros'
[0.728s] DEBUG:colcon.colcon_core.package_identification:Package 'src/joint_state_publisher' with type 'ros.ament_python' and name 'joint_state_publisher'
[0.728s] Level 1:colcon.colcon_core.package_identification:_identify(src/joint_state_publisher_gui) by extensions ['ignore', 'ignore_ament_install']
[0.729s] Level 1:colcon.colcon_core.package_identification:_identify(src/joint_state_publisher_gui) by extension 'ignore'
[0.729s] Level 1:colcon.colcon_core.package_identification:_identify(src/joint_state_publisher_gui) by extension 'ignore_ament_install'
[0.729s] Level 1:colcon.colcon_core.package_identification:_identify(src/joint_state_publisher_gui) by extensions ['colcon_pkg']
[0.729s] Level 1:colcon.colcon_core.package_identification:_identify(src/joint_state_publisher_gui) by extension 'colcon_pkg'
[0.729s] Level 1:colcon.colcon_core.package_identification:_identify(src/joint_state_publisher_gui) by extensions ['colcon_meta']
[0.729s] Level 1:colcon.colcon_core.package_identification:_identify(src/joint_state_publisher_gui) by extension 'colcon_meta'
[0.729s] Level 1:colcon.colcon_core.package_identification:_identify(src/joint_state_publisher_gui) by extensions ['ros']
[0.729s] Level 1:colcon.colcon_core.package_identification:_identify(src/joint_state_publisher_gui) by extension 'ros'
[0.730s] DEBUG:colcon.colcon_core.package_identification:Package 'src/joint_state_publisher_gui' with type 'ros.ament_python' and name 'joint_state_publisher_gui'
[0.730s] Level 1:colcon.colcon_core.package_identification:_identify(src/ros2-examples-ads) by extensions ['ignore', 'ignore_ament_install']
[0.731s] Level 1:colcon.colcon_core.package_identification:_identify(src/ros2-examples-ads) by extension 'ignore'
[0.731s] Level 1:colcon.colcon_core.package_identification:_identify(src/ros2-examples-ads) by extension 'ignore_ament_install'
[0.731s] Level 1:colcon.colcon_core.package_identification:_identify(src/ros2-examples-ads) by extensions ['colcon_pkg']
[0.731s] Level 1:colcon.colcon_core.package_identification:_identify(src/ros2-examples-ads) by extension 'colcon_pkg'
[0.731s] Level 1:colcon.colcon_core.package_identification:_identify(src/ros2-examples-ads) by extensions ['colcon_meta']
[0.731s] Level 1:colcon.colcon_core.package_identification:_identify(src/ros2-examples-ads) by extension 'colcon_meta'
[0.731s] Level 1:colcon.colcon_core.package_identification:_identify(src/ros2-examples-ads) by extensions ['ros']
[0.731s] Level 1:colcon.colcon_core.package_identification:_identify(src/ros2-examples-ads) by extension 'ros'
[0.731s] Level 1:colcon.colcon_core.package_identification:_identify(src/ros2-examples-ads) by extensions ['cmake', 'python']
[0.731s] Level 1:colcon.colcon_core.package_identification:_identify(src/ros2-examples-ads) by extension 'cmake'
[0.731s] Level 1:colcon.colcon_core.package_identification:_identify(src/ros2-examples-ads) by extension 'python'
[0.731s] Level 1:colcon.colcon_core.package_identification:_identify(src/ros2-examples-ads) by extensions ['python_setup_py']
[0.732s] Level 1:colcon.colcon_core.package_identification:_identify(src/ros2-examples-ads) by extension 'python_setup_py'
[0.732s] Level 1:colcon.colcon_core.package_identification:_identify(src/ros2-examples-ads/ADS) by extensions ['ignore', 'ignore_ament_install']
[0.732s] Level 1:colcon.colcon_core.package_identification:_identify(src/ros2-examples-ads/ADS) by extension 'ignore'
[0.732s] Level 1:colcon.colcon_core.package_identification:_identify(src/ros2-examples-ads/ADS) by extension 'ignore_ament_install'
[0.732s] Level 1:colcon.colcon_core.package_identification:_identify(src/ros2-examples-ads/ADS) by extensions ['colcon_pkg']
[0.732s] Level 1:colcon.colcon_core.package_identification:_identify(src/ros2-examples-ads/ADS) by extension 'colcon_pkg'
[0.732s] Level 1:colcon.colcon_core.package_identification:_identify(src/ros2-examples-ads/ADS) by extensions ['colcon_meta']
[0.732s] Level 1:colcon.colcon_core.package_identification:_identify(src/ros2-examples-ads/ADS) by extension 'colcon_meta'
[0.732s] Level 1:colcon.colcon_core.package_identification:_identify(src/ros2-examples-ads/ADS) by extensions ['ros']
[0.732s] Level 1:colcon.colcon_core.package_identification:_identify(src/ros2-examples-ads/ADS) by extension 'ros'
[0.733s] Level 1:colcon.colcon_core.package_identification:_identify(src/ros2-examples-ads/ADS) by extensions ['cmake', 'python']
[0.733s] Level 1:colcon.colcon_core.package_identification:_identify(src/ros2-examples-ads/ADS) by extension 'cmake'
[0.738s] Level 1:colcon.colcon_core.package_identification:_identify(src/ros2-examples-ads/ADS) by extension 'python'
[0.738s] DEBUG:colcon.colcon_core.package_identification:Package 'src/ros2-examples-ads/ADS' with type 'cmake' and name 'ads'
[0.739s] Level 1:colcon.colcon_core.package_identification:_identify(src/ros2-examples-ads/ads_example_cmake_no_ros2) by extensions ['ignore', 'ignore_ament_install']
[0.739s] Level 1:colcon.colcon_core.package_identification:_identify(src/ros2-examples-ads/ads_example_cmake_no_ros2) by extension 'ignore'
[0.739s] Level 1:colcon.colcon_core.package_identification:_identify(src/ros2-examples-ads/ads_example_cmake_no_ros2) by extension 'ignore_ament_install'
[0.739s] Level 1:colcon.colcon_core.package_identification:_identify(src/ros2-examples-ads/ads_example_cmake_no_ros2) by extensions ['colcon_pkg']
[0.739s] Level 1:colcon.colcon_core.package_identification:_identify(src/ros2-examples-ads/ads_example_cmake_no_ros2) by extension 'colcon_pkg'
[0.739s] Level 1:colcon.colcon_core.package_identification:_identify(src/ros2-examples-ads/ads_example_cmake_no_ros2) by extensions ['colcon_meta']
[0.739s] Level 1:colcon.colcon_core.package_identification:_identify(src/ros2-examples-ads/ads_example_cmake_no_ros2) by extension 'colcon_meta'
[0.739s] Level 1:colcon.colcon_core.package_identification:_identify(src/ros2-examples-ads/ads_example_cmake_no_ros2) by extensions ['ros']
[0.739s] Level 1:colcon.colcon_core.package_identification:_identify(src/ros2-examples-ads/ads_example_cmake_no_ros2) by extension 'ros'
[0.739s] Level 1:colcon.colcon_core.package_identification:_identify(src/ros2-examples-ads/ads_example_cmake_no_ros2) by extensions ['cmake', 'python']
[0.739s] Level 1:colcon.colcon_core.package_identification:_identify(src/ros2-examples-ads/ads_example_cmake_no_ros2) by extension 'cmake'
[0.740s] Level 1:colcon.colcon_core.package_identification:_identify(src/ros2-examples-ads/ads_example_cmake_no_ros2) by extension 'python'
[0.741s] DEBUG:colcon.colcon_core.package_identification:Package 'src/ros2-examples-ads/ads_example_cmake_no_ros2' with type 'cmake' and name 'ads_example'
[0.741s] Level 1:colcon.colcon_core.package_identification:_identify(src/ros2-examples-ads/ads_example_package) by extensions ['ignore', 'ignore_ament_install']
[0.741s] Level 1:colcon.colcon_core.package_identification:_identify(src/ros2-examples-ads/ads_example_package) by extension 'ignore'
[0.741s] Level 1:colcon.colcon_core.package_identification:_identify(src/ros2-examples-ads/ads_example_package) by extension 'ignore_ament_install'
[0.741s] Level 1:colcon.colcon_core.package_identification:_identify(src/ros2-examples-ads/ads_example_package) by extensions ['colcon_pkg']
[0.741s] Level 1:colcon.colcon_core.package_identification:_identify(src/ros2-examples-ads/ads_example_package) by extension 'colcon_pkg'
[0.741s] Level 1:colcon.colcon_core.package_identification:_identify(src/ros2-examples-ads/ads_example_package) by extensions ['colcon_meta']
[0.741s] Level 1:colcon.colcon_core.package_identification:_identify(src/ros2-examples-ads/ads_example_package) by extension 'colcon_meta'
[0.742s] Level 1:colcon.colcon_core.package_identification:_identify(src/ros2-examples-ads/ads_example_package) by extensions ['ros']
[0.742s] Level 1:colcon.colcon_core.package_identification:_identify(src/ros2-examples-ads/ads_example_package) by extension 'ros'
[0.744s] DEBUG:colcon.colcon_core.package_identification:Package 'src/ros2-examples-ads/ads_example_package' with type 'ros.ament_cmake' and name 'ads_example_package'
[0.744s] Level 1:colcon.colcon_core.package_identification:_identify(src/xacro-20230425T150624Z-001) by extensions ['ignore', 'ignore_ament_install']
[0.744s] Level 1:colcon.colcon_core.package_identification:_identify(src/xacro-20230425T150624Z-001) by extension 'ignore'
[0.744s] Level 1:colcon.colcon_core.package_identification:_identify(src/xacro-20230425T150624Z-001) by extension 'ignore_ament_install'
[0.744s] Level 1:colcon.colcon_core.package_identification:_identify(src/xacro-20230425T150624Z-001) by extensions ['colcon_pkg']
[0.744s] Level 1:colcon.colcon_core.package_identification:_identify(src/xacro-20230425T150624Z-001) by extension 'colcon_pkg'
[0.744s] Level 1:colcon.colcon_core.package_identification:_identify(src/xacro-20230425T150624Z-001) by extensions ['colcon_meta']
[0.744s] Level 1:colcon.colcon_core.package_identification:_identify(src/xacro-20230425T150624Z-001) by extension 'colcon_meta'
[0.745s] Level 1:colcon.colcon_core.package_identification:_identify(src/xacro-20230425T150624Z-001) by extensions ['ros']
[0.745s] Level 1:colcon.colcon_core.package_identification:_identify(src/xacro-20230425T150624Z-001) by extension 'ros'
[0.745s] Level 1:colcon.colcon_core.package_identification:_identify(src/xacro-20230425T150624Z-001) by extensions ['cmake', 'python']
[0.745s] Level 1:colcon.colcon_core.package_identification:_identify(src/xacro-20230425T150624Z-001) by extension 'cmake'
[0.745s] Level 1:colcon.colcon_core.package_identification:_identify(src/xacro-20230425T150624Z-001) by extension 'python'
[0.745s] Level 1:colcon.colcon_core.package_identification:_identify(src/xacro-20230425T150624Z-001) by extensions ['python_setup_py']
[0.745s] Level 1:colcon.colcon_core.package_identification:_identify(src/xacro-20230425T150624Z-001) by extension 'python_setup_py'
[0.745s] Level 1:colcon.colcon_core.package_identification:_identify(src/xacro-20230425T150624Z-001/xacro) by extensions ['ignore', 'ignore_ament_install']
[0.746s] Level 1:colcon.colcon_core.package_identification:_identify(src/xacro-20230425T150624Z-001/xacro) by extension 'ignore'
[0.746s] Level 1:colcon.colcon_core.package_identification:_identify(src/xacro-20230425T150624Z-001/xacro) by extension 'ignore_ament_install'
[0.746s] Level 1:colcon.colcon_core.package_identification:_identify(src/xacro-20230425T150624Z-001/xacro) by extensions ['colcon_pkg']
[0.746s] Level 1:colcon.colcon_core.package_identification:_identify(src/xacro-20230425T150624Z-001/xacro) by extension 'colcon_pkg'
[0.747s] Level 1:colcon.colcon_core.package_identification:_identify(src/xacro-20230425T150624Z-001/xacro) by extensions ['colcon_meta']
[0.747s] Level 1:colcon.colcon_core.package_identification:_identify(src/xacro-20230425T150624Z-001/xacro) by extension 'colcon_meta'
[0.747s] Level 1:colcon.colcon_core.package_identification:_identify(src/xacro-20230425T150624Z-001/xacro) by extensions ['ros']
[0.747s] Level 1:colcon.colcon_core.package_identification:_identify(src/xacro-20230425T150624Z-001/xacro) by extension 'ros'
[0.749s] DEBUG:colcon.colcon_core.package_identification:Package 'src/xacro-20230425T150624Z-001/xacro' with type 'ros.ament_cmake' and name 'xacro'
[0.750s] Level 1:colcon.colcon_core.package_discovery:discover_packages(recursive) using defaults
[0.750s] Level 1:colcon.colcon_core.package_discovery:discover_packages(ignore) discover
[0.750s] Level 1:colcon.colcon_core.package_discovery:discover_packages(ignore) using defaults
[0.750s] Level 1:colcon.colcon_core.package_discovery:discover_packages(path) discover
[0.750s] Level 1:colcon.colcon_core.package_discovery:discover_packages(path) using defaults
[0.790s] INFO:colcon.colcon_metadata.metadata.colcon_pkg:Updating descriptor of package 'src/xacro-20230425T150624Z-001/xacro' from colcon.pkg: {'hooks': ['share/xacro/environment/completion.bash']}
[0.794s] INFO:colcon.colcon_core.package_selection:Skipping not selected package 'ads' in 'src/ros2-examples-ads/ADS'
[0.795s] INFO:colcon.colcon_core.package_selection:Skipping not selected package 'ads_example' in 'src/ros2-examples-ads/ads_example_cmake_no_ros2'
[0.795s] INFO:colcon.colcon_core.package_selection:Skipping not selected package 'crane_interfaces' in 'src/crane_interfaces'
[0.795s] INFO:colcon.colcon_core.package_selection:Skipping not selected package 'joint_state_publisher' in 'src/joint_state_publisher'
[0.795s] INFO:colcon.colcon_core.package_selection:Skipping not selected package 'xacro' in 'src/xacro-20230425T150624Z-001/xacro'
[0.795s] INFO:colcon.colcon_core.package_selection:Skipping not selected package 'crane_controller' in 'src/crane_controller'
[0.795s] INFO:colcon.colcon_core.package_selection:Skipping not selected package 'crane_simulator' in 'src/crane_simulator'
[0.795s] INFO:colcon.colcon_core.package_selection:Skipping not selected package 'joint_state_publisher_gui' in 'src/joint_state_publisher_gui'
[0.795s] INFO:colcon.colcon_core.package_selection:Skipping not selected package 'crane_visualization' in 'src/crane_visualization'
[0.796s] Level 1:colcon.colcon_core.package_discovery:discover_packages(prefix_path) check parameters
[0.796s] Level 1:colcon.colcon_core.package_discovery:discover_packages(prefix_path) discover
[0.801s] DEBUG:colcon.colcon_installed_package_information.package_discovery:Found 10 installed packages in /home/nils/Desktop/oblig3_ws/install
[0.805s] DEBUG:colcon.colcon_installed_package_information.package_discovery:Found 270 installed packages in /opt/ros/humble
[0.810s] Level 1:colcon.colcon_core.package_discovery:discover_packages(prefix_path) using defaults
[0.961s] Level 5:colcon.colcon_core.verb:set package 'ads_example_package' build argument 'cmake_args' from command line to 'None'
[0.962s] Level 5:colcon.colcon_core.verb:set package 'ads_example_package' build argument 'cmake_target' from command line to 'None'
[0.962s] Level 5:colcon.colcon_core.verb:set package 'ads_example_package' build argument 'cmake_target_skip_unavailable' from command line to 'False'
[0.962s] Level 5:colcon.colcon_core.verb:set package 'ads_example_package' build argument 'cmake_clean_cache' from command line to 'False'
[0.962s] Level 5:colcon.colcon_core.verb:set package 'ads_example_package' build argument 'cmake_clean_first' from command line to 'False'
[0.962s] Level 5:colcon.colcon_core.verb:set package 'ads_example_package' build argument 'cmake_force_configure' from command line to 'False'
[0.962s] Level 5:colcon.colcon_core.verb:set package 'ads_example_package' build argument 'ament_cmake_args' from command line to 'None'
[0.962s] Level 5:colcon.colcon_core.verb:set package 'ads_example_package' build argument 'catkin_cmake_args' from command line to 'None'
[0.962s] Level 5:colcon.colcon_core.verb:set package 'ads_example_package' build argument 'catkin_skip_building_tests' from command line to 'False'
[0.962s] DEBUG:colcon.colcon_core.verb:Building package 'ads_example_package' with the following arguments: {'ament_cmake_args': None, 'build_base': '/home/nils/Desktop/oblig3_ws/build/ads_example_package', 'catkin_cmake_args': None, 'catkin_skip_building_tests': False, 'cmake_args': None, 'cmake_clean_cache': False, 'cmake_clean_first': False, 'cmake_force_configure': False, 'cmake_target': None, 'cmake_target_skip_unavailable': False, 'install_base': '/home/nils/Desktop/oblig3_ws/install/ads_example_package', 'merge_install': False, 'path': '/home/nils/Desktop/oblig3_ws/src/ros2-examples-ads/ads_example_package', 'symlink_install': False, 'test_result_base': None}
[0.963s] INFO:colcon.colcon_core.executor:Executing jobs using 'parallel' executor
[0.970s] DEBUG:colcon.colcon_parallel_executor.executor.parallel:run_until_complete
[0.971s] INFO:colcon.colcon_ros.task.ament_cmake.build:Building ROS package in '/home/nils/Desktop/oblig3_ws/src/ros2-examples-ads/ads_example_package' with build type 'ament_cmake'
[0.971s] INFO:colcon.colcon_cmake.task.cmake.build:Building CMake package in '/home/nils/Desktop/oblig3_ws/src/ros2-examples-ads/ads_example_package'
[0.979s] INFO:colcon.colcon_core.plugin_system:Skipping extension 'colcon_core.shell.bat': Not used on non-Windows systems
[0.979s] INFO:colcon.colcon_core.shell:Skip shell extension 'powershell' for command environment: Not usable outside of PowerShell
[0.980s] DEBUG:colcon.colcon_core.shell:Skip shell extension 'dsv' for command environment
[1.005s] DEBUG:colcon.colcon_core.event_handler.log_command:Invoking command in '/home/nils/Desktop/oblig3_ws/build/ads_example_package': CMAKE_PREFIX_PATH=/home/nils/Desktop/oblig3_ws/install/crane_interfaces:/home/nils/Desktop/oblig3_ws/install/xacro:/home/nils/Desktop/oblig3_ws/install/crane_visualization:/home/nils/Desktop/oblig3_ws/install/crane_controller:/home/nils/Desktop/oblig3_ws/install/ads_example_package:/opt/ros/humble:/home/nils/Desktop/oblig3_ws/install/joint_state_publisher_gui:/home/nils/Desktop/oblig3_ws/install/joint_state_publisher:/home/nils/Desktop/oblig3_ws/install/crane_simulator LD_LIBRARY_PATH=/home/nils/Desktop/oblig3_ws/install/crane_interfaces/lib:/opt/ros/humble/opt/rviz_ogre_vendor/lib:/opt/ros/humble/lib/x86_64-linux-gnu:/opt/ros/humble/lib /usr/bin/cmake --build /home/nils/Desktop/oblig3_ws/build/ads_example_package -- -j3 -l3
[7.288s] DEBUG:colcon.colcon_core.event_handler.log_command:Invoked command in '/home/nils/Desktop/oblig3_ws/build/ads_example_package' returned '2': CMAKE_PREFIX_PATH=/home/nils/Desktop/oblig3_ws/install/crane_interfaces:/home/nils/Desktop/oblig3_ws/install/xacro:/home/nils/Desktop/oblig3_ws/install/crane_visualization:/home/nils/Desktop/oblig3_ws/install/crane_controller:/home/nils/Desktop/oblig3_ws/install/ads_example_package:/opt/ros/humble:/home/nils/Desktop/oblig3_ws/install/joint_state_publisher_gui:/home/nils/Desktop/oblig3_ws/install/joint_state_publisher:/home/nils/Desktop/oblig3_ws/install/crane_simulator LD_LIBRARY_PATH=/home/nils/Desktop/oblig3_ws/install/crane_interfaces/lib:/opt/ros/humble/opt/rviz_ogre_vendor/lib:/opt/ros/humble/lib/x86_64-linux-gnu:/opt/ros/humble/lib /usr/bin/cmake --build /home/nils/Desktop/oblig3_ws/build/ads_example_package -- -j3 -l3
[7.349s] Level 1:colcon.colcon_core.environment:create_environment_scripts_only(ads_example_package)
[7.364s] Level 1:colcon.colcon_core.environment:checking '/home/nils/Desktop/oblig3_ws/install/ads_example_package' for CMake module files
[7.365s] Level 1:colcon.colcon_core.environment:checking '/home/nils/Desktop/oblig3_ws/install/ads_example_package' for CMake config files
[7.366s] Level 1:colcon.colcon_core.shell:create_environment_hook('ads_example_package', 'cmake_prefix_path')
[7.370s] INFO:colcon.colcon_core.shell:Creating environment hook '/home/nils/Desktop/oblig3_ws/install/ads_example_package/share/ads_example_package/hook/cmake_prefix_path.ps1'
[7.372s] INFO:colcon.colcon_core.shell:Creating environment descriptor '/home/nils/Desktop/oblig3_ws/install/ads_example_package/share/ads_example_package/hook/cmake_prefix_path.dsv'
[7.373s] INFO:colcon.colcon_core.shell:Creating environment hook '/home/nils/Desktop/oblig3_ws/install/ads_example_package/share/ads_example_package/hook/cmake_prefix_path.sh'
[7.375s] Level 1:colcon.colcon_core.environment:checking '/home/nils/Desktop/oblig3_ws/install/ads_example_package/lib'
[7.375s] Level 1:colcon.colcon_core.environment:checking '/home/nils/Desktop/oblig3_ws/install/ads_example_package/bin'
[7.375s] Level 1:colcon.colcon_core.environment:checking '/home/nils/Desktop/oblig3_ws/install/ads_example_package/lib/pkgconfig/ads_example_package.pc'
[7.376s] Level 1:colcon.colcon_core.environment:checking '/home/nils/Desktop/oblig3_ws/install/ads_example_package/lib/python3.10/site-packages'
[7.376s] Level 1:colcon.colcon_core.environment:checking '/home/nils/Desktop/oblig3_ws/install/ads_example_package/bin'
[7.379s] INFO:colcon.colcon_core.shell:Creating package script '/home/nils/Desktop/oblig3_ws/install/ads_example_package/share/ads_example_package/package.ps1'
[7.381s] INFO:colcon.colcon_core.shell:Creating package descriptor '/home/nils/Desktop/oblig3_ws/install/ads_example_package/share/ads_example_package/package.dsv'
[7.382s] INFO:colcon.colcon_core.shell:Creating package script '/home/nils/Desktop/oblig3_ws/install/ads_example_package/share/ads_example_package/package.sh'
[7.384s] INFO:colcon.colcon_core.shell:Creating package script '/home/nils/Desktop/oblig3_ws/install/ads_example_package/share/ads_example_package/package.bash'
[7.386s] INFO:colcon.colcon_core.shell:Creating package script '/home/nils/Desktop/oblig3_ws/install/ads_example_package/share/ads_example_package/package.zsh'
[7.387s] Level 1:colcon.colcon_core.environment:create_file_with_runtime_dependencies(/home/nils/Desktop/oblig3_ws/install/ads_example_package/share/colcon-core/packages/ads_example_package)
[7.398s] DEBUG:colcon.colcon_parallel_executor.executor.parallel:closing loop
[7.398s] DEBUG:colcon.colcon_parallel_executor.executor.parallel:loop closed
[7.399s] DEBUG:colcon.colcon_parallel_executor.executor.parallel:run_until_complete finished with '2'
[7.399s] DEBUG:colcon.colcon_core.event_reactor:joining thread
[7.407s] INFO:colcon.colcon_core.plugin_system:Skipping extension 'colcon_notification.desktop_notification.terminal_notifier': Not used on non-Darwin systems
[7.408s] INFO:colcon.colcon_core.plugin_system:Skipping extension 'colcon_notification.desktop_notification.win32': Not used on non-Windows systems
[7.408s] INFO:colcon.colcon_notification.desktop_notification:Sending desktop notification using 'notify2'
[7.430s] DEBUG:colcon.colcon_core.event_reactor:joined thread
[7.433s] INFO:colcon.colcon_core.shell:Creating prefix script '/home/nils/Desktop/oblig3_ws/install/local_setup.ps1'
[7.435s] INFO:colcon.colcon_core.shell:Creating prefix util module '/home/nils/Desktop/oblig3_ws/install/_local_setup_util_ps1.py'
[7.438s] INFO:colcon.colcon_core.shell:Creating prefix chain script '/home/nils/Desktop/oblig3_ws/install/setup.ps1'
[7.442s] INFO:colcon.colcon_core.shell:Creating prefix script '/home/nils/Desktop/oblig3_ws/install/local_setup.sh'
[7.443s] INFO:colcon.colcon_core.shell:Creating prefix util module '/home/nils/Desktop/oblig3_ws/install/_local_setup_util_sh.py'
[7.443s] INFO:colcon.colcon_core.shell:Creating prefix chain script '/home/nils/Desktop/oblig3_ws/install/setup.sh'
[7.448s] INFO:colcon.colcon_core.shell:Creating prefix script '/home/nils/Desktop/oblig3_ws/install/local_setup.bash'
[7.449s] INFO:colcon.colcon_core.shell:Creating prefix chain script '/home/nils/Desktop/oblig3_ws/install/setup.bash'
[7.453s] INFO:colcon.colcon_core.shell:Creating prefix script '/home/nils/Desktop/oblig3_ws/install/local_setup.zsh'
[7.454s] INFO:colcon.colcon_core.shell:Creating prefix chain script '/home/nils/Desktop/oblig3_ws/install/setup.zsh'
