running egg_info
creating ../../build/joint_state_publisher_gui/joint_state_publisher_gui.egg-info
writing ../../build/joint_state_publisher_gui/joint_state_publisher_gui.egg-info/PKG-INFO
writing dependency_links to ../../build/joint_state_publisher_gui/joint_state_publisher_gui.egg-info/dependency_links.txt
writing entry points to ../../build/joint_state_publisher_gui/joint_state_publisher_gui.egg-info/entry_points.txt
writing requirements to ../../build/joint_state_publisher_gui/joint_state_publisher_gui.egg-info/requires.txt
writing top-level names to ../../build/joint_state_publisher_gui/joint_state_publisher_gui.egg-info/top_level.txt
writing manifest file '../../build/joint_state_publisher_gui/joint_state_publisher_gui.egg-info/SOURCES.txt'
reading manifest file '../../build/joint_state_publisher_gui/joint_state_publisher_gui.egg-info/SOURCES.txt'
adding license file 'LICENSE'
writing manifest file '../../build/joint_state_publisher_gui/joint_state_publisher_gui.egg-info/SOURCES.txt'
running build
running build_py
creating /home/nils/Desktop/oblig3_ws/build/joint_state_publisher_gui/build
creating /home/nils/Desktop/oblig3_ws/build/joint_state_publisher_gui/build/lib
creating /home/nils/Desktop/oblig3_ws/build/joint_state_publisher_gui/build/lib/joint_state_publisher_gui
copying joint_state_publisher_gui/joint_state_publisher_gui.py -> /home/nils/Desktop/oblig3_ws/build/joint_state_publisher_gui/build/lib/joint_state_publisher_gui
copying joint_state_publisher_gui/__init__.py -> /home/nils/Desktop/oblig3_ws/build/joint_state_publisher_gui/build/lib/joint_state_publisher_gui
copying joint_state_publisher_gui/flow_layout.py -> /home/nils/Desktop/oblig3_ws/build/joint_state_publisher_gui/build/lib/joint_state_publisher_gui
running install
running install_lib
creating /home/nils/Desktop/oblig3_ws/install/joint_state_publisher_gui/lib/python3.10/site-packages/joint_state_publisher_gui
copying /home/nils/Desktop/oblig3_ws/build/joint_state_publisher_gui/build/lib/joint_state_publisher_gui/joint_state_publisher_gui.py -> /home/nils/Desktop/oblig3_ws/install/joint_state_publisher_gui/lib/python3.10/site-packages/joint_state_publisher_gui
copying /home/nils/Desktop/oblig3_ws/build/joint_state_publisher_gui/build/lib/joint_state_publisher_gui/__init__.py -> /home/nils/Desktop/oblig3_ws/install/joint_state_publisher_gui/lib/python3.10/site-packages/joint_state_publisher_gui
copying /home/nils/Desktop/oblig3_ws/build/joint_state_publisher_gui/build/lib/joint_state_publisher_gui/flow_layout.py -> /home/nils/Desktop/oblig3_ws/install/joint_state_publisher_gui/lib/python3.10/site-packages/joint_state_publisher_gui
byte-compiling /home/nils/Desktop/oblig3_ws/install/joint_state_publisher_gui/lib/python3.10/site-packages/joint_state_publisher_gui/joint_state_publisher_gui.py to joint_state_publisher_gui.cpython-310.pyc
byte-compiling /home/nils/Desktop/oblig3_ws/install/joint_state_publisher_gui/lib/python3.10/site-packages/joint_state_publisher_gui/__init__.py to __init__.cpython-310.pyc
byte-compiling /home/nils/Desktop/oblig3_ws/install/joint_state_publisher_gui/lib/python3.10/site-packages/joint_state_publisher_gui/flow_layout.py to flow_layout.cpython-310.pyc
running install_data
creating /home/nils/Desktop/oblig3_ws/install/joint_state_publisher_gui/share/ament_index
creating /home/nils/Desktop/oblig3_ws/install/joint_state_publisher_gui/share/ament_index/resource_index
creating /home/nils/Desktop/oblig3_ws/install/joint_state_publisher_gui/share/ament_index/resource_index/packages
copying resource/joint_state_publisher_gui -> /home/nils/Desktop/oblig3_ws/install/joint_state_publisher_gui/share/ament_index/resource_index/packages
copying package.xml -> /home/nils/Desktop/oblig3_ws/install/joint_state_publisher_gui/share/joint_state_publisher_gui
running install_egg_info
Copying ../../build/joint_state_publisher_gui/joint_state_publisher_gui.egg-info to /home/nils/Desktop/oblig3_ws/install/joint_state_publisher_gui/lib/python3.10/site-packages/joint_state_publisher_gui-2.3.0-py3.10.egg-info
running install_scripts
Installing joint_state_publisher_gui script to /home/nils/Desktop/oblig3_ws/install/joint_state_publisher_gui/lib/joint_state_publisher_gui
Installing state_publisher script to /home/nils/Desktop/oblig3_ws/install/joint_state_publisher_gui/lib/joint_state_publisher_gui
writing list of installed files to '/home/nils/Desktop/oblig3_ws/build/joint_state_publisher_gui/install.log'
