[1.915s] Invoking command in '/home/nils/Desktop/oblig3_ws/build/xacro': CMAKE_PREFIX_PATH=${CMAKE_PREFIX_PATH}:/opt/ros/humble:/home/nils/Desktop/oblig3_ws/install/joint_state_publisher_gui:/home/nils/Desktop/oblig3_ws/install/joint_state_publisher:/home/nils/Desktop/oblig3_ws/install/crane_simulator /usr/bin/cmake /home/nils/Desktop/oblig3_ws/src/xacro-20230425T150624Z-001/xacro -DCMAKE_INSTALL_PREFIX=/home/nils/Desktop/oblig3_ws/install/xacro
[2.355s] -- The C compiler identification is GNU 11.3.0
[2.703s] -- The CXX compiler identification is GNU 11.3.0
[2.767s] -- Detecting C compiler ABI info
[3.300s] -- Detecting C compiler ABI info - done
[3.456s] -- Check for working C compiler: /usr/bin/cc - skipped
[3.460s] -- Detecting C compile features
[3.475s] -- Detecting C compile features - done
[3.514s] -- Detecting CXX compiler ABI info
[4.271s] -- Detecting CXX compiler ABI info - done
[4.379s] -- Check for working CXX compiler: /usr/bin/c++ - skipped
[4.379s] -- Detecting CXX compile features
[4.379s] -- Detecting CXX compile features - done
[4.396s] -- Found ament_cmake: 1.3.3 (/opt/ros/humble/share/ament_cmake/cmake)
[5.239s] -- Found Python3: /usr/bin/python3.10 (found version "3.10.6") found components: Interpreter 
[6.144s] -- Found ament_lint_auto: 0.12.5 (/opt/ros/humble/share/ament_lint_auto/cmake)
[8.707s] -- Configuring done
[8.751s] -- Generating done
[8.767s] -- Build files have been written to: /home/nils/Desktop/oblig3_ws/build/xacro
[8.792s] Invoked command in '/home/nils/Desktop/oblig3_ws/build/xacro' returned '0': CMAKE_PREFIX_PATH=${CMAKE_PREFIX_PATH}:/opt/ros/humble:/home/nils/Desktop/oblig3_ws/install/joint_state_publisher_gui:/home/nils/Desktop/oblig3_ws/install/joint_state_publisher:/home/nils/Desktop/oblig3_ws/install/crane_simulator /usr/bin/cmake /home/nils/Desktop/oblig3_ws/src/xacro-20230425T150624Z-001/xacro -DCMAKE_INSTALL_PREFIX=/home/nils/Desktop/oblig3_ws/install/xacro
[8.793s] Invoking command in '/home/nils/Desktop/oblig3_ws/build/xacro': CMAKE_PREFIX_PATH=${CMAKE_PREFIX_PATH}:/opt/ros/humble:/home/nils/Desktop/oblig3_ws/install/joint_state_publisher_gui:/home/nils/Desktop/oblig3_ws/install/joint_state_publisher:/home/nils/Desktop/oblig3_ws/install/crane_simulator /usr/bin/cmake --build /home/nils/Desktop/oblig3_ws/build/xacro -- -j3 -l3
[9.013s] Built target ament_cmake_python_copy_xacro
[9.053s] Built target ament_cmake_python_copy_xacro_setup
[12.043s] running egg_info
[12.043s] creating xacro.egg-info
[12.044s] writing xacro.egg-info/PKG-INFO
[12.044s] writing dependency_links to xacro.egg-info/dependency_links.txt
[12.044s] writing entry points to xacro.egg-info/entry_points.txt
[12.044s] writing top-level names to xacro.egg-info/top_level.txt
[12.044s] writing manifest file 'xacro.egg-info/SOURCES.txt'
[12.054s] reading manifest file 'xacro.egg-info/SOURCES.txt'
[12.067s] writing manifest file 'xacro.egg-info/SOURCES.txt'
[12.314s] running install_scripts
[12.323s] Built target ament_cmake_python_build_xacro_egg
[12.427s] running egg_info
[12.434s] writing xacro.egg-info/PKG-INFO
[12.437s] writing dependency_links to xacro.egg-info/dependency_links.txt
[12.445s] writing entry points to xacro.egg-info/entry_points.txt
[12.445s] writing top-level names to xacro.egg-info/top_level.txt
[12.458s] reading manifest file 'xacro.egg-info/SOURCES.txt'
[12.463s] writing manifest file 'xacro.egg-info/SOURCES.txt'
[12.469s] Installing xacro script to scripts
[12.647s] Built target ament_cmake_python_build_xacro_scripts
[12.708s] Invoked command in '/home/nils/Desktop/oblig3_ws/build/xacro' returned '0': CMAKE_PREFIX_PATH=${CMAKE_PREFIX_PATH}:/opt/ros/humble:/home/nils/Desktop/oblig3_ws/install/joint_state_publisher_gui:/home/nils/Desktop/oblig3_ws/install/joint_state_publisher:/home/nils/Desktop/oblig3_ws/install/crane_simulator /usr/bin/cmake --build /home/nils/Desktop/oblig3_ws/build/xacro -- -j3 -l3
[13.152s] Invoking command in '/home/nils/Desktop/oblig3_ws/build/xacro': CMAKE_PREFIX_PATH=${CMAKE_PREFIX_PATH}:/opt/ros/humble:/home/nils/Desktop/oblig3_ws/install/joint_state_publisher_gui:/home/nils/Desktop/oblig3_ws/install/joint_state_publisher:/home/nils/Desktop/oblig3_ws/install/crane_simulator /usr/bin/cmake --install /home/nils/Desktop/oblig3_ws/build/xacro
[13.185s] -- Install configuration: ""
[13.188s] -- Installing: /home/nils/Desktop/oblig3_ws/install/xacro/share/xacro/environment/completion.bash
[13.189s] -- Installing: /home/nils/Desktop/oblig3_ws/install/xacro/share/xacro/environment/pythonpath.sh
[13.191s] -- Installing: /home/nils/Desktop/oblig3_ws/install/xacro/share/xacro/environment/pythonpath.dsv
[13.192s] -- Installing: /home/nils/Desktop/oblig3_ws/install/xacro/local/lib/python3.10/dist-packages/xacro-2.0.9-py3.10.egg-info
[13.194s] -- Installing: /home/nils/Desktop/oblig3_ws/install/xacro/local/lib/python3.10/dist-packages/xacro-2.0.9-py3.10.egg-info/top_level.txt
[13.197s] -- Installing: /home/nils/Desktop/oblig3_ws/install/xacro/local/lib/python3.10/dist-packages/xacro-2.0.9-py3.10.egg-info/SOURCES.txt
[13.197s] -- Installing: /home/nils/Desktop/oblig3_ws/install/xacro/local/lib/python3.10/dist-packages/xacro-2.0.9-py3.10.egg-info/dependency_links.txt
[13.199s] -- Installing: /home/nils/Desktop/oblig3_ws/install/xacro/local/lib/python3.10/dist-packages/xacro-2.0.9-py3.10.egg-info/PKG-INFO
[13.201s] -- Installing: /home/nils/Desktop/oblig3_ws/install/xacro/local/lib/python3.10/dist-packages/xacro-2.0.9-py3.10.egg-info/entry_points.txt
[13.202s] -- Installing: /home/nils/Desktop/oblig3_ws/install/xacro/lib/xacro/
[13.202s] -- Installing: /home/nils/Desktop/oblig3_ws/install/xacro/lib/xacro//xacro
[13.204s] -- Installing: /home/nils/Desktop/oblig3_ws/install/xacro/local/lib/python3.10/dist-packages/xacro
[13.212s] -- Installing: /home/nils/Desktop/oblig3_ws/install/xacro/local/lib/python3.10/dist-packages/xacro/substitution_args.py
[13.212s] -- Installing: /home/nils/Desktop/oblig3_ws/install/xacro/local/lib/python3.10/dist-packages/xacro/cli.py
[13.212s] -- Installing: /home/nils/Desktop/oblig3_ws/install/xacro/local/lib/python3.10/dist-packages/xacro/color.py
[13.213s] -- Installing: /home/nils/Desktop/oblig3_ws/install/xacro/local/lib/python3.10/dist-packages/xacro/__init__.py
[13.213s] -- Installing: /home/nils/Desktop/oblig3_ws/install/xacro/local/lib/python3.10/dist-packages/xacro/xmlutils.py
[13.744s] Listing '/home/nils/Desktop/oblig3_ws/install/xacro/local/lib/python3.10/dist-packages/xacro'...
[13.744s] Compiling '/home/nils/Desktop/oblig3_ws/install/xacro/local/lib/python3.10/dist-packages/xacro/__init__.py'...
[13.744s] Compiling '/home/nils/Desktop/oblig3_ws/install/xacro/local/lib/python3.10/dist-packages/xacro/cli.py'...
[13.745s] Compiling '/home/nils/Desktop/oblig3_ws/install/xacro/local/lib/python3.10/dist-packages/xacro/color.py'...
[13.745s] Compiling '/home/nils/Desktop/oblig3_ws/install/xacro/local/lib/python3.10/dist-packages/xacro/substitution_args.py'...
[13.745s] Compiling '/home/nils/Desktop/oblig3_ws/install/xacro/local/lib/python3.10/dist-packages/xacro/xmlutils.py'...
[13.784s] -- Installing: /home/nils/Desktop/oblig3_ws/install/xacro/bin/
[13.784s] -- Installing: /home/nils/Desktop/oblig3_ws/install/xacro/bin//xacro
[13.785s] -- Installing: /home/nils/Desktop/oblig3_ws/install/xacro/share/ament_index/resource_index/package_run_dependencies/xacro
[13.785s] -- Installing: /home/nils/Desktop/oblig3_ws/install/xacro/share/ament_index/resource_index/parent_prefix_path/xacro
[13.786s] -- Installing: /home/nils/Desktop/oblig3_ws/install/xacro/share/xacro/environment/ament_prefix_path.sh
[13.786s] -- Installing: /home/nils/Desktop/oblig3_ws/install/xacro/share/xacro/environment/ament_prefix_path.dsv
[13.786s] -- Installing: /home/nils/Desktop/oblig3_ws/install/xacro/share/xacro/environment/path.sh
[13.786s] -- Installing: /home/nils/Desktop/oblig3_ws/install/xacro/share/xacro/environment/path.dsv
[13.787s] -- Installing: /home/nils/Desktop/oblig3_ws/install/xacro/share/xacro/local_setup.bash
[13.787s] -- Installing: /home/nils/Desktop/oblig3_ws/install/xacro/share/xacro/local_setup.sh
[13.788s] -- Installing: /home/nils/Desktop/oblig3_ws/install/xacro/share/xacro/local_setup.zsh
[13.788s] -- Installing: /home/nils/Desktop/oblig3_ws/install/xacro/share/xacro/local_setup.dsv
[13.788s] -- Installing: /home/nils/Desktop/oblig3_ws/install/xacro/share/xacro/package.dsv
[13.789s] -- Installing: /home/nils/Desktop/oblig3_ws/install/xacro/share/ament_index/resource_index/packages/xacro
[13.789s] -- Installing: /home/nils/Desktop/oblig3_ws/install/xacro/share/xacro/cmake/xacro-extras.cmake
[13.790s] -- Installing: /home/nils/Desktop/oblig3_ws/install/xacro/share/xacro/cmake/xacroConfig.cmake
[13.790s] -- Installing: /home/nils/Desktop/oblig3_ws/install/xacro/share/xacro/cmake/xacroConfig-version.cmake
[13.795s] -- Installing: /home/nils/Desktop/oblig3_ws/install/xacro/share/xacro/package.xml
[13.809s] Invoked command in '/home/nils/Desktop/oblig3_ws/build/xacro' returned '0': CMAKE_PREFIX_PATH=${CMAKE_PREFIX_PATH}:/opt/ros/humble:/home/nils/Desktop/oblig3_ws/install/joint_state_publisher_gui:/home/nils/Desktop/oblig3_ws/install/joint_state_publisher:/home/nils/Desktop/oblig3_ws/install/crane_simulator /usr/bin/cmake --install /home/nils/Desktop/oblig3_ws/build/xacro
