[0.142s] Invoking command in '/home/nils/Desktop/oblig3_ws/build/crane_visualization': AMENT_PREFIX_PATH=/home/nils/Desktop/oblig3_ws/install/joint_state_publisher_gui:/home/nils/Desktop/oblig3_ws/install/joint_state_publisher:/home/nils/Desktop/oblig3_ws/install/xacro:/opt/ros/humble:/home/nils/Desktop/oblig3_ws/install/crane_visualization:/home/nils/Desktop/oblig3_ws/install/crane_simulator:/home/nils/Desktop/oblig3_ws/install/crane_controller:/home/nils/Desktop/oblig3_ws/install/crane_interfaces:/home/nils/Desktop/oblig3_ws/install/ads_example_package CMAKE_PREFIX_PATH=${CMAKE_PREFIX_PATH}:/opt/ros/humble:/home/nils/Desktop/oblig3_ws/install/joint_state_publisher_gui:/home/nils/Desktop/oblig3_ws/install/joint_state_publisher:/home/nils/Desktop/oblig3_ws/install/crane_simulator PYTHONPATH=/home/nils/Desktop/oblig3_ws/install/joint_state_publisher_gui/lib/python3.10/site-packages:/home/nils/Desktop/oblig3_ws/install/joint_state_publisher/lib/python3.10/site-packages:/home/nils/Desktop/oblig3_ws/install/xacro/local/lib/python3.10/dist-packages:/opt/ros/humble/lib/python3.10/site-packages:/opt/ros/humble/local/lib/python3.10/dist-packages:/home/nils/Desktop/oblig3_ws/install/crane_simulator/lib/python3.10/site-packages:/home/nils/Desktop/oblig3_ws/install/crane_interfaces/local/lib/python3.10/dist-packages /usr/bin/cmake /home/nils/Desktop/oblig3_ws/src/crane_visualization -DCMAKE_INSTALL_PREFIX=/home/nils/Desktop/oblig3_ws/install/crane_visualization
[0.482s] -- The C compiler identification is GNU 11.3.0
[0.816s] -- The CXX compiler identification is GNU 11.3.0
[0.863s] -- Detecting C compiler ABI info
[1.231s] -- Detecting C compiler ABI info - done
[1.303s] -- Check for working C compiler: /usr/bin/cc - skipped
[1.304s] -- Detecting C compile features
[1.304s] -- Detecting C compile features - done
[1.304s] -- Detecting CXX compiler ABI info
[1.707s] -- Detecting CXX compiler ABI info - done
[1.790s] -- Check for working CXX compiler: /usr/bin/c++ - skipped
[1.790s] -- Detecting CXX compile features
[1.790s] -- Detecting CXX compile features - done
[1.798s] -- Found ament_cmake: 1.3.3 (/opt/ros/humble/share/ament_cmake/cmake)
[2.660s] -- Found Python3: /usr/bin/python3.10 (found version "3.10.6") found components: Interpreter 
[3.120s] -- Found ament_lint_auto: 0.12.5 (/opt/ros/humble/share/ament_lint_auto/cmake)
[3.318s] -- Added test 'copyright' to check source files copyright and LICENSE
[3.320s] -- Added test 'flake8' to check Python code syntax and style conventions
[3.330s] -- Added test 'lint_cmake' to check CMake code style
[3.346s] -- Added test 'pep257' to check Python code against some of the docstring style conventions in PEP 257
[3.358s] -- Added test 'xmllint' to check XML markup files
[3.367s] -- Configuring done
[3.386s] -- Generating done
[3.386s] -- Build files have been written to: /home/nils/Desktop/oblig3_ws/build/crane_visualization
[3.415s] Invoked command in '/home/nils/Desktop/oblig3_ws/build/crane_visualization' returned '0': AMENT_PREFIX_PATH=/home/nils/Desktop/oblig3_ws/install/joint_state_publisher_gui:/home/nils/Desktop/oblig3_ws/install/joint_state_publisher:/home/nils/Desktop/oblig3_ws/install/xacro:/opt/ros/humble:/home/nils/Desktop/oblig3_ws/install/crane_visualization:/home/nils/Desktop/oblig3_ws/install/crane_simulator:/home/nils/Desktop/oblig3_ws/install/crane_controller:/home/nils/Desktop/oblig3_ws/install/crane_interfaces:/home/nils/Desktop/oblig3_ws/install/ads_example_package CMAKE_PREFIX_PATH=${CMAKE_PREFIX_PATH}:/opt/ros/humble:/home/nils/Desktop/oblig3_ws/install/joint_state_publisher_gui:/home/nils/Desktop/oblig3_ws/install/joint_state_publisher:/home/nils/Desktop/oblig3_ws/install/crane_simulator PYTHONPATH=/home/nils/Desktop/oblig3_ws/install/joint_state_publisher_gui/lib/python3.10/site-packages:/home/nils/Desktop/oblig3_ws/install/joint_state_publisher/lib/python3.10/site-packages:/home/nils/Desktop/oblig3_ws/install/xacro/local/lib/python3.10/dist-packages:/opt/ros/humble/lib/python3.10/site-packages:/opt/ros/humble/local/lib/python3.10/dist-packages:/home/nils/Desktop/oblig3_ws/install/crane_simulator/lib/python3.10/site-packages:/home/nils/Desktop/oblig3_ws/install/crane_interfaces/local/lib/python3.10/dist-packages /usr/bin/cmake /home/nils/Desktop/oblig3_ws/src/crane_visualization -DCMAKE_INSTALL_PREFIX=/home/nils/Desktop/oblig3_ws/install/crane_visualization
[3.416s] Invoking command in '/home/nils/Desktop/oblig3_ws/build/crane_visualization': AMENT_PREFIX_PATH=/home/nils/Desktop/oblig3_ws/install/joint_state_publisher_gui:/home/nils/Desktop/oblig3_ws/install/joint_state_publisher:/home/nils/Desktop/oblig3_ws/install/xacro:/opt/ros/humble:/home/nils/Desktop/oblig3_ws/install/crane_visualization:/home/nils/Desktop/oblig3_ws/install/crane_simulator:/home/nils/Desktop/oblig3_ws/install/crane_controller:/home/nils/Desktop/oblig3_ws/install/crane_interfaces:/home/nils/Desktop/oblig3_ws/install/ads_example_package CMAKE_PREFIX_PATH=${CMAKE_PREFIX_PATH}:/opt/ros/humble:/home/nils/Desktop/oblig3_ws/install/joint_state_publisher_gui:/home/nils/Desktop/oblig3_ws/install/joint_state_publisher:/home/nils/Desktop/oblig3_ws/install/crane_simulator PYTHONPATH=/home/nils/Desktop/oblig3_ws/install/joint_state_publisher_gui/lib/python3.10/site-packages:/home/nils/Desktop/oblig3_ws/install/joint_state_publisher/lib/python3.10/site-packages:/home/nils/Desktop/oblig3_ws/install/xacro/local/lib/python3.10/dist-packages:/opt/ros/humble/lib/python3.10/site-packages:/opt/ros/humble/local/lib/python3.10/dist-packages:/home/nils/Desktop/oblig3_ws/install/crane_simulator/lib/python3.10/site-packages:/home/nils/Desktop/oblig3_ws/install/crane_interfaces/local/lib/python3.10/dist-packages /usr/bin/cmake --build /home/nils/Desktop/oblig3_ws/build/crane_visualization -- -j3 -l3
[3.571s] Invoked command in '/home/nils/Desktop/oblig3_ws/build/crane_visualization' returned '0': AMENT_PREFIX_PATH=/home/nils/Desktop/oblig3_ws/install/joint_state_publisher_gui:/home/nils/Desktop/oblig3_ws/install/joint_state_publisher:/home/nils/Desktop/oblig3_ws/install/xacro:/opt/ros/humble:/home/nils/Desktop/oblig3_ws/install/crane_visualization:/home/nils/Desktop/oblig3_ws/install/crane_simulator:/home/nils/Desktop/oblig3_ws/install/crane_controller:/home/nils/Desktop/oblig3_ws/install/crane_interfaces:/home/nils/Desktop/oblig3_ws/install/ads_example_package CMAKE_PREFIX_PATH=${CMAKE_PREFIX_PATH}:/opt/ros/humble:/home/nils/Desktop/oblig3_ws/install/joint_state_publisher_gui:/home/nils/Desktop/oblig3_ws/install/joint_state_publisher:/home/nils/Desktop/oblig3_ws/install/crane_simulator PYTHONPATH=/home/nils/Desktop/oblig3_ws/install/joint_state_publisher_gui/lib/python3.10/site-packages:/home/nils/Desktop/oblig3_ws/install/joint_state_publisher/lib/python3.10/site-packages:/home/nils/Desktop/oblig3_ws/install/xacro/local/lib/python3.10/dist-packages:/opt/ros/humble/lib/python3.10/site-packages:/opt/ros/humble/local/lib/python3.10/dist-packages:/home/nils/Desktop/oblig3_ws/install/crane_simulator/lib/python3.10/site-packages:/home/nils/Desktop/oblig3_ws/install/crane_interfaces/local/lib/python3.10/dist-packages /usr/bin/cmake --build /home/nils/Desktop/oblig3_ws/build/crane_visualization -- -j3 -l3
[3.673s] Invoking command in '/home/nils/Desktop/oblig3_ws/build/crane_visualization': AMENT_PREFIX_PATH=/home/nils/Desktop/oblig3_ws/install/joint_state_publisher_gui:/home/nils/Desktop/oblig3_ws/install/joint_state_publisher:/home/nils/Desktop/oblig3_ws/install/xacro:/opt/ros/humble:/home/nils/Desktop/oblig3_ws/install/crane_visualization:/home/nils/Desktop/oblig3_ws/install/crane_simulator:/home/nils/Desktop/oblig3_ws/install/crane_controller:/home/nils/Desktop/oblig3_ws/install/crane_interfaces:/home/nils/Desktop/oblig3_ws/install/ads_example_package CMAKE_PREFIX_PATH=${CMAKE_PREFIX_PATH}:/opt/ros/humble:/home/nils/Desktop/oblig3_ws/install/joint_state_publisher_gui:/home/nils/Desktop/oblig3_ws/install/joint_state_publisher:/home/nils/Desktop/oblig3_ws/install/crane_simulator PYTHONPATH=/home/nils/Desktop/oblig3_ws/install/joint_state_publisher_gui/lib/python3.10/site-packages:/home/nils/Desktop/oblig3_ws/install/joint_state_publisher/lib/python3.10/site-packages:/home/nils/Desktop/oblig3_ws/install/xacro/local/lib/python3.10/dist-packages:/opt/ros/humble/lib/python3.10/site-packages:/opt/ros/humble/local/lib/python3.10/dist-packages:/home/nils/Desktop/oblig3_ws/install/crane_simulator/lib/python3.10/site-packages:/home/nils/Desktop/oblig3_ws/install/crane_interfaces/local/lib/python3.10/dist-packages /usr/bin/cmake --install /home/nils/Desktop/oblig3_ws/build/crane_visualization
[3.686s] -- Install configuration: ""
[3.686s] -- Installing: /home/nils/Desktop/oblig3_ws/install/crane_visualization/share/crane_visualization/launch
[3.686s] -- Installing: /home/nils/Desktop/oblig3_ws/install/crane_visualization/share/crane_visualization/launch/crane_visualization.launch.py
[3.687s] -- Installing: /home/nils/Desktop/oblig3_ws/install/crane_visualization/share/crane_visualization/meshes
[3.687s] -- Installing: /home/nils/Desktop/oblig3_ws/install/crane_visualization/share/crane_visualization/meshes/boom_URDF.STL
[3.687s] -- Installing: /home/nils/Desktop/oblig3_ws/install/crane_visualization/share/crane_visualization/meshes/frame_URDF.STL
[3.688s] -- Installing: /home/nils/Desktop/oblig3_ws/install/crane_visualization/share/crane_visualization/rviz
[3.688s] -- Installing: /home/nils/Desktop/oblig3_ws/install/crane_visualization/share/crane_visualization/rviz/urdf.rviz
[3.688s] -- Installing: /home/nils/Desktop/oblig3_ws/install/crane_visualization/share/crane_visualization/urdf
[3.688s] -- Installing: /home/nils/Desktop/oblig3_ws/install/crane_visualization/share/crane_visualization/urdf/simple_green_crane.urdf
[3.688s] -- Installing: /home/nils/Desktop/oblig3_ws/install/crane_visualization/share/crane_visualization/urdf/green_crane.urdf
[3.689s] -- Installing: /home/nils/Desktop/oblig3_ws/install/crane_visualization/share/ament_index/resource_index/package_run_dependencies/crane_visualization
[3.689s] -- Installing: /home/nils/Desktop/oblig3_ws/install/crane_visualization/share/ament_index/resource_index/parent_prefix_path/crane_visualization
[3.689s] -- Installing: /home/nils/Desktop/oblig3_ws/install/crane_visualization/share/crane_visualization/environment/ament_prefix_path.sh
[3.689s] -- Installing: /home/nils/Desktop/oblig3_ws/install/crane_visualization/share/crane_visualization/environment/ament_prefix_path.dsv
[3.689s] -- Installing: /home/nils/Desktop/oblig3_ws/install/crane_visualization/share/crane_visualization/environment/path.sh
[3.690s] -- Installing: /home/nils/Desktop/oblig3_ws/install/crane_visualization/share/crane_visualization/environment/path.dsv
[3.690s] -- Installing: /home/nils/Desktop/oblig3_ws/install/crane_visualization/share/crane_visualization/local_setup.bash
[3.691s] -- Installing: /home/nils/Desktop/oblig3_ws/install/crane_visualization/share/crane_visualization/local_setup.sh
[3.691s] -- Installing: /home/nils/Desktop/oblig3_ws/install/crane_visualization/share/crane_visualization/local_setup.zsh
[3.691s] -- Installing: /home/nils/Desktop/oblig3_ws/install/crane_visualization/share/crane_visualization/local_setup.dsv
[3.692s] -- Installing: /home/nils/Desktop/oblig3_ws/install/crane_visualization/share/crane_visualization/package.dsv
[3.692s] -- Installing: /home/nils/Desktop/oblig3_ws/install/crane_visualization/share/ament_index/resource_index/packages/crane_visualization
[3.692s] -- Installing: /home/nils/Desktop/oblig3_ws/install/crane_visualization/share/crane_visualization/cmake/crane_visualizationConfig.cmake
[3.692s] -- Installing: /home/nils/Desktop/oblig3_ws/install/crane_visualization/share/crane_visualization/cmake/crane_visualizationConfig-version.cmake
[3.692s] -- Installing: /home/nils/Desktop/oblig3_ws/install/crane_visualization/share/crane_visualization/package.xml
[3.713s] Invoked command in '/home/nils/Desktop/oblig3_ws/build/crane_visualization' returned '0': AMENT_PREFIX_PATH=/home/nils/Desktop/oblig3_ws/install/joint_state_publisher_gui:/home/nils/Desktop/oblig3_ws/install/joint_state_publisher:/home/nils/Desktop/oblig3_ws/install/xacro:/opt/ros/humble:/home/nils/Desktop/oblig3_ws/install/crane_visualization:/home/nils/Desktop/oblig3_ws/install/crane_simulator:/home/nils/Desktop/oblig3_ws/install/crane_controller:/home/nils/Desktop/oblig3_ws/install/crane_interfaces:/home/nils/Desktop/oblig3_ws/install/ads_example_package CMAKE_PREFIX_PATH=${CMAKE_PREFIX_PATH}:/opt/ros/humble:/home/nils/Desktop/oblig3_ws/install/joint_state_publisher_gui:/home/nils/Desktop/oblig3_ws/install/joint_state_publisher:/home/nils/Desktop/oblig3_ws/install/crane_simulator PYTHONPATH=/home/nils/Desktop/oblig3_ws/install/joint_state_publisher_gui/lib/python3.10/site-packages:/home/nils/Desktop/oblig3_ws/install/joint_state_publisher/lib/python3.10/site-packages:/home/nils/Desktop/oblig3_ws/install/xacro/local/lib/python3.10/dist-packages:/opt/ros/humble/lib/python3.10/site-packages:/opt/ros/humble/local/lib/python3.10/dist-packages:/home/nils/Desktop/oblig3_ws/install/crane_simulator/lib/python3.10/site-packages:/home/nils/Desktop/oblig3_ws/install/crane_interfaces/local/lib/python3.10/dist-packages /usr/bin/cmake --install /home/nils/Desktop/oblig3_ws/build/crane_visualization
