[0.028s] Invoking command in '/home/nils/Desktop/oblig3_ws/build/ads_example_package': CMAKE_PREFIX_PATH=/home/nils/Desktop/oblig3_ws/install/crane_interfaces:/home/nils/Desktop/oblig3_ws/install/xacro:/home/nils/Desktop/oblig3_ws/install/crane_visualization:/home/nils/Desktop/oblig3_ws/install/crane_controller:/home/nils/Desktop/oblig3_ws/install/ads_example_package:/opt/ros/humble:/home/nils/Desktop/oblig3_ws/install/joint_state_publisher_gui:/home/nils/Desktop/oblig3_ws/install/joint_state_publisher:/home/nils/Desktop/oblig3_ws/install/crane_simulator LD_LIBRARY_PATH=/home/nils/Desktop/oblig3_ws/install/crane_interfaces/lib:/opt/ros/humble/opt/rviz_ogre_vendor/lib:/opt/ros/humble/lib/x86_64-linux-gnu:/opt/ros/humble/lib /usr/bin/cmake --build /home/nils/Desktop/oblig3_ws/build/ads_example_package -- -j3 -l3
[0.120s] [35m[1mConsolidate compiler generated dependencies of target ads_node[0m
[0.167s] [ 50%] [32mBuilding CXX object CMakeFiles/ads_node.dir/src/ads_node.cpp.o[0m
[8.662s] [100%] [32m[1mLinking CXX executable ads_node[0m
[9.050s] [100%] Built target ads_node
[9.074s] Invoked command in '/home/nils/Desktop/oblig3_ws/build/ads_example_package' returned '0': CMAKE_PREFIX_PATH=/home/nils/Desktop/oblig3_ws/install/crane_interfaces:/home/nils/Desktop/oblig3_ws/install/xacro:/home/nils/Desktop/oblig3_ws/install/crane_visualization:/home/nils/Desktop/oblig3_ws/install/crane_controller:/home/nils/Desktop/oblig3_ws/install/ads_example_package:/opt/ros/humble:/home/nils/Desktop/oblig3_ws/install/joint_state_publisher_gui:/home/nils/Desktop/oblig3_ws/install/joint_state_publisher:/home/nils/Desktop/oblig3_ws/install/crane_simulator LD_LIBRARY_PATH=/home/nils/Desktop/oblig3_ws/install/crane_interfaces/lib:/opt/ros/humble/opt/rviz_ogre_vendor/lib:/opt/ros/humble/lib/x86_64-linux-gnu:/opt/ros/humble/lib /usr/bin/cmake --build /home/nils/Desktop/oblig3_ws/build/ads_example_package -- -j3 -l3
[9.134s] Invoking command in '/home/nils/Desktop/oblig3_ws/build/ads_example_package': CMAKE_PREFIX_PATH=/home/nils/Desktop/oblig3_ws/install/crane_interfaces:/home/nils/Desktop/oblig3_ws/install/xacro:/home/nils/Desktop/oblig3_ws/install/crane_visualization:/home/nils/Desktop/oblig3_ws/install/crane_controller:/home/nils/Desktop/oblig3_ws/install/ads_example_package:/opt/ros/humble:/home/nils/Desktop/oblig3_ws/install/joint_state_publisher_gui:/home/nils/Desktop/oblig3_ws/install/joint_state_publisher:/home/nils/Desktop/oblig3_ws/install/crane_simulator LD_LIBRARY_PATH=/home/nils/Desktop/oblig3_ws/install/crane_interfaces/lib:/opt/ros/humble/opt/rviz_ogre_vendor/lib:/opt/ros/humble/lib/x86_64-linux-gnu:/opt/ros/humble/lib /usr/bin/cmake --install /home/nils/Desktop/oblig3_ws/build/ads_example_package
[9.143s] -- Install configuration: ""
[9.148s] -- Installing: /home/nils/Desktop/oblig3_ws/install/ads_example_package/lib/ads_example_package/ads_node
[9.148s] -- Set runtime path of "/home/nils/Desktop/oblig3_ws/install/ads_example_package/lib/ads_example_package/ads_node" to ""
[9.148s] -- Up-to-date: /home/nils/Desktop/oblig3_ws/install/ads_example_package/share/ament_index/resource_index/package_run_dependencies/ads_example_package
[9.148s] -- Up-to-date: /home/nils/Desktop/oblig3_ws/install/ads_example_package/share/ament_index/resource_index/parent_prefix_path/ads_example_package
[9.148s] -- Up-to-date: /home/nils/Desktop/oblig3_ws/install/ads_example_package/share/ads_example_package/environment/ament_prefix_path.sh
[9.149s] -- Up-to-date: /home/nils/Desktop/oblig3_ws/install/ads_example_package/share/ads_example_package/environment/ament_prefix_path.dsv
[9.149s] -- Up-to-date: /home/nils/Desktop/oblig3_ws/install/ads_example_package/share/ads_example_package/environment/path.sh
[9.149s] -- Up-to-date: /home/nils/Desktop/oblig3_ws/install/ads_example_package/share/ads_example_package/environment/path.dsv
[9.149s] -- Up-to-date: /home/nils/Desktop/oblig3_ws/install/ads_example_package/share/ads_example_package/local_setup.bash
[9.149s] -- Up-to-date: /home/nils/Desktop/oblig3_ws/install/ads_example_package/share/ads_example_package/local_setup.sh
[9.150s] -- Up-to-date: /home/nils/Desktop/oblig3_ws/install/ads_example_package/share/ads_example_package/local_setup.zsh
[9.150s] -- Up-to-date: /home/nils/Desktop/oblig3_ws/install/ads_example_package/share/ads_example_package/local_setup.dsv
[9.151s] -- Installing: /home/nils/Desktop/oblig3_ws/install/ads_example_package/share/ads_example_package/package.dsv
[9.151s] -- Up-to-date: /home/nils/Desktop/oblig3_ws/install/ads_example_package/share/ament_index/resource_index/packages/ads_example_package
[9.151s] -- Up-to-date: /home/nils/Desktop/oblig3_ws/install/ads_example_package/share/ads_example_package/cmake/ads_example_packageConfig.cmake
[9.152s] -- Up-to-date: /home/nils/Desktop/oblig3_ws/install/ads_example_package/share/ads_example_package/cmake/ads_example_packageConfig-version.cmake
[9.152s] -- Up-to-date: /home/nils/Desktop/oblig3_ws/install/ads_example_package/share/ads_example_package/package.xml
[9.152s] Invoked command in '/home/nils/Desktop/oblig3_ws/build/ads_example_package' returned '0': CMAKE_PREFIX_PATH=/home/nils/Desktop/oblig3_ws/install/crane_interfaces:/home/nils/Desktop/oblig3_ws/install/xacro:/home/nils/Desktop/oblig3_ws/install/crane_visualization:/home/nils/Desktop/oblig3_ws/install/crane_controller:/home/nils/Desktop/oblig3_ws/install/ads_example_package:/opt/ros/humble:/home/nils/Desktop/oblig3_ws/install/joint_state_publisher_gui:/home/nils/Desktop/oblig3_ws/install/joint_state_publisher:/home/nils/Desktop/oblig3_ws/install/crane_simulator LD_LIBRARY_PATH=/home/nils/Desktop/oblig3_ws/install/crane_interfaces/lib:/opt/ros/humble/opt/rviz_ogre_vendor/lib:/opt/ros/humble/lib/x86_64-linux-gnu:/opt/ros/humble/lib /usr/bin/cmake --install /home/nils/Desktop/oblig3_ws/build/ads_example_package
